<?xml version="1.0" encoding="UTF-8" standalone="no"?>
<!DOCTYPE log SYSTEM "logger.dtd">
<log>
<record>
  <date>2019-10-17T10:45:15</date>
  <millis>1571289315082</millis>
  <sequence>0</sequence>
  <level>START</level>
  <class>com.kms.katalon.core.logging.XmlKeywordLogger</class>
  <method>startSuite</method>
  <thread>1</thread>
  <message>Start Test Suite : Test Suites/UI Suits/Regression Images</message>
  <nestedLevel>0</nestedLevel>
  <property name="name">Regression Images</property>
  <property name="description"></property>
  <property name="id">Test Suites/UI Suits/Regression Images</property>
</record>
<record>
  <date>2019-10-17T10:45:15</date>
  <millis>1571289315105</millis>
  <sequence>1</sequence>
  <level>RUN_DATA</level>
  <class>com.kms.katalon.core.logging.XmlKeywordLogger</class>
  <method>logMessage</method>
  <thread>1</thread>
  <message>hostName = Dell - DESKTOP-A4R0EHC</message>
  <nestedLevel>0</nestedLevel>
  <property name="hostName">Dell - DESKTOP-A4R0EHC</property>
</record>
<record>
  <date>2019-10-17T10:45:15</date>
  <millis>1571289315106</millis>
  <sequence>2</sequence>
  <level>RUN_DATA</level>
  <class>com.kms.katalon.core.logging.XmlKeywordLogger</class>
  <method>logMessage</method>
  <thread>1</thread>
  <message>os = Windows 10 64bit</message>
  <nestedLevel>0</nestedLevel>
  <property name="os">Windows 10 64bit</property>
</record>
<record>
  <date>2019-10-17T10:45:15</date>
  <millis>1571289315107</millis>
  <sequence>3</sequence>
  <level>RUN_DATA</level>
  <class>com.kms.katalon.core.logging.XmlKeywordLogger</class>
  <method>logMessage</method>
  <thread>1</thread>
  <message>hostAddress = 192.168.0.110</message>
  <nestedLevel>0</nestedLevel>
  <property name="hostAddress">192.168.0.110</property>
</record>
<record>
  <date>2019-10-17T10:45:15</date>
  <millis>1571289315109</millis>
  <sequence>4</sequence>
  <level>RUN_DATA</level>
  <class>com.kms.katalon.core.logging.XmlKeywordLogger</class>
  <method>logMessage</method>
  <thread>1</thread>
  <message>katalonVersion = 6.3.3.11</message>
  <nestedLevel>0</nestedLevel>
  <property name="katalonVersion">6.3.3.11</property>
</record>
<record>
  <date>2019-10-17T10:45:15</date>
  <millis>1571289315667</millis>
  <sequence>5</sequence>
  <level>START</level>
  <class>com.kms.katalon.core.logging.XmlKeywordLogger</class>
  <method>startTest</method>
  <thread>1</thread>
  <message>Start Test Case : Test Cases/UI Test Scenarios/Modules/Login/GSM Login</message>
  <nestedLevel>1</nestedLevel>
  <property name="name">Test Cases/UI Test Scenarios/Modules/Login/GSM Login</property>
  <property name="description"></property>
  <property name="id">Test Cases/UI Test Scenarios/Modules/Login/GSM Login</property>
  <property name="source">C:\\Users\\Dell\\Katalon Studio\\1\\Test Cases\\UI Test Scenarios\\Modules\\Login\\GSM Login.tc</property>
  <property name="tag"></property>
  <property name="isOptional">false</property>
</record>
<record>
  <date>2019-10-17T10:45:15</date>
  <millis>1571289315730</millis>
  <sequence>7</sequence>
  <level>INFO</level>
  <class>com.kms.katalon.core.logging.XmlKeywordLogger</class>
  <method>logMessage</method>
  <thread>1</thread>
  <message>url = https://sandbox.gsm.auto/logout</message>
  <nestedLevel>1</nestedLevel>
</record>
<record>
  <date>2019-10-17T10:45:15</date>
  <millis>1571289315732</millis>
  <sequence>8</sequence>
  <level>INFO</level>
  <class>com.kms.katalon.core.logging.XmlKeywordLogger</class>
  <method>logMessage</method>
  <thread>1</thread>
  <message>username = sankaran@totient.co.in</message>
  <nestedLevel>1</nestedLevel>
</record>
<record>
  <date>2019-10-17T10:45:15</date>
  <millis>1571289315732</millis>
  <sequence>9</sequence>
  <level>INFO</level>
  <class>com.kms.katalon.core.logging.XmlKeywordLogger</class>
  <method>logMessage</method>
  <thread>1</thread>
  <message>password = sandbox85!</message>
  <nestedLevel>1</nestedLevel>
</record>
<record>
  <date>2019-10-17T10:45:16</date>
  <millis>1571289316150</millis>
  <sequence>10</sequence>
  <level>START</level>
  <class>com.kms.katalon.core.logging.XmlKeywordLogger</class>
  <method>startKeyword</method>
  <thread>1</thread>
  <message>Start action : openBrowser(\&amp;quot;\&amp;quot;)</message>
  <nestedLevel>1</nestedLevel>
  <property name="startLine">17</property>
  <property name="stepIndex">1</property>
</record>
<record>
  <date>2019-10-17T10:45:16</date>
  <millis>1571289316650</millis>
  <sequence>12</sequence>
  <level>INFO</level>
  <class>com.kms.katalon.core.logging.XmlKeywordLogger</class>
  <method>logMessage</method>
  <thread>1</thread>
  <message>Starting &amp;apos;Chrome&amp;apos; driver</message>
  <nestedLevel>1</nestedLevel>
</record>
<record>
  <date>2019-10-17T10:45:16</date>
  <millis>1571289316726</millis>
  <sequence>14</sequence>
  <level>INFO</level>
  <class>com.kms.katalon.core.logging.XmlKeywordLogger</class>
  <method>logMessage</method>
  <thread>1</thread>
  <message>Action delay is set to 2 seconds</message>
  <nestedLevel>1</nestedLevel>
</record>
<record>
  <date>2019-10-17T10:45:25</date>
  <millis>1571289325842</millis>
  <sequence>16</sequence>
  <level>RUN_DATA</level>
  <class>com.kms.katalon.core.logging.XmlKeywordLogger</class>
  <method>logMessage</method>
  <thread>1</thread>
  <message>sessionId = fd21c80c03580dd8cf1f2c8d4c687b40</message>
  <nestedLevel>1</nestedLevel>
  <property name="sessionId">fd21c80c03580dd8cf1f2c8d4c687b40</property>
</record>
<record>
  <date>2019-10-17T10:45:27</date>
  <millis>1571289327891</millis>
  <sequence>17</sequence>
  <level>RUN_DATA</level>
  <class>com.kms.katalon.core.logging.XmlKeywordLogger</class>
  <method>logMessage</method>
  <thread>1</thread>
  <message>browser = Chrome 77.0.3865.120</message>
  <nestedLevel>1</nestedLevel>
  <property name="browser">Chrome 77.0.3865.120</property>
</record>
<record>
  <date>2019-10-17T10:45:27</date>
  <millis>1571289327892</millis>
  <sequence>18</sequence>
  <level>RUN_DATA</level>
  <class>com.kms.katalon.core.logging.XmlKeywordLogger</class>
  <method>logMessage</method>
  <thread>1</thread>
  <message>platform = Windows 10</message>
  <nestedLevel>1</nestedLevel>
  <property name="platform">Windows 10</property>
</record>
<record>
  <date>2019-10-17T10:45:27</date>
  <millis>1571289327893</millis>
  <sequence>19</sequence>
  <level>RUN_DATA</level>
  <class>com.kms.katalon.core.logging.XmlKeywordLogger</class>
  <method>logMessage</method>
  <thread>1</thread>
  <message>seleniumVersion = 3.141.59</message>
  <nestedLevel>1</nestedLevel>
  <property name="seleniumVersion">3.141.59</property>
</record>
<record>
  <date>2019-10-17T10:45:27</date>
  <millis>1571289327894</millis>
  <sequence>20</sequence>
  <level>RUN_DATA</level>
  <class>com.kms.katalon.core.logging.XmlKeywordLogger</class>
  <method>logMessage</method>
  <thread>1</thread>
  <message>proxyInformation = ProxyInformation{proxyOption=NO_PROXY, proxyServerType=HTTP, password=, proxyServerAddress=, proxyServerPort=0}</message>
  <nestedLevel>1</nestedLevel>
  <property name="proxyInformation">ProxyInformation{proxyOption=NO_PROXY, proxyServerType=HTTP, password=, proxyServerAddress=, proxyServerPort=0}</property>
</record>
<record>
  <date>2019-10-17T10:45:27</date>
  <millis>1571289327894</millis>
  <sequence>21</sequence>
  <level>PASSED</level>
  <class>com.kms.katalon.core.logging.XmlKeywordLogger</class>
  <method>logMessage</method>
  <thread>1</thread>
  <message>Browser is opened with url: &amp;apos;&amp;apos;</message>
  <nestedLevel>1</nestedLevel>
</record>
<record>
  <date>2019-10-17T10:45:27</date>
  <millis>1571289327894</millis>
  <sequence>22</sequence>
  <level>END</level>
  <class>com.kms.katalon.core.logging.XmlKeywordLogger</class>
  <method>endKeyword</method>
  <thread>1</thread>
  <message>End action : openBrowser(\&amp;quot;\&amp;quot;)</message>
  <nestedLevel>1</nestedLevel>
</record>
<record>
  <date>2019-10-17T10:45:27</date>
  <millis>1571289327894</millis>
  <sequence>23</sequence>
  <level>START</level>
  <class>com.kms.katalon.core.logging.XmlKeywordLogger</class>
  <method>startKeyword</method>
  <thread>1</thread>
  <message>Start action : navigateToUrl(url)</message>
  <nestedLevel>1</nestedLevel>
  <property name="startLine">19</property>
  <property name="stepIndex">2</property>
</record>
<record>
  <date>2019-10-17T10:45:36</date>
  <millis>1571289336447</millis>
  <sequence>26</sequence>
  <level>PASSED</level>
  <class>com.kms.katalon.core.logging.XmlKeywordLogger</class>
  <method>logMessage</method>
  <thread>1</thread>
  <message>Navigate to &amp;apos;https://sandbox.gsm.auto/logout&amp;apos; successfully</message>
  <nestedLevel>1</nestedLevel>
</record>
<record>
  <date>2019-10-17T10:45:36</date>
  <millis>1571289336448</millis>
  <sequence>27</sequence>
  <level>END</level>
  <class>com.kms.katalon.core.logging.XmlKeywordLogger</class>
  <method>endKeyword</method>
  <thread>1</thread>
  <message>End action : navigateToUrl(url)</message>
  <nestedLevel>1</nestedLevel>
</record>
<record>
  <date>2019-10-17T10:45:36</date>
  <millis>1571289336449</millis>
  <sequence>28</sequence>
  <level>START</level>
  <class>com.kms.katalon.core.logging.XmlKeywordLogger</class>
  <method>startKeyword</method>
  <thread>1</thread>
  <message>Start action : maximizeWindow()</message>
  <nestedLevel>1</nestedLevel>
  <property name="startLine">21</property>
  <property name="stepIndex">3</property>
</record>
<record>
  <date>2019-10-17T10:45:42</date>
  <millis>1571289342614</millis>
  <sequence>30</sequence>
  <level>PASSED</level>
  <class>com.kms.katalon.core.logging.XmlKeywordLogger</class>
  <method>logMessage</method>
  <thread>1</thread>
  <message>Current window maximized</message>
  <nestedLevel>1</nestedLevel>
</record>
<record>
  <date>2019-10-17T10:45:42</date>
  <millis>1571289342614</millis>
  <sequence>31</sequence>
  <level>END</level>
  <class>com.kms.katalon.core.logging.XmlKeywordLogger</class>
  <method>endKeyword</method>
  <thread>1</thread>
  <message>End action : maximizeWindow()</message>
  <nestedLevel>1</nestedLevel>
</record>
<record>
  <date>2019-10-17T10:45:42</date>
  <millis>1571289342615</millis>
  <sequence>32</sequence>
  <level>START</level>
  <class>com.kms.katalon.core.logging.XmlKeywordLogger</class>
  <method>startKeyword</method>
  <thread>1</thread>
  <message>Start action : click(findTestObject(\&amp;quot;UI Test Scenarios/Modules/GSM Login/Page_GSM Portal/button_Log in\&amp;quot;))</message>
  <nestedLevel>1</nestedLevel>
  <property name="startLine">23</property>
  <property name="stepIndex">4</property>
</record>
<record>
  <date>2019-10-17T10:45:54</date>
  <millis>1571289354134</millis>
  <sequence>39</sequence>
  <level>PASSED</level>
  <class>com.kms.katalon.core.logging.XmlKeywordLogger</class>
  <method>logMessage</method>
  <thread>1</thread>
  <message>Object: &amp;apos;Object Repository/UI Test Scenarios/Modules/GSM Login/Page_GSM Portal/button_Log in&amp;apos; is clicked on</message>
  <nestedLevel>1</nestedLevel>
</record>
<record>
  <date>2019-10-17T10:45:54</date>
  <millis>1571289354135</millis>
  <sequence>40</sequence>
  <level>END</level>
  <class>com.kms.katalon.core.logging.XmlKeywordLogger</class>
  <method>endKeyword</method>
  <thread>1</thread>
  <message>End action : click(findTestObject(\&amp;quot;UI Test Scenarios/Modules/GSM Login/Page_GSM Portal/button_Log in\&amp;quot;))</message>
  <nestedLevel>1</nestedLevel>
</record>
<record>
  <date>2019-10-17T10:45:54</date>
  <millis>1571289354136</millis>
  <sequence>41</sequence>
  <level>START</level>
  <class>com.kms.katalon.core.logging.XmlKeywordLogger</class>
  <method>startKeyword</method>
  <thread>1</thread>
  <message>Start action : delay(3)</message>
  <nestedLevel>1</nestedLevel>
  <property name="startLine">25</property>
  <property name="stepIndex">5</property>
</record>
<record>
  <date>2019-10-17T10:45:57</date>
  <millis>1571289357189</millis>
  <sequence>43</sequence>
  <level>PASSED</level>
  <class>com.kms.katalon.core.logging.XmlKeywordLogger</class>
  <method>logMessage</method>
  <thread>1</thread>
  <message>Delayed 3 second(s)</message>
  <nestedLevel>1</nestedLevel>
</record>
<record>
  <date>2019-10-17T10:45:57</date>
  <millis>1571289357191</millis>
  <sequence>44</sequence>
  <level>END</level>
  <class>com.kms.katalon.core.logging.XmlKeywordLogger</class>
  <method>endKeyword</method>
  <thread>1</thread>
  <message>End action : delay(3)</message>
  <nestedLevel>1</nestedLevel>
</record>
<record>
  <date>2019-10-17T10:45:57</date>
  <millis>1571289357193</millis>
  <sequence>45</sequence>
  <level>START</level>
  <class>com.kms.katalon.core.logging.XmlKeywordLogger</class>
  <method>startKeyword</method>
  <thread>1</thread>
  <message>Start action : setText(findTestObject(\&amp;quot;UI Test Scenarios/Modules/GSM Login/Page_GSM Login/input_Email Address_email\&amp;quot;), username)</message>
  <nestedLevel>1</nestedLevel>
  <property name="startLine">27</property>
  <property name="stepIndex">6</property>
</record>
<record>
  <date>2019-10-17T10:46:03</date>
  <millis>1571289363967</millis>
  <sequence>54</sequence>
  <level>PASSED</level>
  <class>com.kms.katalon.core.logging.XmlKeywordLogger</class>
  <method>logMessage</method>
  <thread>1</thread>
  <message>Text &amp;apos;sankaran@totient.co.in&amp;apos; is set on object &amp;apos;Object Repository/UI Test Scenarios/Modules/GSM Login/Page_GSM Login/input_Email Address_email&amp;apos;</message>
  <nestedLevel>1</nestedLevel>
</record>
<record>
  <date>2019-10-17T10:46:03</date>
  <millis>1571289363968</millis>
  <sequence>55</sequence>
  <level>END</level>
  <class>com.kms.katalon.core.logging.XmlKeywordLogger</class>
  <method>endKeyword</method>
  <thread>1</thread>
  <message>End action : setText(findTestObject(\&amp;quot;UI Test Scenarios/Modules/GSM Login/Page_GSM Login/input_Email Address_email\&amp;quot;), username)</message>
  <nestedLevel>1</nestedLevel>
</record>
<record>
  <date>2019-10-17T10:46:03</date>
  <millis>1571289363968</millis>
  <sequence>56</sequence>
  <level>START</level>
  <class>com.kms.katalon.core.logging.XmlKeywordLogger</class>
  <method>startKeyword</method>
  <thread>1</thread>
  <message>Start action : delay(2)</message>
  <nestedLevel>1</nestedLevel>
  <property name="startLine">29</property>
  <property name="stepIndex">7</property>
</record>
<record>
  <date>2019-10-17T10:46:05</date>
  <millis>1571289365972</millis>
  <sequence>58</sequence>
  <level>PASSED</level>
  <class>com.kms.katalon.core.logging.XmlKeywordLogger</class>
  <method>logMessage</method>
  <thread>1</thread>
  <message>Delayed 2 second(s)</message>
  <nestedLevel>1</nestedLevel>
</record>
<record>
  <date>2019-10-17T10:46:05</date>
  <millis>1571289365974</millis>
  <sequence>59</sequence>
  <level>END</level>
  <class>com.kms.katalon.core.logging.XmlKeywordLogger</class>
  <method>endKeyword</method>
  <thread>1</thread>
  <message>End action : delay(2)</message>
  <nestedLevel>1</nestedLevel>
</record>
<record>
  <date>2019-10-17T10:46:05</date>
  <millis>1571289365975</millis>
  <sequence>60</sequence>
  <level>START</level>
  <class>com.kms.katalon.core.logging.XmlKeywordLogger</class>
  <method>startKeyword</method>
  <thread>1</thread>
  <message>Start action : setText(findTestObject(\&amp;quot;UI Test Scenarios/Modules/GSM Login/Page_GSM Login/input_Password_password\&amp;quot;), password)</message>
  <nestedLevel>1</nestedLevel>
  <property name="startLine">31</property>
  <property name="stepIndex">8</property>
</record>
<record>
  <date>2019-10-17T10:46:12</date>
  <millis>1571289372518</millis>
  <sequence>69</sequence>
  <level>PASSED</level>
  <class>com.kms.katalon.core.logging.XmlKeywordLogger</class>
  <method>logMessage</method>
  <thread>1</thread>
  <message>Text &amp;apos;sandbox85!&amp;apos; is set on object &amp;apos;Object Repository/UI Test Scenarios/Modules/GSM Login/Page_GSM Login/input_Password_password&amp;apos;</message>
  <nestedLevel>1</nestedLevel>
</record>
<record>
  <date>2019-10-17T10:46:12</date>
  <millis>1571289372519</millis>
  <sequence>70</sequence>
  <level>END</level>
  <class>com.kms.katalon.core.logging.XmlKeywordLogger</class>
  <method>endKeyword</method>
  <thread>1</thread>
  <message>End action : setText(findTestObject(\&amp;quot;UI Test Scenarios/Modules/GSM Login/Page_GSM Login/input_Password_password\&amp;quot;), password)</message>
  <nestedLevel>1</nestedLevel>
</record>
<record>
  <date>2019-10-17T10:46:12</date>
  <millis>1571289372520</millis>
  <sequence>71</sequence>
  <level>START</level>
  <class>com.kms.katalon.core.logging.XmlKeywordLogger</class>
  <method>startKeyword</method>
  <thread>1</thread>
  <message>Start action : click(findTestObject(\&amp;quot;UI Test Scenarios/Modules/GSM Login/Page_GSM Login/button_Log In\&amp;quot;))</message>
  <nestedLevel>1</nestedLevel>
  <property name="startLine">33</property>
  <property name="stepIndex">9</property>
</record>
<record>
  <date>2019-10-17T10:46:16</date>
  <millis>1571289376871</millis>
  <sequence>78</sequence>
  <level>PASSED</level>
  <class>com.kms.katalon.core.logging.XmlKeywordLogger</class>
  <method>logMessage</method>
  <thread>1</thread>
  <message>Object: &amp;apos;Object Repository/UI Test Scenarios/Modules/GSM Login/Page_GSM Login/button_Log In&amp;apos; is clicked on</message>
  <nestedLevel>1</nestedLevel>
</record>
<record>
  <date>2019-10-17T10:46:16</date>
  <millis>1571289376873</millis>
  <sequence>79</sequence>
  <level>END</level>
  <class>com.kms.katalon.core.logging.XmlKeywordLogger</class>
  <method>endKeyword</method>
  <thread>1</thread>
  <message>End action : click(findTestObject(\&amp;quot;UI Test Scenarios/Modules/GSM Login/Page_GSM Login/button_Log In\&amp;quot;))</message>
  <nestedLevel>1</nestedLevel>
</record>
<record>
  <date>2019-10-17T10:46:16</date>
  <millis>1571289376873</millis>
  <sequence>80</sequence>
  <level>START</level>
  <class>com.kms.katalon.core.logging.XmlKeywordLogger</class>
  <method>startKeyword</method>
  <thread>1</thread>
  <message>Start action : delay(5)</message>
  <nestedLevel>1</nestedLevel>
  <property name="startLine">35</property>
  <property name="stepIndex">10</property>
</record>
<record>
  <date>2019-10-17T10:46:21</date>
  <millis>1571289381879</millis>
  <sequence>82</sequence>
  <level>PASSED</level>
  <class>com.kms.katalon.core.logging.XmlKeywordLogger</class>
  <method>logMessage</method>
  <thread>1</thread>
  <message>Delayed 5 second(s)</message>
  <nestedLevel>1</nestedLevel>
</record>
<record>
  <date>2019-10-17T10:46:21</date>
  <millis>1571289381880</millis>
  <sequence>83</sequence>
  <level>END</level>
  <class>com.kms.katalon.core.logging.XmlKeywordLogger</class>
  <method>endKeyword</method>
  <thread>1</thread>
  <message>End action : delay(5)</message>
  <nestedLevel>1</nestedLevel>
</record>
<record>
  <date>2019-10-17T10:46:21</date>
  <millis>1571289381881</millis>
  <sequence>84</sequence>
  <level>START</level>
  <class>com.kms.katalon.core.logging.XmlKeywordLogger</class>
  <method>startKeyword</method>
  <thread>1</thread>
  <message>Start action : verifyElementText(findTestObject(\&amp;quot;UI Test Scenarios/Modules/GSM Login/div_Welcome Sankaran\&amp;quot;), \&amp;quot;Welcome, Sankaran\&amp;quot;)</message>
  <nestedLevel>1</nestedLevel>
  <property name="startLine">37</property>
  <property name="stepIndex">11</property>
</record>
<record>
  <date>2019-10-17T10:46:31</date>
  <millis>1571289391211</millis>
  <sequence>90</sequence>
  <level>PASSED</level>
  <class>com.kms.katalon.core.logging.XmlKeywordLogger</class>
  <method>logMessage</method>
  <thread>1</thread>
  <message>Actual text and expected text of test object &amp;apos;Object Repository/UI Test Scenarios/Modules/GSM Login/div_Welcome Sankaran&amp;apos; are matched.</message>
  <nestedLevel>1</nestedLevel>
</record>
<record>
  <date>2019-10-17T10:46:31</date>
  <millis>1571289391214</millis>
  <sequence>91</sequence>
  <level>END</level>
  <class>com.kms.katalon.core.logging.XmlKeywordLogger</class>
  <method>endKeyword</method>
  <thread>1</thread>
  <message>End action : verifyElementText(findTestObject(\&amp;quot;UI Test Scenarios/Modules/GSM Login/div_Welcome Sankaran\&amp;quot;), \&amp;quot;Welcome, Sankaran\&amp;quot;)</message>
  <nestedLevel>1</nestedLevel>
</record>
<record>
  <date>2019-10-17T10:46:31</date>
  <millis>1571289391214</millis>
  <sequence>92</sequence>
  <level>PASSED</level>
  <class>com.kms.katalon.core.logging.XmlKeywordLogger</class>
  <method>logMessage</method>
  <thread>1</thread>
  <message>Test Cases/UI Test Scenarios/Modules/Login/GSM Login</message>
  <nestedLevel>1</nestedLevel>
</record>
<record>
  <date>2019-10-17T10:46:31</date>
  <millis>1571289391214</millis>
  <sequence>93</sequence>
  <level>END</level>
  <class>com.kms.katalon.core.logging.XmlKeywordLogger</class>
  <method>endTest</method>
  <thread>1</thread>
  <message>End Test Case : Test Cases/UI Test Scenarios/Modules/Login/GSM Login</message>
  <nestedLevel>0</nestedLevel>
</record>
<record>
  <date>2019-10-17T10:46:31</date>
  <millis>1571289391214</millis>
  <sequence>94</sequence>
  <level>INFO</level>
  <class>com.kms.katalon.core.logging.XmlKeywordLogger</class>
  <method>logMessage</method>
  <thread>1</thread>
  <message>=================== Smart XPath Report =======================</message>
  <nestedLevel>0</nestedLevel>
</record>
<record>
  <date>2019-10-17T10:46:31</date>
  <millis>1571289391214</millis>
  <sequence>95</sequence>
  <level>INFO</level>
  <class>com.kms.katalon.core.logging.XmlKeywordLogger</class>
  <method>logMessage</method>
  <thread>1</thread>
  <message>Refer to the link below to preview and approve auto healing on broken test objects.</message>
  <nestedLevel>0</nestedLevel>
</record>
<record>
  <date>2019-10-17T10:46:31</date>
  <millis>1571289391221</millis>
  <sequence>96</sequence>
  <level>INFO</level>
  <class>com.kms.katalon.core.logging.XmlKeywordLogger</class>
  <method>logMessage</method>
  <thread>1</thread>
  <message>https://docs.katalon.com/katalon-studio/docs/auto-healing-smart-xpath.html</message>
  <nestedLevel>0</nestedLevel>
</record>
<record>
  <date>2019-10-17T10:46:31</date>
  <millis>1571289391223</millis>
  <sequence>97</sequence>
  <level>INFO</level>
  <class>com.kms.katalon.core.logging.XmlKeywordLogger</class>
  <method>logMessage</method>
  <thread>1</thread>
  <message>===============================================================</message>
  <nestedLevel>0</nestedLevel>
</record>
<record>
  <date>2019-10-17T10:46:31</date>
  <millis>1571289391239</millis>
  <sequence>98</sequence>
  <level>START</level>
  <class>com.kms.katalon.core.logging.XmlKeywordLogger</class>
  <method>startTest</method>
  <thread>1</thread>
  <message>Start Test Case : Test Cases/UI Test Scenarios/Modules/Content Management/IMAGES/Upload Image</message>
  <nestedLevel>1</nestedLevel>
  <property name="name">Test Cases/UI Test Scenarios/Modules/Content Management/IMAGES/Upload Image</property>
  <property name="description"></property>
  <property name="id">Test Cases/UI Test Scenarios/Modules/Content Management/IMAGES/Upload Image</property>
  <property name="source">C:\\Users\\Dell\\Katalon Studio\\1\\Test Cases\\UI Test Scenarios\\Modules\\Content Management\\IMAGES\\Upload Image.tc</property>
  <property name="tag"></property>
  <property name="isOptional">false</property>
</record>
<record>
  <date>2019-10-17T10:46:31</date>
  <millis>1571289391595</millis>
  <sequence>100</sequence>
  <level>START</level>
  <class>com.kms.katalon.core.logging.XmlKeywordLogger</class>
  <method>startKeyword</method>
  <thread>1</thread>
  <message>Start action : click(findTestObject(\&amp;quot;UI Test Scenarios/Modules/Content Management/IMAGES/Edit Image/Page_Dashboard/div_Content\&amp;quot;))</message>
  <nestedLevel>1</nestedLevel>
  <property name="startLine">17</property>
  <property name="stepIndex">1</property>
</record>
<record>
  <date>2019-10-17T10:46:31</date>
  <millis>1571289391595</millis>
  <sequence>101</sequence>
  <level>NOT_RUN</level>
  <class>com.kms.katalon.core.logging.XmlKeywordLogger</class>
  <method>logMessage</method>
  <thread>1</thread>
  <message>NOT_RUN: click(findTestObject(\&amp;quot;UI Test Scenarios/Modules/Content Management/IMAGES/Edit Image/Page_Dashboard/div_Content\&amp;quot;))</message>
  <nestedLevel>1</nestedLevel>
</record>
<record>
  <date>2019-10-17T10:46:31</date>
  <millis>1571289391598</millis>
  <sequence>102</sequence>
  <level>END</level>
  <class>com.kms.katalon.core.logging.XmlKeywordLogger</class>
  <method>endKeyword</method>
  <thread>1</thread>
  <message>End action : click(findTestObject(\&amp;quot;UI Test Scenarios/Modules/Content Management/IMAGES/Edit Image/Page_Dashboard/div_Content\&amp;quot;))</message>
  <nestedLevel>1</nestedLevel>
</record>
<record>
  <date>2019-10-17T10:46:31</date>
  <millis>1571289391599</millis>
  <sequence>103</sequence>
  <level>START</level>
  <class>com.kms.katalon.core.logging.XmlKeywordLogger</class>
  <method>startKeyword</method>
  <thread>1</thread>
  <message>Start action : click(findTestObject(\&amp;quot;UI Test Scenarios/Modules/Content Management/IMAGES/Edit Image/Page_Templates/a_Images\&amp;quot;))</message>
  <nestedLevel>1</nestedLevel>
  <property name="startLine">19</property>
  <property name="stepIndex">2</property>
</record>
<record>
  <date>2019-10-17T10:46:31</date>
  <millis>1571289391600</millis>
  <sequence>104</sequence>
  <level>NOT_RUN</level>
  <class>com.kms.katalon.core.logging.XmlKeywordLogger</class>
  <method>logMessage</method>
  <thread>1</thread>
  <message>NOT_RUN: click(findTestObject(\&amp;quot;UI Test Scenarios/Modules/Content Management/IMAGES/Edit Image/Page_Templates/a_Images\&amp;quot;))</message>
  <nestedLevel>1</nestedLevel>
</record>
<record>
  <date>2019-10-17T10:46:31</date>
  <millis>1571289391600</millis>
  <sequence>105</sequence>
  <level>END</level>
  <class>com.kms.katalon.core.logging.XmlKeywordLogger</class>
  <method>endKeyword</method>
  <thread>1</thread>
  <message>End action : click(findTestObject(\&amp;quot;UI Test Scenarios/Modules/Content Management/IMAGES/Edit Image/Page_Templates/a_Images\&amp;quot;))</message>
  <nestedLevel>1</nestedLevel>
</record>
<record>
  <date>2019-10-17T10:46:31</date>
  <millis>1571289391600</millis>
  <sequence>106</sequence>
  <level>START</level>
  <class>com.kms.katalon.core.logging.XmlKeywordLogger</class>
  <method>startKeyword</method>
  <thread>1</thread>
  <message>Start action : click(findTestObject(\&amp;quot;UI Test Scenarios/Modules/Content Management/IMAGES/Edit Image/Page_Images/a_Upload\&amp;quot;))</message>
  <nestedLevel>1</nestedLevel>
  <property name="startLine">21</property>
  <property name="stepIndex">3</property>
</record>
<record>
  <date>2019-10-17T10:46:31</date>
  <millis>1571289391600</millis>
  <sequence>107</sequence>
  <level>NOT_RUN</level>
  <class>com.kms.katalon.core.logging.XmlKeywordLogger</class>
  <method>logMessage</method>
  <thread>1</thread>
  <message>NOT_RUN: click(findTestObject(\&amp;quot;UI Test Scenarios/Modules/Content Management/IMAGES/Edit Image/Page_Images/a_Upload\&amp;quot;))</message>
  <nestedLevel>1</nestedLevel>
</record>
<record>
  <date>2019-10-17T10:46:31</date>
  <millis>1571289391600</millis>
  <sequence>108</sequence>
  <level>END</level>
  <class>com.kms.katalon.core.logging.XmlKeywordLogger</class>
  <method>endKeyword</method>
  <thread>1</thread>
  <message>End action : click(findTestObject(\&amp;quot;UI Test Scenarios/Modules/Content Management/IMAGES/Edit Image/Page_Images/a_Upload\&amp;quot;))</message>
  <nestedLevel>1</nestedLevel>
</record>
<record>
  <date>2019-10-17T10:46:31</date>
  <millis>1571289391600</millis>
  <sequence>109</sequence>
  <level>START</level>
  <class>com.kms.katalon.core.logging.XmlKeywordLogger</class>
  <method>startKeyword</method>
  <thread>1</thread>
  <message>Start action : setText(findTestObject(\&amp;quot;UI Test Scenarios/Modules/Content Management/IMAGES/Edit Image/Page_Upload Images/input_Image Name_image-group-0-name\&amp;quot;), \&amp;quot;innova\&amp;quot;)</message>
  <nestedLevel>1</nestedLevel>
  <property name="startLine">23</property>
  <property name="stepIndex">4</property>
</record>
<record>
  <date>2019-10-17T10:46:31</date>
  <millis>1571289391600</millis>
  <sequence>110</sequence>
  <level>NOT_RUN</level>
  <class>com.kms.katalon.core.logging.XmlKeywordLogger</class>
  <method>logMessage</method>
  <thread>1</thread>
  <message>NOT_RUN: setText(findTestObject(\&amp;quot;UI Test Scenarios/Modules/Content Management/IMAGES/Edit Image/Page_Upload Images/input_Image Name_image-group-0-name\&amp;quot;), \&amp;quot;innova\&amp;quot;)</message>
  <nestedLevel>1</nestedLevel>
</record>
<record>
  <date>2019-10-17T10:46:31</date>
  <millis>1571289391600</millis>
  <sequence>111</sequence>
  <level>END</level>
  <class>com.kms.katalon.core.logging.XmlKeywordLogger</class>
  <method>endKeyword</method>
  <thread>1</thread>
  <message>End action : setText(findTestObject(\&amp;quot;UI Test Scenarios/Modules/Content Management/IMAGES/Edit Image/Page_Upload Images/input_Image Name_image-group-0-name\&amp;quot;), \&amp;quot;innova\&amp;quot;)</message>
  <nestedLevel>1</nestedLevel>
</record>
<record>
  <date>2019-10-17T10:46:31</date>
  <millis>1571289391600</millis>
  <sequence>112</sequence>
  <level>START</level>
  <class>com.kms.katalon.core.logging.XmlKeywordLogger</class>
  <method>startKeyword</method>
  <thread>1</thread>
  <message>Start action : com.kms.katalon.keyword.uploadfile.UploadFile.uploadFileUsingRobot(findTestObject(\&amp;quot;UI Test Scenarios/Modules/Content Management/IMAGES/Edit Image/Page_Upload Images/div_Select Files\&amp;quot;), \&amp;quot;C:\\Users\\Dell\\Pictures\\Innova.jpg\&amp;quot;)</message>
  <nestedLevel>1</nestedLevel>
  <property name="startLine">26</property>
  <property name="stepIndex">5</property>
</record>
<record>
  <date>2019-10-17T10:46:31</date>
  <millis>1571289391600</millis>
  <sequence>113</sequence>
  <level>NOT_RUN</level>
  <class>com.kms.katalon.core.logging.XmlKeywordLogger</class>
  <method>logMessage</method>
  <thread>1</thread>
  <message>NOT_RUN: com.kms.katalon.keyword.uploadfile.UploadFile.uploadFileUsingRobot(findTestObject(\&amp;quot;UI Test Scenarios/Modules/Content Management/IMAGES/Edit Image/Page_Upload Images/div_Select Files\&amp;quot;), \&amp;quot;C:\\Users\\Dell\\Pictures\\Innova.jpg\&amp;quot;)</message>
  <nestedLevel>1</nestedLevel>
</record>
<record>
  <date>2019-10-17T10:46:31</date>
  <millis>1571289391600</millis>
  <sequence>114</sequence>
  <level>END</level>
  <class>com.kms.katalon.core.logging.XmlKeywordLogger</class>
  <method>endKeyword</method>
  <thread>1</thread>
  <message>End action : com.kms.katalon.keyword.uploadfile.UploadFile.uploadFileUsingRobot(findTestObject(\&amp;quot;UI Test Scenarios/Modules/Content Management/IMAGES/Edit Image/Page_Upload Images/div_Select Files\&amp;quot;), \&amp;quot;C:\\Users\\Dell\\Pictures\\Innova.jpg\&amp;quot;)</message>
  <nestedLevel>1</nestedLevel>
</record>
<record>
  <date>2019-10-17T10:46:31</date>
  <millis>1571289391600</millis>
  <sequence>115</sequence>
  <level>START</level>
  <class>com.kms.katalon.core.logging.XmlKeywordLogger</class>
  <method>startKeyword</method>
  <thread>1</thread>
  <message>Start action : click(findTestObject(\&amp;quot;UI Test Scenarios/Modules/Content Management/IMAGES/Edit Image/Page_Upload Images/button_Select\&amp;quot;))</message>
  <nestedLevel>1</nestedLevel>
  <property name="startLine">29</property>
  <property name="stepIndex">6</property>
</record>
<record>
  <date>2019-10-17T10:46:31</date>
  <millis>1571289391600</millis>
  <sequence>116</sequence>
  <level>NOT_RUN</level>
  <class>com.kms.katalon.core.logging.XmlKeywordLogger</class>
  <method>logMessage</method>
  <thread>1</thread>
  <message>NOT_RUN: click(findTestObject(\&amp;quot;UI Test Scenarios/Modules/Content Management/IMAGES/Edit Image/Page_Upload Images/button_Select\&amp;quot;))</message>
  <nestedLevel>1</nestedLevel>
</record>
<record>
  <date>2019-10-17T10:46:31</date>
  <millis>1571289391600</millis>
  <sequence>117</sequence>
  <level>END</level>
  <class>com.kms.katalon.core.logging.XmlKeywordLogger</class>
  <method>endKeyword</method>
  <thread>1</thread>
  <message>End action : click(findTestObject(\&amp;quot;UI Test Scenarios/Modules/Content Management/IMAGES/Edit Image/Page_Upload Images/button_Select\&amp;quot;))</message>
  <nestedLevel>1</nestedLevel>
</record>
<record>
  <date>2019-10-17T10:46:31</date>
  <millis>1571289391600</millis>
  <sequence>118</sequence>
  <level>START</level>
  <class>com.kms.katalon.core.logging.XmlKeywordLogger</class>
  <method>startKeyword</method>
  <thread>1</thread>
  <message>Start action : click(findTestObject(\&amp;quot;UI Test Scenarios/Modules/Content Management/IMAGES/Edit Image/Page_Upload Images/a_Email\&amp;quot;))</message>
  <nestedLevel>1</nestedLevel>
  <property name="startLine">31</property>
  <property name="stepIndex">7</property>
</record>
<record>
  <date>2019-10-17T10:46:31</date>
  <millis>1571289391600</millis>
  <sequence>119</sequence>
  <level>NOT_RUN</level>
  <class>com.kms.katalon.core.logging.XmlKeywordLogger</class>
  <method>logMessage</method>
  <thread>1</thread>
  <message>NOT_RUN: click(findTestObject(\&amp;quot;UI Test Scenarios/Modules/Content Management/IMAGES/Edit Image/Page_Upload Images/a_Email\&amp;quot;))</message>
  <nestedLevel>1</nestedLevel>
</record>
<record>
  <date>2019-10-17T10:46:31</date>
  <millis>1571289391600</millis>
  <sequence>120</sequence>
  <level>END</level>
  <class>com.kms.katalon.core.logging.XmlKeywordLogger</class>
  <method>endKeyword</method>
  <thread>1</thread>
  <message>End action : click(findTestObject(\&amp;quot;UI Test Scenarios/Modules/Content Management/IMAGES/Edit Image/Page_Upload Images/a_Email\&amp;quot;))</message>
  <nestedLevel>1</nestedLevel>
</record>
<record>
  <date>2019-10-17T10:46:31</date>
  <millis>1571289391600</millis>
  <sequence>121</sequence>
  <level>START</level>
  <class>com.kms.katalon.core.logging.XmlKeywordLogger</class>
  <method>startKeyword</method>
  <thread>1</thread>
  <message>Start action : click(findTestObject(\&amp;quot;UI Test Scenarios/Modules/Content Management/IMAGES/Edit Image/Page_Upload Images/button_Select_1\&amp;quot;))</message>
  <nestedLevel>1</nestedLevel>
  <property name="startLine">33</property>
  <property name="stepIndex">8</property>
</record>
<record>
  <date>2019-10-17T10:46:31</date>
  <millis>1571289391600</millis>
  <sequence>122</sequence>
  <level>NOT_RUN</level>
  <class>com.kms.katalon.core.logging.XmlKeywordLogger</class>
  <method>logMessage</method>
  <thread>1</thread>
  <message>NOT_RUN: click(findTestObject(\&amp;quot;UI Test Scenarios/Modules/Content Management/IMAGES/Edit Image/Page_Upload Images/button_Select_1\&amp;quot;))</message>
  <nestedLevel>1</nestedLevel>
</record>
<record>
  <date>2019-10-17T10:46:31</date>
  <millis>1571289391616</millis>
  <sequence>123</sequence>
  <level>END</level>
  <class>com.kms.katalon.core.logging.XmlKeywordLogger</class>
  <method>endKeyword</method>
  <thread>1</thread>
  <message>End action : click(findTestObject(\&amp;quot;UI Test Scenarios/Modules/Content Management/IMAGES/Edit Image/Page_Upload Images/button_Select_1\&amp;quot;))</message>
  <nestedLevel>1</nestedLevel>
</record>
<record>
  <date>2019-10-17T10:46:31</date>
  <millis>1571289391616</millis>
  <sequence>124</sequence>
  <level>START</level>
  <class>com.kms.katalon.core.logging.XmlKeywordLogger</class>
  <method>startKeyword</method>
  <thread>1</thread>
  <message>Start action : click(findTestObject(\&amp;quot;UI Test Scenarios/Modules/Content Management/IMAGES/Edit Image/Page_Upload Images/a_English (US)\&amp;quot;))</message>
  <nestedLevel>1</nestedLevel>
  <property name="startLine">35</property>
  <property name="stepIndex">9</property>
</record>
<record>
  <date>2019-10-17T10:46:31</date>
  <millis>1571289391616</millis>
  <sequence>125</sequence>
  <level>NOT_RUN</level>
  <class>com.kms.katalon.core.logging.XmlKeywordLogger</class>
  <method>logMessage</method>
  <thread>1</thread>
  <message>NOT_RUN: click(findTestObject(\&amp;quot;UI Test Scenarios/Modules/Content Management/IMAGES/Edit Image/Page_Upload Images/a_English (US)\&amp;quot;))</message>
  <nestedLevel>1</nestedLevel>
</record>
<record>
  <date>2019-10-17T10:46:31</date>
  <millis>1571289391616</millis>
  <sequence>126</sequence>
  <level>END</level>
  <class>com.kms.katalon.core.logging.XmlKeywordLogger</class>
  <method>endKeyword</method>
  <thread>1</thread>
  <message>End action : click(findTestObject(\&amp;quot;UI Test Scenarios/Modules/Content Management/IMAGES/Edit Image/Page_Upload Images/a_English (US)\&amp;quot;))</message>
  <nestedLevel>1</nestedLevel>
</record>
<record>
  <date>2019-10-17T10:46:31</date>
  <millis>1571289391616</millis>
  <sequence>127</sequence>
  <level>START</level>
  <class>com.kms.katalon.core.logging.XmlKeywordLogger</class>
  <method>startKeyword</method>
  <thread>1</thread>
  <message>Start action : click(findTestObject(\&amp;quot;UI Test Scenarios/Modules/Content Management/IMAGES/Edit Image/Page_Upload Images/input_Marketing Category_image-group-0-marketingCategory\&amp;quot;))</message>
  <nestedLevel>1</nestedLevel>
  <property name="startLine">37</property>
  <property name="stepIndex">10</property>
</record>
<record>
  <date>2019-10-17T10:46:31</date>
  <millis>1571289391616</millis>
  <sequence>128</sequence>
  <level>NOT_RUN</level>
  <class>com.kms.katalon.core.logging.XmlKeywordLogger</class>
  <method>logMessage</method>
  <thread>1</thread>
  <message>NOT_RUN: click(findTestObject(\&amp;quot;UI Test Scenarios/Modules/Content Management/IMAGES/Edit Image/Page_Upload Images/input_Marketing Category_image-group-0-marketingCategory\&amp;quot;))</message>
  <nestedLevel>1</nestedLevel>
</record>
<record>
  <date>2019-10-17T10:46:31</date>
  <millis>1571289391616</millis>
  <sequence>129</sequence>
  <level>END</level>
  <class>com.kms.katalon.core.logging.XmlKeywordLogger</class>
  <method>endKeyword</method>
  <thread>1</thread>
  <message>End action : click(findTestObject(\&amp;quot;UI Test Scenarios/Modules/Content Management/IMAGES/Edit Image/Page_Upload Images/input_Marketing Category_image-group-0-marketingCategory\&amp;quot;))</message>
  <nestedLevel>1</nestedLevel>
</record>
<record>
  <date>2019-10-17T10:46:31</date>
  <millis>1571289391616</millis>
  <sequence>130</sequence>
  <level>START</level>
  <class>com.kms.katalon.core.logging.XmlKeywordLogger</class>
  <method>startKeyword</method>
  <thread>1</thread>
  <message>Start action : click(findTestObject(\&amp;quot;UI Test Scenarios/Modules/Content Management/IMAGES/Edit Image/Page_Upload Images/button_Finish Upload\&amp;quot;))</message>
  <nestedLevel>1</nestedLevel>
  <property name="startLine">39</property>
  <property name="stepIndex">11</property>
</record>
<record>
  <date>2019-10-17T10:46:31</date>
  <millis>1571289391616</millis>
  <sequence>131</sequence>
  <level>NOT_RUN</level>
  <class>com.kms.katalon.core.logging.XmlKeywordLogger</class>
  <method>logMessage</method>
  <thread>1</thread>
  <message>NOT_RUN: click(findTestObject(\&amp;quot;UI Test Scenarios/Modules/Content Management/IMAGES/Edit Image/Page_Upload Images/button_Finish Upload\&amp;quot;))</message>
  <nestedLevel>1</nestedLevel>
</record>
<record>
  <date>2019-10-17T10:46:31</date>
  <millis>1571289391616</millis>
  <sequence>132</sequence>
  <level>END</level>
  <class>com.kms.katalon.core.logging.XmlKeywordLogger</class>
  <method>endKeyword</method>
  <thread>1</thread>
  <message>End action : click(findTestObject(\&amp;quot;UI Test Scenarios/Modules/Content Management/IMAGES/Edit Image/Page_Upload Images/button_Finish Upload\&amp;quot;))</message>
  <nestedLevel>1</nestedLevel>
</record>
<record>
  <date>2019-10-17T10:46:31</date>
  <millis>1571289391616</millis>
  <sequence>133</sequence>
  <level>PASSED</level>
  <class>com.kms.katalon.core.logging.XmlKeywordLogger</class>
  <method>logMessage</method>
  <thread>1</thread>
  <message>Test Cases/UI Test Scenarios/Modules/Content Management/IMAGES/Upload Image</message>
  <nestedLevel>1</nestedLevel>
</record>
<record>
  <date>2019-10-17T10:46:31</date>
  <millis>1571289391616</millis>
  <sequence>134</sequence>
  <level>END</level>
  <class>com.kms.katalon.core.logging.XmlKeywordLogger</class>
  <method>endTest</method>
  <thread>1</thread>
  <message>End Test Case : Test Cases/UI Test Scenarios/Modules/Content Management/IMAGES/Upload Image</message>
  <nestedLevel>0</nestedLevel>
</record>
<record>
  <date>2019-10-17T10:46:31</date>
  <millis>1571289391616</millis>
  <sequence>135</sequence>
  <level>INFO</level>
  <class>com.kms.katalon.core.logging.XmlKeywordLogger</class>
  <method>logMessage</method>
  <thread>1</thread>
  <message>=================== Smart XPath Report =======================</message>
  <nestedLevel>0</nestedLevel>
</record>
<record>
  <date>2019-10-17T10:46:31</date>
  <millis>1571289391616</millis>
  <sequence>136</sequence>
  <level>INFO</level>
  <class>com.kms.katalon.core.logging.XmlKeywordLogger</class>
  <method>logMessage</method>
  <thread>1</thread>
  <message>Refer to the link below to preview and approve auto healing on broken test objects.</message>
  <nestedLevel>0</nestedLevel>
</record>
<record>
  <date>2019-10-17T10:46:31</date>
  <millis>1571289391616</millis>
  <sequence>137</sequence>
  <level>INFO</level>
  <class>com.kms.katalon.core.logging.XmlKeywordLogger</class>
  <method>logMessage</method>
  <thread>1</thread>
  <message>https://docs.katalon.com/katalon-studio/docs/auto-healing-smart-xpath.html</message>
  <nestedLevel>0</nestedLevel>
</record>
<record>
  <date>2019-10-17T10:46:31</date>
  <millis>1571289391616</millis>
  <sequence>138</sequence>
  <level>INFO</level>
  <class>com.kms.katalon.core.logging.XmlKeywordLogger</class>
  <method>logMessage</method>
  <thread>1</thread>
  <message>===============================================================</message>
  <nestedLevel>0</nestedLevel>
</record>
<record>
  <date>2019-10-17T10:46:31</date>
  <millis>1571289391616</millis>
  <sequence>139</sequence>
  <level>START</level>
  <class>com.kms.katalon.core.logging.XmlKeywordLogger</class>
  <method>startTest</method>
  <thread>1</thread>
  <message>Start Test Case : Test Cases/UI Test Scenarios/Modules/Content Management/IMAGES/Edit Image</message>
  <nestedLevel>1</nestedLevel>
  <property name="name">Test Cases/UI Test Scenarios/Modules/Content Management/IMAGES/Edit Image</property>
  <property name="description"></property>
  <property name="id">Test Cases/UI Test Scenarios/Modules/Content Management/IMAGES/Edit Image</property>
  <property name="source">C:\\Users\\Dell\\Katalon Studio\\1\\Test Cases\\UI Test Scenarios\\Modules\\Content Management\\IMAGES\\Edit Image.tc</property>
  <property name="tag"></property>
  <property name="isOptional">false</property>
</record>
<record>
  <date>2019-10-17T10:46:31</date>
  <millis>1571289391787</millis>
  <sequence>141</sequence>
  <level>START</level>
  <class>com.kms.katalon.core.logging.XmlKeywordLogger</class>
  <method>startKeyword</method>
  <thread>1</thread>
  <message>Start action : click(findTestObject(\&amp;quot;UI Test Scenarios/Modules/Content Management/IMAGES/Edit Image/Page_Dashboard/div_Content\&amp;quot;))</message>
  <nestedLevel>1</nestedLevel>
  <property name="startLine">16</property>
  <property name="stepIndex">1</property>
</record>
<record>
  <date>2019-10-17T10:46:36</date>
  <millis>1571289396148</millis>
  <sequence>148</sequence>
  <level>PASSED</level>
  <class>com.kms.katalon.core.logging.XmlKeywordLogger</class>
  <method>logMessage</method>
  <thread>1</thread>
  <message>Object: &amp;apos;Object Repository/UI Test Scenarios/Modules/Content Management/IMAGES/Edit Image/Page_Dashboard/div_Content&amp;apos; is clicked on</message>
  <nestedLevel>1</nestedLevel>
</record>
<record>
  <date>2019-10-17T10:46:36</date>
  <millis>1571289396148</millis>
  <sequence>149</sequence>
  <level>END</level>
  <class>com.kms.katalon.core.logging.XmlKeywordLogger</class>
  <method>endKeyword</method>
  <thread>1</thread>
  <message>End action : click(findTestObject(\&amp;quot;UI Test Scenarios/Modules/Content Management/IMAGES/Edit Image/Page_Dashboard/div_Content\&amp;quot;))</message>
  <nestedLevel>1</nestedLevel>
</record>
<record>
  <date>2019-10-17T10:46:36</date>
  <millis>1571289396148</millis>
  <sequence>150</sequence>
  <level>START</level>
  <class>com.kms.katalon.core.logging.XmlKeywordLogger</class>
  <method>startKeyword</method>
  <thread>1</thread>
  <message>Start action : click(findTestObject(\&amp;quot;UI Test Scenarios/Modules/Content Management/IMAGES/Edit Image/Page_Templates/a_Images\&amp;quot;))</message>
  <nestedLevel>1</nestedLevel>
  <property name="startLine">18</property>
  <property name="stepIndex">2</property>
</record>
<record>
  <date>2019-10-17T10:46:40</date>
  <millis>1571289400384</millis>
  <sequence>157</sequence>
  <level>PASSED</level>
  <class>com.kms.katalon.core.logging.XmlKeywordLogger</class>
  <method>logMessage</method>
  <thread>1</thread>
  <message>Object: &amp;apos;Object Repository/UI Test Scenarios/Modules/Content Management/IMAGES/Edit Image/Page_Templates/a_Images&amp;apos; is clicked on</message>
  <nestedLevel>1</nestedLevel>
</record>
<record>
  <date>2019-10-17T10:46:40</date>
  <millis>1571289400384</millis>
  <sequence>158</sequence>
  <level>END</level>
  <class>com.kms.katalon.core.logging.XmlKeywordLogger</class>
  <method>endKeyword</method>
  <thread>1</thread>
  <message>End action : click(findTestObject(\&amp;quot;UI Test Scenarios/Modules/Content Management/IMAGES/Edit Image/Page_Templates/a_Images\&amp;quot;))</message>
  <nestedLevel>1</nestedLevel>
</record>
<record>
  <date>2019-10-17T10:46:40</date>
  <millis>1571289400384</millis>
  <sequence>159</sequence>
  <level>START</level>
  <class>com.kms.katalon.core.logging.XmlKeywordLogger</class>
  <method>startKeyword</method>
  <thread>1</thread>
  <message>Start action : click(findTestObject(\&amp;quot;UI Test Scenarios/Modules/Content Management/IMAGES/Edit Image/Page_Images/button_Local_dropdown-toggle btn btn-icon btn-light\&amp;quot;))</message>
  <nestedLevel>1</nestedLevel>
  <property name="startLine">20</property>
  <property name="stepIndex">3</property>
</record>
<record>
  <date>2019-10-17T10:46:52</date>
  <millis>1571289412273</millis>
  <sequence>166</sequence>
  <level>PASSED</level>
  <class>com.kms.katalon.core.logging.XmlKeywordLogger</class>
  <method>logMessage</method>
  <thread>1</thread>
  <message>Object: &amp;apos;Object Repository/UI Test Scenarios/Modules/Content Management/IMAGES/Edit Image/Page_Images/button_Local_dropdown-toggle btn btn-icon btn-light&amp;apos; is clicked on</message>
  <nestedLevel>1</nestedLevel>
</record>
<record>
  <date>2019-10-17T10:46:52</date>
  <millis>1571289412274</millis>
  <sequence>167</sequence>
  <level>END</level>
  <class>com.kms.katalon.core.logging.XmlKeywordLogger</class>
  <method>endKeyword</method>
  <thread>1</thread>
  <message>End action : click(findTestObject(\&amp;quot;UI Test Scenarios/Modules/Content Management/IMAGES/Edit Image/Page_Images/button_Local_dropdown-toggle btn btn-icon btn-light\&amp;quot;))</message>
  <nestedLevel>1</nestedLevel>
</record>
<record>
  <date>2019-10-17T10:46:52</date>
  <millis>1571289412275</millis>
  <sequence>168</sequence>
  <level>START</level>
  <class>com.kms.katalon.core.logging.XmlKeywordLogger</class>
  <method>startKeyword</method>
  <thread>1</thread>
  <message>Start action : click(findTestObject(\&amp;quot;UI Test Scenarios/Modules/Content Management/IMAGES/Edit Image/Page_Images/a_Edit\&amp;quot;))</message>
  <nestedLevel>1</nestedLevel>
  <property name="startLine">22</property>
  <property name="stepIndex">4</property>
</record>
<record>
  <date>2019-10-17T10:47:22</date>
  <millis>1571289442795</millis>
  <sequence>173</sequence>
  <level>INFO</level>
  <class>com.kms.katalon.core.logging.XmlKeywordLogger</class>
  <method>logMessage</method>
  <thread>1</thread>
  <message>Unable to find the element located by &amp;apos;By.xpath: //div[@id=&amp;apos;image-menu-89c4658883e24c1891a0c28a87a7fac4&amp;apos;]/div[2]/ul/li[3]/a&amp;apos;. Please recheck the objects properties to make sure the desired element is located. </message>
  <nestedLevel>1</nestedLevel>
</record>
<record>
  <date>2019-10-17T10:47:22</date>
  <millis>1571289442798</millis>
  <sequence>174</sequence>
  <level>INFO</level>
  <class>com.kms.katalon.core.logging.XmlKeywordLogger</class>
  <method>logMessage</method>
  <thread>1</thread>
  <message>[SMART_XPATH] Auto-trying out other XPath values in the test object.</message>
  <nestedLevel>1</nestedLevel>
</record>
<record>
  <date>2019-10-17T10:47:24</date>
  <millis>1571289444828</millis>
  <sequence>175</sequence>
  <level>INFO</level>
  <class>com.kms.katalon.core.logging.XmlKeywordLogger</class>
  <method>logMessage</method>
  <thread>1</thread>
  <message>[SMART_XPATH] FAILED XPATH: &amp;apos;//div[@id=&amp;apos;image-menu-89c4658883e24c1891a0c28a87a7fac4&amp;apos;]/div[2]/ul/li[3]/a&amp;apos;.</message>
  <nestedLevel>1</nestedLevel>
</record>
<record>
  <date>2019-10-17T10:47:26</date>
  <millis>1571289446873</millis>
  <sequence>176</sequence>
  <level>INFO</level>
  <class>com.kms.katalon.core.logging.XmlKeywordLogger</class>
  <method>logMessage</method>
  <thread>1</thread>
  <message>[SMART_XPATH] WORKING XPATH: &amp;apos;//a[contains(text(),&amp;apos;Edit&amp;apos;)]&amp;apos;.</message>
  <nestedLevel>1</nestedLevel>
</record>
<record>
  <date>2019-10-17T10:47:37</date>
  <millis>1571289457534</millis>
  <sequence>178</sequence>
  <level>ERROR</level>
  <class>com.kms.katalon.core.logging.XmlKeywordLogger</class>
  <method>logMessage</method>
  <thread>1</thread>
  <message>[SMART_XPATH] Cannot save screenshot to: C:/Users/Dell/Katalon Studio/1/Reports/smart_xpath, reason: (y + height) is outside of Raster</message>
  <nestedLevel>1</nestedLevel>
  <property name="failed.exception.class">java.awt.image.RasterFormatException</property>
  <property name="failed.exception.stacktrace">java.awt.image.RasterFormatException: (y + height) is outside of Raster\r\n\tat com.kms.katalon.core.webui.common.WebUiCommonHelper.saveWebElementScreenshot(WebUiCommonHelper.java:918)\r\n\tat com.kms.katalon.core.webui.common.internal.SmartXPathController.takeScreenShot(SmartXPathController.java:162)\r\n\tat com.kms.katalon.core.webui.common.WebUiCommonHelper.findWebElementsWithSmartXPath(WebUiCommonHelper.java:853)\r\n\tat com.kms.katalon.core.webui.common.WebUiCommonHelper.findWebElements(WebUiCommonHelper.java:782)\r\n\tat com.kms.katalon.core.webui.common.WebUiCommonHelper.findWebElement(WebUiCommonHelper.java:1093)\r\n\tat com.kms.katalon.core.webui.keyword.internal.WebUIAbstractKeyword.findWebElement(WebUIAbstractKeyword.groovy:27)\r\n\tat com.kms.katalon.core.webui.keyword.internal.WebUIAbstractKeyword.findWebElement(WebUIAbstractKeyword.groovy:26)\r\n\tat com.kms.katalon.core.webui.keyword.builtin.ClickKeyword$_click_closure1.doCall(ClickKeyword.groovy:77)\r\n\tat com.kms.katalon.core.webui.keyword.builtin.ClickKeyword$_click_closure1.call(ClickKeyword.groovy)\r\n\tat com.kms.katalon.core.webui.keyword.internal.WebUIKeywordMain.runKeyword(WebUIKeywordMain.groovy:20)\r\n\tat com.kms.katalon.core.webui.keyword.builtin.ClickKeyword.click(ClickKeyword.groovy:86)\r\n\tat com.kms.katalon.core.webui.keyword.builtin.ClickKeyword.execute(ClickKeyword.groovy:67)\r\n\tat com.kms.katalon.core.keyword.internal.KeywordExecutor.executeKeywordForPlatform(KeywordExecutor.groovy:56)\r\n\tat com.kms.katalon.core.webui.keyword.WebUiBuiltInKeywords.click(WebUiBuiltInKeywords.groovy:616)\r\n\tat com.kms.katalon.core.webui.keyword.WebUiBuiltInKeywords$click$2.call(Unknown Source)\r\n\tat Edit Image.run(Edit Image:22)\r\n\tat com.kms.katalon.core.main.ScriptEngine.run(ScriptEngine.java:194)\r\n\tat com.kms.katalon.core.main.ScriptEngine.runScriptAsRawText(ScriptEngine.java:119)\r\n\tat com.kms.katalon.core.main.TestCaseExecutor.runScript(TestCaseExecutor.java:337)\r\n\tat com.kms.katalon.core.main.TestCaseExecutor.doExecute(TestCaseExecutor.java:328)\r\n\tat com.kms.katalon.core.main.TestCaseExecutor.processExecutionPhase(TestCaseExecutor.java:307)\r\n\tat com.kms.katalon.core.main.TestCaseExecutor.accessMainPhase(TestCaseExecutor.java:299)\r\n\tat com.kms.katalon.core.main.TestCaseExecutor.execute(TestCaseExecutor.java:233)\r\n\tat com.kms.katalon.core.main.TestSuiteExecutor.accessTestCaseMainPhase(TestSuiteExecutor.java:169)\r\n\tat com.kms.katalon.core.main.TestSuiteExecutor.accessTestSuiteMainPhase(TestSuiteExecutor.java:142)\r\n\tat com.kms.katalon.core.main.TestSuiteExecutor.execute(TestSuiteExecutor.java:91)\r\n\tat com.kms.katalon.core.main.TestCaseMain.startTestSuite(TestCaseMain.java:157)\r\n\tat com.kms.katalon.core.main.TestCaseMain$startTestSuite$0.call(Unknown Source)\r\n\tat TempTestSuite1571289305840.run(TempTestSuite1571289305840.groovy:35)\r\n</property>
  <property name="failed.exception.message">(y + height) is outside of Raster</property>
</record>
<record>
  <date>2019-10-17T10:47:39</date>
  <millis>1571289459584</millis>
  <sequence>179</sequence>
  <level>INFO</level>
  <class>com.kms.katalon.core.logging.XmlKeywordLogger</class>
  <method>logMessage</method>
  <thread>1</thread>
  <message>[SMART_XPATH] WORKING XPATH: &amp;apos;(.//*[normalize-space(text()) and normalize-space(.)=&amp;apos;Archive&amp;apos;])[1]/following::a[1]&amp;apos;.</message>
  <nestedLevel>1</nestedLevel>
</record>
<record>
  <date>2019-10-17T10:47:50</date>
  <millis>1571289470320</millis>
  <sequence>181</sequence>
  <level>ERROR</level>
  <class>com.kms.katalon.core.logging.XmlKeywordLogger</class>
  <method>logMessage</method>
  <thread>1</thread>
  <message>[SMART_XPATH] Cannot save screenshot to: C:/Users/Dell/Katalon Studio/1/Reports/smart_xpath, reason: (y + height) is outside of Raster</message>
  <nestedLevel>1</nestedLevel>
  <property name="failed.exception.class">java.awt.image.RasterFormatException</property>
  <property name="failed.exception.stacktrace">java.awt.image.RasterFormatException: (y + height) is outside of Raster\r\n\tat com.kms.katalon.core.webui.common.WebUiCommonHelper.saveWebElementScreenshot(WebUiCommonHelper.java:918)\r\n\tat com.kms.katalon.core.webui.common.internal.SmartXPathController.takeScreenShot(SmartXPathController.java:162)\r\n\tat com.kms.katalon.core.webui.common.WebUiCommonHelper.findWebElementsWithSmartXPath(WebUiCommonHelper.java:853)\r\n\tat com.kms.katalon.core.webui.common.WebUiCommonHelper.findWebElements(WebUiCommonHelper.java:782)\r\n\tat com.kms.katalon.core.webui.common.WebUiCommonHelper.findWebElement(WebUiCommonHelper.java:1093)\r\n\tat com.kms.katalon.core.webui.keyword.internal.WebUIAbstractKeyword.findWebElement(WebUIAbstractKeyword.groovy:27)\r\n\tat com.kms.katalon.core.webui.keyword.internal.WebUIAbstractKeyword.findWebElement(WebUIAbstractKeyword.groovy:26)\r\n\tat com.kms.katalon.core.webui.keyword.builtin.ClickKeyword$_click_closure1.doCall(ClickKeyword.groovy:77)\r\n\tat com.kms.katalon.core.webui.keyword.builtin.ClickKeyword$_click_closure1.call(ClickKeyword.groovy)\r\n\tat com.kms.katalon.core.webui.keyword.internal.WebUIKeywordMain.runKeyword(WebUIKeywordMain.groovy:20)\r\n\tat com.kms.katalon.core.webui.keyword.builtin.ClickKeyword.click(ClickKeyword.groovy:86)\r\n\tat com.kms.katalon.core.webui.keyword.builtin.ClickKeyword.execute(ClickKeyword.groovy:67)\r\n\tat com.kms.katalon.core.keyword.internal.KeywordExecutor.executeKeywordForPlatform(KeywordExecutor.groovy:56)\r\n\tat com.kms.katalon.core.webui.keyword.WebUiBuiltInKeywords.click(WebUiBuiltInKeywords.groovy:616)\r\n\tat com.kms.katalon.core.webui.keyword.WebUiBuiltInKeywords$click$2.call(Unknown Source)\r\n\tat Edit Image.run(Edit Image:22)\r\n\tat com.kms.katalon.core.main.ScriptEngine.run(ScriptEngine.java:194)\r\n\tat com.kms.katalon.core.main.ScriptEngine.runScriptAsRawText(ScriptEngine.java:119)\r\n\tat com.kms.katalon.core.main.TestCaseExecutor.runScript(TestCaseExecutor.java:337)\r\n\tat com.kms.katalon.core.main.TestCaseExecutor.doExecute(TestCaseExecutor.java:328)\r\n\tat com.kms.katalon.core.main.TestCaseExecutor.processExecutionPhase(TestCaseExecutor.java:307)\r\n\tat com.kms.katalon.core.main.TestCaseExecutor.accessMainPhase(TestCaseExecutor.java:299)\r\n\tat com.kms.katalon.core.main.TestCaseExecutor.execute(TestCaseExecutor.java:233)\r\n\tat com.kms.katalon.core.main.TestSuiteExecutor.accessTestCaseMainPhase(TestSuiteExecutor.java:169)\r\n\tat com.kms.katalon.core.main.TestSuiteExecutor.accessTestSuiteMainPhase(TestSuiteExecutor.java:142)\r\n\tat com.kms.katalon.core.main.TestSuiteExecutor.execute(TestSuiteExecutor.java:91)\r\n\tat com.kms.katalon.core.main.TestCaseMain.startTestSuite(TestCaseMain.java:157)\r\n\tat com.kms.katalon.core.main.TestCaseMain$startTestSuite$0.call(Unknown Source)\r\n\tat TempTestSuite1571289305840.run(TempTestSuite1571289305840.groovy:35)\r\n</property>
  <property name="failed.exception.message">(y + height) is outside of Raster</property>
</record>
<record>
  <date>2019-10-17T10:47:52</date>
  <millis>1571289472378</millis>
  <sequence>182</sequence>
  <level>INFO</level>
  <class>com.kms.katalon.core.logging.XmlKeywordLogger</class>
  <method>logMessage</method>
  <thread>1</thread>
  <message>[SMART_XPATH] WORKING XPATH: &amp;apos;(.//*[normalize-space(text()) and normalize-space(.)=&amp;apos;Page&amp;apos;])[1]/preceding::a[2]&amp;apos;.</message>
  <nestedLevel>1</nestedLevel>
</record>
<record>
  <date>2019-10-17T10:48:02</date>
  <millis>1571289482923</millis>
  <sequence>184</sequence>
  <level>ERROR</level>
  <class>com.kms.katalon.core.logging.XmlKeywordLogger</class>
  <method>logMessage</method>
  <thread>1</thread>
  <message>[SMART_XPATH] Cannot save screenshot to: C:/Users/Dell/Katalon Studio/1/Reports/smart_xpath, reason: (y + height) is outside of Raster</message>
  <nestedLevel>1</nestedLevel>
  <property name="failed.exception.class">java.awt.image.RasterFormatException</property>
  <property name="failed.exception.stacktrace">java.awt.image.RasterFormatException: (y + height) is outside of Raster\r\n\tat com.kms.katalon.core.webui.common.WebUiCommonHelper.saveWebElementScreenshot(WebUiCommonHelper.java:918)\r\n\tat com.kms.katalon.core.webui.common.internal.SmartXPathController.takeScreenShot(SmartXPathController.java:162)\r\n\tat com.kms.katalon.core.webui.common.WebUiCommonHelper.findWebElementsWithSmartXPath(WebUiCommonHelper.java:853)\r\n\tat com.kms.katalon.core.webui.common.WebUiCommonHelper.findWebElements(WebUiCommonHelper.java:782)\r\n\tat com.kms.katalon.core.webui.common.WebUiCommonHelper.findWebElement(WebUiCommonHelper.java:1093)\r\n\tat com.kms.katalon.core.webui.keyword.internal.WebUIAbstractKeyword.findWebElement(WebUIAbstractKeyword.groovy:27)\r\n\tat com.kms.katalon.core.webui.keyword.internal.WebUIAbstractKeyword.findWebElement(WebUIAbstractKeyword.groovy:26)\r\n\tat com.kms.katalon.core.webui.keyword.builtin.ClickKeyword$_click_closure1.doCall(ClickKeyword.groovy:77)\r\n\tat com.kms.katalon.core.webui.keyword.builtin.ClickKeyword$_click_closure1.call(ClickKeyword.groovy)\r\n\tat com.kms.katalon.core.webui.keyword.internal.WebUIKeywordMain.runKeyword(WebUIKeywordMain.groovy:20)\r\n\tat com.kms.katalon.core.webui.keyword.builtin.ClickKeyword.click(ClickKeyword.groovy:86)\r\n\tat com.kms.katalon.core.webui.keyword.builtin.ClickKeyword.execute(ClickKeyword.groovy:67)\r\n\tat com.kms.katalon.core.keyword.internal.KeywordExecutor.executeKeywordForPlatform(KeywordExecutor.groovy:56)\r\n\tat com.kms.katalon.core.webui.keyword.WebUiBuiltInKeywords.click(WebUiBuiltInKeywords.groovy:616)\r\n\tat com.kms.katalon.core.webui.keyword.WebUiBuiltInKeywords$click$2.call(Unknown Source)\r\n\tat Edit Image.run(Edit Image:22)\r\n\tat com.kms.katalon.core.main.ScriptEngine.run(ScriptEngine.java:194)\r\n\tat com.kms.katalon.core.main.ScriptEngine.runScriptAsRawText(ScriptEngine.java:119)\r\n\tat com.kms.katalon.core.main.TestCaseExecutor.runScript(TestCaseExecutor.java:337)\r\n\tat com.kms.katalon.core.main.TestCaseExecutor.doExecute(TestCaseExecutor.java:328)\r\n\tat com.kms.katalon.core.main.TestCaseExecutor.processExecutionPhase(TestCaseExecutor.java:307)\r\n\tat com.kms.katalon.core.main.TestCaseExecutor.accessMainPhase(TestCaseExecutor.java:299)\r\n\tat com.kms.katalon.core.main.TestCaseExecutor.execute(TestCaseExecutor.java:233)\r\n\tat com.kms.katalon.core.main.TestSuiteExecutor.accessTestCaseMainPhase(TestSuiteExecutor.java:169)\r\n\tat com.kms.katalon.core.main.TestSuiteExecutor.accessTestSuiteMainPhase(TestSuiteExecutor.java:142)\r\n\tat com.kms.katalon.core.main.TestSuiteExecutor.execute(TestSuiteExecutor.java:91)\r\n\tat com.kms.katalon.core.main.TestCaseMain.startTestSuite(TestCaseMain.java:157)\r\n\tat com.kms.katalon.core.main.TestCaseMain$startTestSuite$0.call(Unknown Source)\r\n\tat TempTestSuite1571289305840.run(TempTestSuite1571289305840.groovy:35)\r\n</property>
  <property name="failed.exception.message">(y + height) is outside of Raster</property>
</record>
<record>
  <date>2019-10-17T10:48:04</date>
  <millis>1571289484975</millis>
  <sequence>185</sequence>
  <level>INFO</level>
  <class>com.kms.katalon.core.logging.XmlKeywordLogger</class>
  <method>logMessage</method>
  <thread>1</thread>
  <message>[SMART_XPATH] FAILED XPATH: &amp;apos;//a[contains(@href, &amp;apos;/content/images/89c4658883e24c1891a0c28a87a7fac4&amp;apos;)]&amp;apos;.</message>
  <nestedLevel>1</nestedLevel>
</record>
<record>
  <date>2019-10-17T10:48:07</date>
  <millis>1571289487021</millis>
  <sequence>186</sequence>
  <level>INFO</level>
  <class>com.kms.katalon.core.logging.XmlKeywordLogger</class>
  <method>logMessage</method>
  <thread>1</thread>
  <message>[SMART_XPATH] WORKING XPATH: &amp;apos;//div[2]/div[2]/div[2]/div/div[2]/ul/li[3]/a&amp;apos;.</message>
  <nestedLevel>1</nestedLevel>
</record>
<record>
  <date>2019-10-17T10:48:17</date>
  <millis>1571289497517</millis>
  <sequence>188</sequence>
  <level>ERROR</level>
  <class>com.kms.katalon.core.logging.XmlKeywordLogger</class>
  <method>logMessage</method>
  <thread>1</thread>
  <message>[SMART_XPATH] Cannot save screenshot to: C:/Users/Dell/Katalon Studio/1/Reports/smart_xpath, reason: (y + height) is outside of Raster</message>
  <nestedLevel>1</nestedLevel>
  <property name="failed.exception.class">java.awt.image.RasterFormatException</property>
  <property name="failed.exception.stacktrace">java.awt.image.RasterFormatException: (y + height) is outside of Raster\r\n\tat com.kms.katalon.core.webui.common.WebUiCommonHelper.saveWebElementScreenshot(WebUiCommonHelper.java:918)\r\n\tat com.kms.katalon.core.webui.common.internal.SmartXPathController.takeScreenShot(SmartXPathController.java:162)\r\n\tat com.kms.katalon.core.webui.common.WebUiCommonHelper.findWebElementsWithSmartXPath(WebUiCommonHelper.java:853)\r\n\tat com.kms.katalon.core.webui.common.WebUiCommonHelper.findWebElements(WebUiCommonHelper.java:782)\r\n\tat com.kms.katalon.core.webui.common.WebUiCommonHelper.findWebElement(WebUiCommonHelper.java:1093)\r\n\tat com.kms.katalon.core.webui.keyword.internal.WebUIAbstractKeyword.findWebElement(WebUIAbstractKeyword.groovy:27)\r\n\tat com.kms.katalon.core.webui.keyword.internal.WebUIAbstractKeyword.findWebElement(WebUIAbstractKeyword.groovy:26)\r\n\tat com.kms.katalon.core.webui.keyword.builtin.ClickKeyword$_click_closure1.doCall(ClickKeyword.groovy:77)\r\n\tat com.kms.katalon.core.webui.keyword.builtin.ClickKeyword$_click_closure1.call(ClickKeyword.groovy)\r\n\tat com.kms.katalon.core.webui.keyword.internal.WebUIKeywordMain.runKeyword(WebUIKeywordMain.groovy:20)\r\n\tat com.kms.katalon.core.webui.keyword.builtin.ClickKeyword.click(ClickKeyword.groovy:86)\r\n\tat com.kms.katalon.core.webui.keyword.builtin.ClickKeyword.execute(ClickKeyword.groovy:67)\r\n\tat com.kms.katalon.core.keyword.internal.KeywordExecutor.executeKeywordForPlatform(KeywordExecutor.groovy:56)\r\n\tat com.kms.katalon.core.webui.keyword.WebUiBuiltInKeywords.click(WebUiBuiltInKeywords.groovy:616)\r\n\tat com.kms.katalon.core.webui.keyword.WebUiBuiltInKeywords$click$2.call(Unknown Source)\r\n\tat Edit Image.run(Edit Image:22)\r\n\tat com.kms.katalon.core.main.ScriptEngine.run(ScriptEngine.java:194)\r\n\tat com.kms.katalon.core.main.ScriptEngine.runScriptAsRawText(ScriptEngine.java:119)\r\n\tat com.kms.katalon.core.main.TestCaseExecutor.runScript(TestCaseExecutor.java:337)\r\n\tat com.kms.katalon.core.main.TestCaseExecutor.doExecute(TestCaseExecutor.java:328)\r\n\tat com.kms.katalon.core.main.TestCaseExecutor.processExecutionPhase(TestCaseExecutor.java:307)\r\n\tat com.kms.katalon.core.main.TestCaseExecutor.accessMainPhase(TestCaseExecutor.java:299)\r\n\tat com.kms.katalon.core.main.TestCaseExecutor.execute(TestCaseExecutor.java:233)\r\n\tat com.kms.katalon.core.main.TestSuiteExecutor.accessTestCaseMainPhase(TestSuiteExecutor.java:169)\r\n\tat com.kms.katalon.core.main.TestSuiteExecutor.accessTestSuiteMainPhase(TestSuiteExecutor.java:142)\r\n\tat com.kms.katalon.core.main.TestSuiteExecutor.execute(TestSuiteExecutor.java:91)\r\n\tat com.kms.katalon.core.main.TestCaseMain.startTestSuite(TestCaseMain.java:157)\r\n\tat com.kms.katalon.core.main.TestCaseMain$startTestSuite$0.call(Unknown Source)\r\n\tat TempTestSuite1571289305840.run(TempTestSuite1571289305840.groovy:35)\r\n</property>
  <property name="failed.exception.message">(y + height) is outside of Raster</property>
</record>
<record>
  <date>2019-10-17T10:48:17</date>
  <millis>1571289497582</millis>
  <sequence>189</sequence>
  <level>INFO</level>
  <class>com.kms.katalon.core.logging.XmlKeywordLogger</class>
  <method>logMessage</method>
  <thread>1</thread>
  <message>[SMART_XPATH] Selected Smart XPath: &amp;apos;//a[contains(text(),&amp;apos;Edit&amp;apos;)]&amp;apos;.</message>
  <nestedLevel>1</nestedLevel>
</record>
<record>
  <date>2019-10-17T10:48:17</date>
  <millis>1571289497583</millis>
  <sequence>190</sequence>
  <level>INFO</level>
  <class>com.kms.katalon.core.logging.XmlKeywordLogger</class>
  <method>logMessage</method>
  <thread>1</thread>
  <message>[SMART_XPATH] Continuing executing the test case!</message>
  <nestedLevel>1</nestedLevel>
</record>
<record>
  <date>2019-10-17T10:48:19</date>
  <millis>1571289499819</millis>
  <sequence>192</sequence>
  <level>PASSED</level>
  <class>com.kms.katalon.core.logging.XmlKeywordLogger</class>
  <method>logMessage</method>
  <thread>1</thread>
  <message>Object: &amp;apos;Object Repository/UI Test Scenarios/Modules/Content Management/IMAGES/Edit Image/Page_Images/a_Edit&amp;apos; is clicked on</message>
  <nestedLevel>1</nestedLevel>
</record>
<record>
  <date>2019-10-17T10:48:19</date>
  <millis>1571289499819</millis>
  <sequence>193</sequence>
  <level>END</level>
  <class>com.kms.katalon.core.logging.XmlKeywordLogger</class>
  <method>endKeyword</method>
  <thread>1</thread>
  <message>End action : click(findTestObject(\&amp;quot;UI Test Scenarios/Modules/Content Management/IMAGES/Edit Image/Page_Images/a_Edit\&amp;quot;))</message>
  <nestedLevel>1</nestedLevel>
</record>
<record>
  <date>2019-10-17T10:48:19</date>
  <millis>1571289499820</millis>
  <sequence>194</sequence>
  <level>START</level>
  <class>com.kms.katalon.core.logging.XmlKeywordLogger</class>
  <method>startKeyword</method>
  <thread>1</thread>
  <message>Start action : click(findTestObject(\&amp;quot;UI Test Scenarios/Modules/Content Management/IMAGES/Edit Image/Page_Edit Image/label_Transaction\&amp;quot;))</message>
  <nestedLevel>1</nestedLevel>
  <property name="startLine">24</property>
  <property name="stepIndex">5</property>
</record>
<record>
  <date>2019-10-17T10:48:26</date>
  <millis>1571289506731</millis>
  <sequence>201</sequence>
  <level>PASSED</level>
  <class>com.kms.katalon.core.logging.XmlKeywordLogger</class>
  <method>logMessage</method>
  <thread>1</thread>
  <message>Object: &amp;apos;Object Repository/UI Test Scenarios/Modules/Content Management/IMAGES/Edit Image/Page_Edit Image/label_Transaction&amp;apos; is clicked on</message>
  <nestedLevel>1</nestedLevel>
</record>
<record>
  <date>2019-10-17T10:48:26</date>
  <millis>1571289506733</millis>
  <sequence>202</sequence>
  <level>END</level>
  <class>com.kms.katalon.core.logging.XmlKeywordLogger</class>
  <method>endKeyword</method>
  <thread>1</thread>
  <message>End action : click(findTestObject(\&amp;quot;UI Test Scenarios/Modules/Content Management/IMAGES/Edit Image/Page_Edit Image/label_Transaction\&amp;quot;))</message>
  <nestedLevel>1</nestedLevel>
</record>
<record>
  <date>2019-10-17T10:48:26</date>
  <millis>1571289506734</millis>
  <sequence>203</sequence>
  <level>START</level>
  <class>com.kms.katalon.core.logging.XmlKeywordLogger</class>
  <method>startKeyword</method>
  <thread>1</thread>
  <message>Start action : click(findTestObject(\&amp;quot;UI Test Scenarios/Modules/Content Management/IMAGES/Edit Image/Page_Edit Image/button_Save\&amp;quot;))</message>
  <nestedLevel>1</nestedLevel>
  <property name="startLine">26</property>
  <property name="stepIndex">6</property>
</record>
<record>
  <date>2019-10-17T10:48:31</date>
  <millis>1571289511194</millis>
  <sequence>210</sequence>
  <level>PASSED</level>
  <class>com.kms.katalon.core.logging.XmlKeywordLogger</class>
  <method>logMessage</method>
  <thread>1</thread>
  <message>Object: &amp;apos;Object Repository/UI Test Scenarios/Modules/Content Management/IMAGES/Edit Image/Page_Edit Image/button_Save&amp;apos; is clicked on</message>
  <nestedLevel>1</nestedLevel>
</record>
<record>
  <date>2019-10-17T10:48:31</date>
  <millis>1571289511195</millis>
  <sequence>211</sequence>
  <level>END</level>
  <class>com.kms.katalon.core.logging.XmlKeywordLogger</class>
  <method>endKeyword</method>
  <thread>1</thread>
  <message>End action : click(findTestObject(\&amp;quot;UI Test Scenarios/Modules/Content Management/IMAGES/Edit Image/Page_Edit Image/button_Save\&amp;quot;))</message>
  <nestedLevel>1</nestedLevel>
</record>
<record>
  <date>2019-10-17T10:48:31</date>
  <millis>1571289511195</millis>
  <sequence>212</sequence>
  <level>PASSED</level>
  <class>com.kms.katalon.core.logging.XmlKeywordLogger</class>
  <method>logMessage</method>
  <thread>1</thread>
  <message>Test Cases/UI Test Scenarios/Modules/Content Management/IMAGES/Edit Image</message>
  <nestedLevel>1</nestedLevel>
</record>
<record>
  <date>2019-10-17T10:48:31</date>
  <millis>1571289511196</millis>
  <sequence>213</sequence>
  <level>END</level>
  <class>com.kms.katalon.core.logging.XmlKeywordLogger</class>
  <method>endTest</method>
  <thread>1</thread>
  <message>End Test Case : Test Cases/UI Test Scenarios/Modules/Content Management/IMAGES/Edit Image</message>
  <nestedLevel>0</nestedLevel>
</record>
<record>
  <date>2019-10-17T10:48:31</date>
  <millis>1571289511196</millis>
  <sequence>214</sequence>
  <level>INFO</level>
  <class>com.kms.katalon.core.logging.XmlKeywordLogger</class>
  <method>logMessage</method>
  <thread>1</thread>
  <message>=================== Smart XPath Report =======================</message>
  <nestedLevel>0</nestedLevel>
</record>
<record>
  <date>2019-10-17T10:48:31</date>
  <millis>1571289511197</millis>
  <sequence>215</sequence>
  <level>INFO</level>
  <class>com.kms.katalon.core.logging.XmlKeywordLogger</class>
  <method>logMessage</method>
  <thread>1</thread>
  <message>Refer to the link below to preview and approve auto healing on broken test objects.</message>
  <nestedLevel>0</nestedLevel>
</record>
<record>
  <date>2019-10-17T10:48:31</date>
  <millis>1571289511197</millis>
  <sequence>216</sequence>
  <level>INFO</level>
  <class>com.kms.katalon.core.logging.XmlKeywordLogger</class>
  <method>logMessage</method>
  <thread>1</thread>
  <message>https://docs.katalon.com/katalon-studio/docs/auto-healing-smart-xpath.html</message>
  <nestedLevel>0</nestedLevel>
</record>
<record>
  <date>2019-10-17T10:48:31</date>
  <millis>1571289511198</millis>
  <sequence>217</sequence>
  <level>INFO</level>
  <class>com.kms.katalon.core.logging.XmlKeywordLogger</class>
  <method>logMessage</method>
  <thread>1</thread>
  <message>===============================================================</message>
  <nestedLevel>0</nestedLevel>
</record>
<record>
  <date>2019-10-17T10:48:31</date>
  <millis>1571289511210</millis>
  <sequence>218</sequence>
  <level>START</level>
  <class>com.kms.katalon.core.logging.XmlKeywordLogger</class>
  <method>startTest</method>
  <thread>1</thread>
  <message>Start Test Case : Test Cases/UI Test Scenarios/Modules/Content Management/IMAGES/Archive Image</message>
  <nestedLevel>1</nestedLevel>
  <property name="name">Test Cases/UI Test Scenarios/Modules/Content Management/IMAGES/Archive Image</property>
  <property name="description"></property>
  <property name="id">Test Cases/UI Test Scenarios/Modules/Content Management/IMAGES/Archive Image</property>
  <property name="source">C:\\Users\\Dell\\Katalon Studio\\1\\Test Cases\\UI Test Scenarios\\Modules\\Content Management\\IMAGES\\Archive Image.tc</property>
  <property name="tag"></property>
  <property name="isOptional">false</property>
</record>
<record>
  <date>2019-10-17T10:48:31</date>
  <millis>1571289511503</millis>
  <sequence>220</sequence>
  <level>START</level>
  <class>com.kms.katalon.core.logging.XmlKeywordLogger</class>
  <method>startKeyword</method>
  <thread>1</thread>
  <message>Start action : click(findTestObject(\&amp;quot;UI Test Scenarios/Modules/Content Management/IMAGES/Archive Image/Page_Images/div_Most Recent Uploads_library-table-checkbox no-label checkbox\&amp;quot;))</message>
  <nestedLevel>1</nestedLevel>
  <property name="startLine">16</property>
  <property name="stepIndex">1</property>
</record>
<record>
  <date>2019-10-17T10:48:31</date>
  <millis>1571289511507</millis>
  <sequence>221</sequence>
  <level>NOT_RUN</level>
  <class>com.kms.katalon.core.logging.XmlKeywordLogger</class>
  <method>logMessage</method>
  <thread>1</thread>
  <message>NOT_RUN: click(findTestObject(\&amp;quot;UI Test Scenarios/Modules/Content Management/IMAGES/Archive Image/Page_Images/div_Most Recent Uploads_library-table-checkbox no-label checkbox\&amp;quot;))</message>
  <nestedLevel>1</nestedLevel>
</record>
<record>
  <date>2019-10-17T10:48:31</date>
  <millis>1571289511509</millis>
  <sequence>222</sequence>
  <level>END</level>
  <class>com.kms.katalon.core.logging.XmlKeywordLogger</class>
  <method>endKeyword</method>
  <thread>1</thread>
  <message>End action : click(findTestObject(\&amp;quot;UI Test Scenarios/Modules/Content Management/IMAGES/Archive Image/Page_Images/div_Most Recent Uploads_library-table-checkbox no-label checkbox\&amp;quot;))</message>
  <nestedLevel>1</nestedLevel>
</record>
<record>
  <date>2019-10-17T10:48:31</date>
  <millis>1571289511509</millis>
  <sequence>223</sequence>
  <level>START</level>
  <class>com.kms.katalon.core.logging.XmlKeywordLogger</class>
  <method>startKeyword</method>
  <thread>1</thread>
  <message>Start action : click(findTestObject(\&amp;quot;UI Test Scenarios/Modules/Content Management/IMAGES/Archive Image/Page_Images/button_Archive\&amp;quot;))</message>
  <nestedLevel>1</nestedLevel>
  <property name="startLine">18</property>
  <property name="stepIndex">2</property>
</record>
<record>
  <date>2019-10-17T10:48:31</date>
  <millis>1571289511509</millis>
  <sequence>224</sequence>
  <level>NOT_RUN</level>
  <class>com.kms.katalon.core.logging.XmlKeywordLogger</class>
  <method>logMessage</method>
  <thread>1</thread>
  <message>NOT_RUN: click(findTestObject(\&amp;quot;UI Test Scenarios/Modules/Content Management/IMAGES/Archive Image/Page_Images/button_Archive\&amp;quot;))</message>
  <nestedLevel>1</nestedLevel>
</record>
<record>
  <date>2019-10-17T10:48:31</date>
  <millis>1571289511509</millis>
  <sequence>225</sequence>
  <level>END</level>
  <class>com.kms.katalon.core.logging.XmlKeywordLogger</class>
  <method>endKeyword</method>
  <thread>1</thread>
  <message>End action : click(findTestObject(\&amp;quot;UI Test Scenarios/Modules/Content Management/IMAGES/Archive Image/Page_Images/button_Archive\&amp;quot;))</message>
  <nestedLevel>1</nestedLevel>
</record>
<record>
  <date>2019-10-17T10:48:31</date>
  <millis>1571289511509</millis>
  <sequence>226</sequence>
  <level>START</level>
  <class>com.kms.katalon.core.logging.XmlKeywordLogger</class>
  <method>startKeyword</method>
  <thread>1</thread>
  <message>Start action : click(findTestObject(\&amp;quot;UI Test Scenarios/Modules/Content Management/IMAGES/Archive Image/Page_Images/button_Yes\&amp;quot;))</message>
  <nestedLevel>1</nestedLevel>
  <property name="startLine">20</property>
  <property name="stepIndex">3</property>
</record>
<record>
  <date>2019-10-17T10:48:31</date>
  <millis>1571289511513</millis>
  <sequence>227</sequence>
  <level>NOT_RUN</level>
  <class>com.kms.katalon.core.logging.XmlKeywordLogger</class>
  <method>logMessage</method>
  <thread>1</thread>
  <message>NOT_RUN: click(findTestObject(\&amp;quot;UI Test Scenarios/Modules/Content Management/IMAGES/Archive Image/Page_Images/button_Yes\&amp;quot;))</message>
  <nestedLevel>1</nestedLevel>
</record>
<record>
  <date>2019-10-17T10:48:31</date>
  <millis>1571289511513</millis>
  <sequence>228</sequence>
  <level>END</level>
  <class>com.kms.katalon.core.logging.XmlKeywordLogger</class>
  <method>endKeyword</method>
  <thread>1</thread>
  <message>End action : click(findTestObject(\&amp;quot;UI Test Scenarios/Modules/Content Management/IMAGES/Archive Image/Page_Images/button_Yes\&amp;quot;))</message>
  <nestedLevel>1</nestedLevel>
</record>
<record>
  <date>2019-10-17T10:48:31</date>
  <millis>1571289511513</millis>
  <sequence>229</sequence>
  <level>PASSED</level>
  <class>com.kms.katalon.core.logging.XmlKeywordLogger</class>
  <method>logMessage</method>
  <thread>1</thread>
  <message>Test Cases/UI Test Scenarios/Modules/Content Management/IMAGES/Archive Image</message>
  <nestedLevel>1</nestedLevel>
</record>
<record>
  <date>2019-10-17T10:48:31</date>
  <millis>1571289511513</millis>
  <sequence>230</sequence>
  <level>END</level>
  <class>com.kms.katalon.core.logging.XmlKeywordLogger</class>
  <method>endTest</method>
  <thread>1</thread>
  <message>End Test Case : Test Cases/UI Test Scenarios/Modules/Content Management/IMAGES/Archive Image</message>
  <nestedLevel>0</nestedLevel>
</record>
<record>
  <date>2019-10-17T10:48:31</date>
  <millis>1571289511513</millis>
  <sequence>231</sequence>
  <level>INFO</level>
  <class>com.kms.katalon.core.logging.XmlKeywordLogger</class>
  <method>logMessage</method>
  <thread>1</thread>
  <message>=================== Smart XPath Report =======================</message>
  <nestedLevel>0</nestedLevel>
</record>
<record>
  <date>2019-10-17T10:48:31</date>
  <millis>1571289511517</millis>
  <sequence>232</sequence>
  <level>INFO</level>
  <class>com.kms.katalon.core.logging.XmlKeywordLogger</class>
  <method>logMessage</method>
  <thread>1</thread>
  <message>Refer to the link below to preview and approve auto healing on broken test objects.</message>
  <nestedLevel>0</nestedLevel>
</record>
<record>
  <date>2019-10-17T10:48:31</date>
  <millis>1571289511517</millis>
  <sequence>233</sequence>
  <level>INFO</level>
  <class>com.kms.katalon.core.logging.XmlKeywordLogger</class>
  <method>logMessage</method>
  <thread>1</thread>
  <message>https://docs.katalon.com/katalon-studio/docs/auto-healing-smart-xpath.html</message>
  <nestedLevel>0</nestedLevel>
</record>
<record>
  <date>2019-10-17T10:48:31</date>
  <millis>1571289511517</millis>
  <sequence>234</sequence>
  <level>INFO</level>
  <class>com.kms.katalon.core.logging.XmlKeywordLogger</class>
  <method>logMessage</method>
  <thread>1</thread>
  <message>===============================================================</message>
  <nestedLevel>0</nestedLevel>
</record>
<record>
  <date>2019-10-17T10:48:31</date>
  <millis>1571289511521</millis>
  <sequence>235</sequence>
  <level>START</level>
  <class>com.kms.katalon.core.logging.XmlKeywordLogger</class>
  <method>startTest</method>
  <thread>1</thread>
  <message>Start Test Case : Test Cases/UI Test Scenarios/Modules/Logout/GSM Logout</message>
  <nestedLevel>1</nestedLevel>
  <property name="name">Test Cases/UI Test Scenarios/Modules/Logout/GSM Logout</property>
  <property name="description"></property>
  <property name="id">Test Cases/UI Test Scenarios/Modules/Logout/GSM Logout</property>
  <property name="source">C:\\Users\\Dell\\Katalon Studio\\1\\Test Cases\\UI Test Scenarios\\Modules\\Logout\\GSM Logout.tc</property>
  <property name="tag"></property>
  <property name="isOptional">false</property>
</record>
<record>
  <date>2019-10-17T10:48:31</date>
  <millis>1571289511760</millis>
  <sequence>237</sequence>
  <level>START</level>
  <class>com.kms.katalon.core.logging.XmlKeywordLogger</class>
  <method>startKeyword</method>
  <thread>1</thread>
  <message>Start action : click(findTestObject(\&amp;quot;UI Test Scenarios/Modules/GSM Logout/Page_Templates/a_Help_user-panel-dropdown-4\&amp;quot;))</message>
  <nestedLevel>1</nestedLevel>
  <property name="startLine">17</property>
  <property name="stepIndex">1</property>
</record>
<record>
  <date>2019-10-17T10:48:36</date>
  <millis>1571289516037</millis>
  <sequence>244</sequence>
  <level>PASSED</level>
  <class>com.kms.katalon.core.logging.XmlKeywordLogger</class>
  <method>logMessage</method>
  <thread>1</thread>
  <message>Object: &amp;apos;Object Repository/UI Test Scenarios/Modules/GSM Logout/Page_Templates/a_Help_user-panel-dropdown-4&amp;apos; is clicked on</message>
  <nestedLevel>1</nestedLevel>
</record>
<record>
  <date>2019-10-17T10:48:36</date>
  <millis>1571289516037</millis>
  <sequence>245</sequence>
  <level>END</level>
  <class>com.kms.katalon.core.logging.XmlKeywordLogger</class>
  <method>endKeyword</method>
  <thread>1</thread>
  <message>End action : click(findTestObject(\&amp;quot;UI Test Scenarios/Modules/GSM Logout/Page_Templates/a_Help_user-panel-dropdown-4\&amp;quot;))</message>
  <nestedLevel>1</nestedLevel>
</record>
<record>
  <date>2019-10-17T10:48:36</date>
  <millis>1571289516040</millis>
  <sequence>246</sequence>
  <level>START</level>
  <class>com.kms.katalon.core.logging.XmlKeywordLogger</class>
  <method>startKeyword</method>
  <thread>1</thread>
  <message>Start action : click(findTestObject(\&amp;quot;UI Test Scenarios/Modules/GSM Logout/Page_Templates/a_Log Out\&amp;quot;))</message>
  <nestedLevel>1</nestedLevel>
  <property name="startLine">19</property>
  <property name="stepIndex">2</property>
</record>
<record>
  <date>2019-10-17T10:48:40</date>
  <millis>1571289520376</millis>
  <sequence>253</sequence>
  <level>PASSED</level>
  <class>com.kms.katalon.core.logging.XmlKeywordLogger</class>
  <method>logMessage</method>
  <thread>1</thread>
  <message>Object: &amp;apos;Object Repository/UI Test Scenarios/Modules/GSM Logout/Page_Templates/a_Log Out&amp;apos; is clicked on</message>
  <nestedLevel>1</nestedLevel>
</record>
<record>
  <date>2019-10-17T10:48:40</date>
  <millis>1571289520377</millis>
  <sequence>254</sequence>
  <level>END</level>
  <class>com.kms.katalon.core.logging.XmlKeywordLogger</class>
  <method>endKeyword</method>
  <thread>1</thread>
  <message>End action : click(findTestObject(\&amp;quot;UI Test Scenarios/Modules/GSM Logout/Page_Templates/a_Log Out\&amp;quot;))</message>
  <nestedLevel>1</nestedLevel>
</record>
<record>
  <date>2019-10-17T10:48:40</date>
  <millis>1571289520377</millis>
  <sequence>255</sequence>
  <level>PASSED</level>
  <class>com.kms.katalon.core.logging.XmlKeywordLogger</class>
  <method>logMessage</method>
  <thread>1</thread>
  <message>Test Cases/UI Test Scenarios/Modules/Logout/GSM Logout</message>
  <nestedLevel>1</nestedLevel>
</record>
<record>
  <date>2019-10-17T10:48:40</date>
  <millis>1571289520379</millis>
  <sequence>256</sequence>
  <level>END</level>
  <class>com.kms.katalon.core.logging.XmlKeywordLogger</class>
  <method>endTest</method>
  <thread>1</thread>
  <message>End Test Case : Test Cases/UI Test Scenarios/Modules/Logout/GSM Logout</message>
  <nestedLevel>0</nestedLevel>
</record>
<record>
  <date>2019-10-17T10:48:40</date>
  <millis>1571289520379</millis>
  <sequence>257</sequence>
  <level>INFO</level>
  <class>com.kms.katalon.core.logging.XmlKeywordLogger</class>
  <method>logMessage</method>
  <thread>1</thread>
  <message>=================== Smart XPath Report =======================</message>
  <nestedLevel>0</nestedLevel>
</record>
<record>
  <date>2019-10-17T10:48:40</date>
  <millis>1571289520379</millis>
  <sequence>258</sequence>
  <level>INFO</level>
  <class>com.kms.katalon.core.logging.XmlKeywordLogger</class>
  <method>logMessage</method>
  <thread>1</thread>
  <message>Refer to the link below to preview and approve auto healing on broken test objects.</message>
  <nestedLevel>0</nestedLevel>
</record>
<record>
  <date>2019-10-17T10:48:40</date>
  <millis>1571289520379</millis>
  <sequence>259</sequence>
  <level>INFO</level>
  <class>com.kms.katalon.core.logging.XmlKeywordLogger</class>
  <method>logMessage</method>
  <thread>1</thread>
  <message>https://docs.katalon.com/katalon-studio/docs/auto-healing-smart-xpath.html</message>
  <nestedLevel>0</nestedLevel>
</record>
<record>
  <date>2019-10-17T10:48:40</date>
  <millis>1571289520379</millis>
  <sequence>260</sequence>
  <level>INFO</level>
  <class>com.kms.katalon.core.logging.XmlKeywordLogger</class>
  <method>logMessage</method>
  <thread>1</thread>
  <message>===============================================================</message>
  <nestedLevel>0</nestedLevel>
</record>
<record>
  <date>2019-10-17T10:48:40</date>
  <millis>1571289520379</millis>
  <sequence>261</sequence>
  <level>START</level>
  <class>com.kms.katalon.core.logging.XmlKeywordLogger</class>
  <method>startKeyword</method>
  <thread>1</thread>
  <message>Start listener action : exportKatalonReports</message>
  <nestedLevel>0</nestedLevel>
</record>
<record>
  <date>2019-10-17T10:48:40</date>
  <millis>1571289520662</millis>
  <sequence>591</sequence>
  <level>INFO</level>
  <class>com.kms.katalon.core.logging.XmlKeywordLogger</class>
  <method>logMessage</method>
  <thread>1</thread>
  <message>Start generating HTML report folder at: C:\\Users\\Dell\\Katalon Studio\\1\\Reports\\20191017_104505\\UI Suits\\Regression Images\\20191017_104505...</message>
  <nestedLevel>0</nestedLevel>
</record>
<record>
  <date>2019-10-17T10:48:41</date>
  <millis>1571289521168</millis>
  <sequence>592</sequence>
  <level>INFO</level>
  <class>com.kms.katalon.core.logging.XmlKeywordLogger</class>
  <method>logMessage</method>
  <thread>1</thread>
  <message>HTML report generated</message>
  <nestedLevel>0</nestedLevel>
</record>
<record>
  <date>2019-10-17T10:48:41</date>
  <millis>1571289521168</millis>
  <sequence>593</sequence>
  <level>INFO</level>
  <class>com.kms.katalon.core.logging.XmlKeywordLogger</class>
  <method>logMessage</method>
  <thread>1</thread>
  <message>Start generating CSV report folder at: C:\\Users\\Dell\\Katalon Studio\\1\\Reports\\20191017_104505\\UI Suits\\Regression Images\\20191017_104505...</message>
  <nestedLevel>0</nestedLevel>
</record>
<record>
  <date>2019-10-17T10:48:41</date>
  <millis>1571289521199</millis>
  <sequence>594</sequence>
  <level>INFO</level>
  <class>com.kms.katalon.core.logging.XmlKeywordLogger</class>
  <method>logMessage</method>
  <thread>1</thread>
  <message>CSV report generated</message>
  <nestedLevel>0</nestedLevel>
</record>
<record>
  <date>2019-10-17T10:48:41</date>
  <millis>1571289521199</millis>
  <sequence>595</sequence>
  <level>INFO</level>
  <class>com.kms.katalon.core.logging.XmlKeywordLogger</class>
  <method>logMessage</method>
  <thread>1</thread>
  <message>Start generating JUnit report folder at: C:\\Users\\Dell\\Katalon Studio\\1\\Reports\\20191017_104505\\UI Suits\\Regression Images\\20191017_104505...</message>
  <nestedLevel>0</nestedLevel>
</record>
<record>
  <date>2019-10-17T10:48:41</date>
  <millis>1571289521360</millis>
  <sequence>596</sequence>
  <level>INFO</level>
  <class>com.kms.katalon.core.logging.XmlKeywordLogger</class>
  <method>logMessage</method>
  <thread>1</thread>
  <message>JUnit report generated</message>
  <nestedLevel>0</nestedLevel>
</record>
<record>
  <date>2019-10-17T10:48:41</date>
  <millis>1571289521360</millis>
  <sequence>597</sequence>
  <level>INFO</level>
  <class>com.kms.katalon.core.logging.XmlKeywordLogger</class>
  <method>logMessage</method>
  <thread>1</thread>
  <message>Start generating PDF report folder at: C:\\Users\\Dell\\Katalon Studio\\1\\Reports\\20191017_104505\\UI Suits\\Regression Images\\20191017_104505...</message>
  <nestedLevel>0</nestedLevel>
</record>
<record>
  <date>2019-10-17T10:48:50</date>
  <millis>1571289530192</millis>
  <sequence>598</sequence>
  <level>INFO</level>
  <class>com.kms.katalon.core.logging.XmlKeywordLogger</class>
  <method>logMessage</method>
  <thread>1</thread>
  <message>PDF report generated</message>
  <nestedLevel>0</nestedLevel>
</record>
<record>
  <date>2019-10-17T10:48:50</date>
  <millis>1571289530192</millis>
  <sequence>600</sequence>
  <level>END</level>
  <class>com.kms.katalon.core.logging.XmlKeywordLogger</class>
  <method>endKeyword</method>
  <thread>1</thread>
  <message>End listener action : exportKatalonReports</message>
  <nestedLevel>0</nestedLevel>
</record>
<record>
  <date>2019-10-17T10:48:53</date>
  <millis>1571289533005</millis>
  <sequence>601</sequence>
  <level>END</level>
  <class>com.kms.katalon.core.logging.XmlKeywordLogger</class>
  <method>endSuite</method>
  <thread>1</thread>
  <message>End Test Suite : Test Suites/UI Suits/Regression Images</message>
  <nestedLevel>0</nestedLevel>
</record>
</log>