<?xml version="1.0" encoding="UTF-8" standalone="no"?>
<!DOCTYPE log SYSTEM "logger.dtd">
<log>
<record>
  <date>2019-10-18T15:20:58</date>
  <millis>1571392258313</millis>
  <sequence>0</sequence>
  <level>START</level>
  <class>com.kms.katalon.core.logging.XmlKeywordLogger</class>
  <method>startSuite</method>
  <thread>1</thread>
  <message>Start Test Suite : Test Suites/API Suits/API Suite 1</message>
  <nestedLevel>0</nestedLevel>
  <property name="name">API Suite 1</property>
  <property name="description"></property>
  <property name="id">Test Suites/API Suits/API Suite 1</property>
</record>
<record>
  <date>2019-10-18T15:20:58</date>
  <millis>1571392258332</millis>
  <sequence>1</sequence>
  <level>RUN_DATA</level>
  <class>com.kms.katalon.core.logging.XmlKeywordLogger</class>
  <method>logMessage</method>
  <thread>1</thread>
  <message>hostName = Dell - DESKTOP-A4R0EHC</message>
  <nestedLevel>0</nestedLevel>
  <property name="hostName">Dell - DESKTOP-A4R0EHC</property>
</record>
<record>
  <date>2019-10-18T15:20:58</date>
  <millis>1571392258335</millis>
  <sequence>2</sequence>
  <level>RUN_DATA</level>
  <class>com.kms.katalon.core.logging.XmlKeywordLogger</class>
  <method>logMessage</method>
  <thread>1</thread>
  <message>os = Windows 10 64bit</message>
  <nestedLevel>0</nestedLevel>
  <property name="os">Windows 10 64bit</property>
</record>
<record>
  <date>2019-10-18T15:20:58</date>
  <millis>1571392258336</millis>
  <sequence>3</sequence>
  <level>RUN_DATA</level>
  <class>com.kms.katalon.core.logging.XmlKeywordLogger</class>
  <method>logMessage</method>
  <thread>1</thread>
  <message>hostAddress = 192.168.0.110</message>
  <nestedLevel>0</nestedLevel>
  <property name="hostAddress">192.168.0.110</property>
</record>
<record>
  <date>2019-10-18T15:20:58</date>
  <millis>1571392258337</millis>
  <sequence>4</sequence>
  <level>RUN_DATA</level>
  <class>com.kms.katalon.core.logging.XmlKeywordLogger</class>
  <method>logMessage</method>
  <thread>1</thread>
  <message>katalonVersion = 6.3.3.11</message>
  <nestedLevel>0</nestedLevel>
  <property name="katalonVersion">6.3.3.11</property>
</record>
<record>
  <date>2019-10-18T15:20:58</date>
  <millis>1571392258919</millis>
  <sequence>5</sequence>
  <level>START</level>
  <class>com.kms.katalon.core.logging.XmlKeywordLogger</class>
  <method>startTest</method>
  <thread>1</thread>
  <message>Start Test Case : Test Cases/API Requests/Sample Requests/Create User</message>
  <nestedLevel>1</nestedLevel>
  <property name="name">Test Cases/API Requests/Sample Requests/Create User</property>
  <property name="description"></property>
  <property name="id">Test Cases/API Requests/Sample Requests/Create User</property>
  <property name="source">C:\\Users\\Dell\\Katalon Studio\\GSM Demo\\Test Cases\\API Requests\\Sample Requests\\Create User.tc</property>
  <property name="tag"></property>
  <property name="isOptional">false</property>
</record>
<record>
  <date>2019-10-18T15:20:59</date>
  <millis>1571392259665</millis>
  <sequence>7</sequence>
  <level>START</level>
  <class>com.kms.katalon.core.logging.XmlKeywordLogger</class>
  <method>startKeyword</method>
  <thread>1</thread>
  <message>Start action : sendRequest(findTestObject(\&amp;quot;API Requests/Sample Requests/Create User\&amp;quot;))</message>
  <nestedLevel>1</nestedLevel>
  <property name="startLine">16</property>
  <property name="stepIndex">1</property>
</record>
<record>
  <date>2019-10-18T15:21:02</date>
  <millis>1571392262827</millis>
  <sequence>10</sequence>
  <level>INFO</level>
  <class>com.kms.katalon.core.logging.XmlKeywordLogger</class>
  <method>logMessage</method>
  <thread>1</thread>
  <message>HAR: C:\\Users\\Dell\\Katalon Studio\\GSM Demo\\Reports\\20191018_151320\\API Suits\\API Suite 1\\20191018_151323\\requests\\main\\0.har</message>
  <nestedLevel>1</nestedLevel>
  <property name="harId">dd813707-c456-4d8b-9a78-60df581898c6</property>
</record>
<record>
  <date>2019-10-18T15:21:02</date>
  <millis>1571392262940</millis>
  <sequence>11</sequence>
  <level>PASSED</level>
  <class>com.kms.katalon.core.logging.XmlKeywordLogger</class>
  <method>logMessage</method>
  <thread>1</thread>
  <message>Send request successfully</message>
  <nestedLevel>1</nestedLevel>
</record>
<record>
  <date>2019-10-18T15:21:02</date>
  <millis>1571392262941</millis>
  <sequence>12</sequence>
  <level>END</level>
  <class>com.kms.katalon.core.logging.XmlKeywordLogger</class>
  <method>endKeyword</method>
  <thread>1</thread>
  <message>End action : sendRequest(findTestObject(\&amp;quot;API Requests/Sample Requests/Create User\&amp;quot;))</message>
  <nestedLevel>1</nestedLevel>
</record>
<record>
  <date>2019-10-18T15:21:02</date>
  <millis>1571392262942</millis>
  <sequence>13</sequence>
  <level>PASSED</level>
  <class>com.kms.katalon.core.logging.XmlKeywordLogger</class>
  <method>logMessage</method>
  <thread>1</thread>
  <message>Test Cases/API Requests/Sample Requests/Create User</message>
  <nestedLevel>1</nestedLevel>
</record>
<record>
  <date>2019-10-18T15:21:02</date>
  <millis>1571392262943</millis>
  <sequence>14</sequence>
  <level>END</level>
  <class>com.kms.katalon.core.logging.XmlKeywordLogger</class>
  <method>endTest</method>
  <thread>1</thread>
  <message>End Test Case : Test Cases/API Requests/Sample Requests/Create User</message>
  <nestedLevel>0</nestedLevel>
</record>
<record>
  <date>2019-10-18T15:21:02</date>
  <millis>1571392262958</millis>
  <sequence>15</sequence>
  <level>START</level>
  <class>com.kms.katalon.core.logging.XmlKeywordLogger</class>
  <method>startTest</method>
  <thread>1</thread>
  <message>Start Test Case : Test Cases/API Requests/Sample Requests/Update User</message>
  <nestedLevel>1</nestedLevel>
  <property name="name">Test Cases/API Requests/Sample Requests/Update User</property>
  <property name="description"></property>
  <property name="id">Test Cases/API Requests/Sample Requests/Update User</property>
  <property name="source">C:\\Users\\Dell\\Katalon Studio\\GSM Demo\\Test Cases\\API Requests\\Sample Requests\\Update User.tc</property>
  <property name="tag"></property>
  <property name="isOptional">false</property>
</record>
<record>
  <date>2019-10-18T15:21:03</date>
  <millis>1571392263294</millis>
  <sequence>17</sequence>
  <level>START</level>
  <class>com.kms.katalon.core.logging.XmlKeywordLogger</class>
  <method>startKeyword</method>
  <thread>1</thread>
  <message>Start action : sendRequest(findTestObject(\&amp;quot;API Requests/Sample Requests/Update User\&amp;quot;))</message>
  <nestedLevel>1</nestedLevel>
  <property name="startLine">16</property>
  <property name="stepIndex">1</property>
</record>
<record>
  <date>2019-10-18T15:21:04</date>
  <millis>1571392264088</millis>
  <sequence>20</sequence>
  <level>INFO</level>
  <class>com.kms.katalon.core.logging.XmlKeywordLogger</class>
  <method>logMessage</method>
  <thread>1</thread>
  <message>HAR: C:\\Users\\Dell\\Katalon Studio\\GSM Demo\\Reports\\20191018_151320\\API Suits\\API Suite 1\\20191018_151323\\requests\\main\\1.har</message>
  <nestedLevel>1</nestedLevel>
  <property name="harId">3902e419-0323-4b57-9940-0f761b01d1e1</property>
</record>
<record>
  <date>2019-10-18T15:21:04</date>
  <millis>1571392264111</millis>
  <sequence>21</sequence>
  <level>PASSED</level>
  <class>com.kms.katalon.core.logging.XmlKeywordLogger</class>
  <method>logMessage</method>
  <thread>1</thread>
  <message>Send request successfully</message>
  <nestedLevel>1</nestedLevel>
</record>
<record>
  <date>2019-10-18T15:21:04</date>
  <millis>1571392264112</millis>
  <sequence>22</sequence>
  <level>END</level>
  <class>com.kms.katalon.core.logging.XmlKeywordLogger</class>
  <method>endKeyword</method>
  <thread>1</thread>
  <message>End action : sendRequest(findTestObject(\&amp;quot;API Requests/Sample Requests/Update User\&amp;quot;))</message>
  <nestedLevel>1</nestedLevel>
</record>
<record>
  <date>2019-10-18T15:21:04</date>
  <millis>1571392264113</millis>
  <sequence>23</sequence>
  <level>PASSED</level>
  <class>com.kms.katalon.core.logging.XmlKeywordLogger</class>
  <method>logMessage</method>
  <thread>1</thread>
  <message>Test Cases/API Requests/Sample Requests/Update User</message>
  <nestedLevel>1</nestedLevel>
</record>
<record>
  <date>2019-10-18T15:21:04</date>
  <millis>1571392264114</millis>
  <sequence>24</sequence>
  <level>END</level>
  <class>com.kms.katalon.core.logging.XmlKeywordLogger</class>
  <method>endTest</method>
  <thread>1</thread>
  <message>End Test Case : Test Cases/API Requests/Sample Requests/Update User</message>
  <nestedLevel>0</nestedLevel>
</record>
<record>
  <date>2019-10-18T15:21:04</date>
  <millis>1571392264120</millis>
  <sequence>25</sequence>
  <level>START</level>
  <class>com.kms.katalon.core.logging.XmlKeywordLogger</class>
  <method>startTest</method>
  <thread>1</thread>
  <message>Start Test Case : Test Cases/API Requests/Sample Requests/Get Single User</message>
  <nestedLevel>1</nestedLevel>
  <property name="name">Test Cases/API Requests/Sample Requests/Get Single User</property>
  <property name="description"></property>
  <property name="id">Test Cases/API Requests/Sample Requests/Get Single User</property>
  <property name="source">C:\\Users\\Dell\\Katalon Studio\\GSM Demo\\Test Cases\\API Requests\\Sample Requests\\Get Single User.tc</property>
  <property name="tag"></property>
  <property name="isOptional">false</property>
</record>
<record>
  <date>2019-10-18T15:21:04</date>
  <millis>1571392264365</millis>
  <sequence>27</sequence>
  <level>START</level>
  <class>com.kms.katalon.core.logging.XmlKeywordLogger</class>
  <method>startKeyword</method>
  <thread>1</thread>
  <message>Start action : sendRequestAndVerify(findTestObject(\&amp;quot;API Requests/Sample Requests/Get Single User\&amp;quot;))</message>
  <nestedLevel>1</nestedLevel>
  <property name="startLine">16</property>
  <property name="stepIndex">1</property>
</record>
<record>
  <date>2019-10-18T15:21:04</date>
  <millis>1571392264689</millis>
  <sequence>30</sequence>
  <level>INFO</level>
  <class>com.kms.katalon.core.logging.XmlKeywordLogger</class>
  <method>logMessage</method>
  <thread>1</thread>
  <message>HAR: C:\\Users\\Dell\\Katalon Studio\\GSM Demo\\Reports\\20191018_151320\\API Suits\\API Suite 1\\20191018_151323\\requests\\main\\2.har</message>
  <nestedLevel>1</nestedLevel>
  <property name="harId">c28cf971-7731-43dc-94c2-c6e156b76779</property>
</record>
<record>
  <date>2019-10-18T15:21:04</date>
  <millis>1571392264781</millis>
  <sequence>32</sequence>
  <level>START</level>
  <class>com.kms.katalon.core.logging.XmlKeywordLogger</class>
  <method>startTest</method>
  <thread>1</thread>
  <message>Start Test Case : Verification</message>
  <nestedLevel>2</nestedLevel>
</record>
<record>
  <date>2019-10-18T15:21:05</date>
  <millis>1571392265014</millis>
  <sequence>33</sequence>
  <level>START</level>
  <class>com.kms.katalon.core.logging.XmlKeywordLogger</class>
  <method>startKeyword</method>
  <thread>1</thread>
  <message>Start action : request = getInstance().getCurrentRequest()</message>
  <nestedLevel>1</nestedLevel>
  <property name="startLine">11</property>
  <property name="stepIndex">1</property>
</record>
<record>
  <date>2019-10-18T15:21:05</date>
  <millis>1571392265140</millis>
  <sequence>34</sequence>
  <level>END</level>
  <class>com.kms.katalon.core.logging.XmlKeywordLogger</class>
  <method>endKeyword</method>
  <thread>1</thread>
  <message>End action : request = getInstance().getCurrentRequest()</message>
  <nestedLevel>1</nestedLevel>
</record>
<record>
  <date>2019-10-18T15:21:05</date>
  <millis>1571392265141</millis>
  <sequence>35</sequence>
  <level>START</level>
  <class>com.kms.katalon.core.logging.XmlKeywordLogger</class>
  <method>startKeyword</method>
  <thread>1</thread>
  <message>Start action : response = getInstance().getCurrentResponse()</message>
  <nestedLevel>1</nestedLevel>
  <property name="startLine">13</property>
  <property name="stepIndex">2</property>
</record>
<record>
  <date>2019-10-18T15:21:05</date>
  <millis>1571392265145</millis>
  <sequence>36</sequence>
  <level>END</level>
  <class>com.kms.katalon.core.logging.XmlKeywordLogger</class>
  <method>endKeyword</method>
  <thread>1</thread>
  <message>End action : response = getInstance().getCurrentResponse()</message>
  <nestedLevel>1</nestedLevel>
</record>
<record>
  <date>2019-10-18T15:21:05</date>
  <millis>1571392265145</millis>
  <sequence>37</sequence>
  <level>START</level>
  <class>com.kms.katalon.core.logging.XmlKeywordLogger</class>
  <method>startKeyword</method>
  <thread>1</thread>
  <message>Start action : verifyResponseStatusCode(response, 200)</message>
  <nestedLevel>1</nestedLevel>
  <property name="startLine">16</property>
  <property name="stepIndex">3</property>
</record>
<record>
  <date>2019-10-18T15:21:05</date>
  <millis>1571392265162</millis>
  <sequence>39</sequence>
  <level>PASSED</level>
  <class>com.kms.katalon.core.logging.XmlKeywordLogger</class>
  <method>logMessage</method>
  <thread>1</thread>
  <message>Verify response status code successfully</message>
  <nestedLevel>2</nestedLevel>
</record>
<record>
  <date>2019-10-18T15:21:05</date>
  <millis>1571392265163</millis>
  <sequence>40</sequence>
  <level>END</level>
  <class>com.kms.katalon.core.logging.XmlKeywordLogger</class>
  <method>endKeyword</method>
  <thread>1</thread>
  <message>End action : verifyResponseStatusCode(response, 200)</message>
  <nestedLevel>1</nestedLevel>
</record>
<record>
  <date>2019-10-18T15:21:05</date>
  <millis>1571392265163</millis>
  <sequence>41</sequence>
  <level>START</level>
  <class>com.kms.katalon.core.logging.XmlKeywordLogger</class>
  <method>startKeyword</method>
  <thread>1</thread>
  <message>Start action : getStatusCode()).isEqualTo(200)</message>
  <nestedLevel>1</nestedLevel>
  <property name="startLine">17</property>
  <property name="stepIndex">4</property>
</record>
<record>
  <date>2019-10-18T15:21:05</date>
  <millis>1571392265311</millis>
  <sequence>42</sequence>
  <level>END</level>
  <class>com.kms.katalon.core.logging.XmlKeywordLogger</class>
  <method>endKeyword</method>
  <thread>1</thread>
  <message>End action : getStatusCode()).isEqualTo(200)</message>
  <nestedLevel>1</nestedLevel>
</record>
<record>
  <date>2019-10-18T15:21:05</date>
  <millis>1571392265313</millis>
  <sequence>43</sequence>
  <level>START</level>
  <class>com.kms.katalon.core.logging.XmlKeywordLogger</class>
  <method>startKeyword</method>
  <thread>1</thread>
  <message>Start action : containsKey(\&amp;quot;Content-Type\&amp;quot;)).isTrue()</message>
  <nestedLevel>1</nestedLevel>
  <property name="startLine">20</property>
  <property name="stepIndex">5</property>
</record>
<record>
  <date>2019-10-18T15:21:05</date>
  <millis>1571392265359</millis>
  <sequence>44</sequence>
  <level>END</level>
  <class>com.kms.katalon.core.logging.XmlKeywordLogger</class>
  <method>endKeyword</method>
  <thread>1</thread>
  <message>End action : containsKey(\&amp;quot;Content-Type\&amp;quot;)).isTrue()</message>
  <nestedLevel>1</nestedLevel>
</record>
<record>
  <date>2019-10-18T15:21:05</date>
  <millis>1571392265360</millis>
  <sequence>45</sequence>
  <level>START</level>
  <class>com.kms.katalon.core.logging.XmlKeywordLogger</class>
  <method>startKeyword</method>
  <thread>1</thread>
  <message>Start action : getResponseText()).contains(\&amp;quot;first_name\&amp;quot;)</message>
  <nestedLevel>1</nestedLevel>
  <property name="startLine">23</property>
  <property name="stepIndex">6</property>
</record>
<record>
  <date>2019-10-18T15:21:05</date>
  <millis>1571392265395</millis>
  <sequence>46</sequence>
  <level>END</level>
  <class>com.kms.katalon.core.logging.XmlKeywordLogger</class>
  <method>endKeyword</method>
  <thread>1</thread>
  <message>End action : getResponseText()).contains(\&amp;quot;first_name\&amp;quot;)</message>
  <nestedLevel>1</nestedLevel>
</record>
<record>
  <date>2019-10-18T15:21:05</date>
  <millis>1571392265395</millis>
  <sequence>47</sequence>
  <level>START</level>
  <class>com.kms.katalon.core.logging.XmlKeywordLogger</class>
  <method>startKeyword</method>
  <thread>1</thread>
  <message>Start action : verifyElementPropertyValue(response, \&amp;quot;data.first_name\&amp;quot;, \&amp;quot;Janet\&amp;quot;)</message>
  <nestedLevel>1</nestedLevel>
  <property name="startLine">26</property>
  <property name="stepIndex">7</property>
</record>
<record>
  <date>2019-10-18T15:21:05</date>
  <millis>1571392265478</millis>
  <sequence>49</sequence>
  <level>PASSED</level>
  <class>com.kms.katalon.core.logging.XmlKeywordLogger</class>
  <method>logMessage</method>
  <thread>1</thread>
  <message>Verify element property value successfully</message>
  <nestedLevel>2</nestedLevel>
</record>
<record>
  <date>2019-10-18T15:21:05</date>
  <millis>1571392265478</millis>
  <sequence>50</sequence>
  <level>END</level>
  <class>com.kms.katalon.core.logging.XmlKeywordLogger</class>
  <method>endKeyword</method>
  <thread>1</thread>
  <message>End action : verifyElementPropertyValue(response, \&amp;quot;data.first_name\&amp;quot;, \&amp;quot;Janet\&amp;quot;)</message>
  <nestedLevel>1</nestedLevel>
</record>
<record>
  <date>2019-10-18T15:21:05</date>
  <millis>1571392265479</millis>
  <sequence>51</sequence>
  <level>PASSED</level>
  <class>com.kms.katalon.core.logging.XmlKeywordLogger</class>
  <method>logMessage</method>
  <thread>1</thread>
  <message>Verification accomplished successfully</message>
  <nestedLevel>2</nestedLevel>
</record>
<record>
  <date>2019-10-18T15:21:05</date>
  <millis>1571392265480</millis>
  <sequence>52</sequence>
  <level>END</level>
  <class>com.kms.katalon.core.logging.XmlKeywordLogger</class>
  <method>endTest</method>
  <thread>1</thread>
  <message>End Test Case : Verification</message>
  <nestedLevel>1</nestedLevel>
</record>
<record>
  <date>2019-10-18T15:21:05</date>
  <millis>1571392265486</millis>
  <sequence>53</sequence>
  <level>PASSED</level>
  <class>com.kms.katalon.core.logging.XmlKeywordLogger</class>
  <method>logMessage</method>
  <thread>1</thread>
  <message>Verify response successfully</message>
  <nestedLevel>1</nestedLevel>
</record>
<record>
  <date>2019-10-18T15:21:05</date>
  <millis>1571392265487</millis>
  <sequence>54</sequence>
  <level>PASSED</level>
  <class>com.kms.katalon.core.logging.XmlKeywordLogger</class>
  <method>logMessage</method>
  <thread>1</thread>
  <message>Send request and verify the response successfully</message>
  <nestedLevel>1</nestedLevel>
</record>
<record>
  <date>2019-10-18T15:21:05</date>
  <millis>1571392265487</millis>
  <sequence>55</sequence>
  <level>END</level>
  <class>com.kms.katalon.core.logging.XmlKeywordLogger</class>
  <method>endKeyword</method>
  <thread>1</thread>
  <message>End action : sendRequestAndVerify(findTestObject(\&amp;quot;API Requests/Sample Requests/Get Single User\&amp;quot;))</message>
  <nestedLevel>1</nestedLevel>
</record>
<record>
  <date>2019-10-18T15:21:05</date>
  <millis>1571392265489</millis>
  <sequence>56</sequence>
  <level>PASSED</level>
  <class>com.kms.katalon.core.logging.XmlKeywordLogger</class>
  <method>logMessage</method>
  <thread>1</thread>
  <message>Test Cases/API Requests/Sample Requests/Get Single User</message>
  <nestedLevel>1</nestedLevel>
</record>
<record>
  <date>2019-10-18T15:21:05</date>
  <millis>1571392265489</millis>
  <sequence>57</sequence>
  <level>END</level>
  <class>com.kms.katalon.core.logging.XmlKeywordLogger</class>
  <method>endTest</method>
  <thread>1</thread>
  <message>End Test Case : Test Cases/API Requests/Sample Requests/Get Single User</message>
  <nestedLevel>0</nestedLevel>
</record>
<record>
  <date>2019-10-18T15:21:05</date>
  <millis>1571392265499</millis>
  <sequence>58</sequence>
  <level>START</level>
  <class>com.kms.katalon.core.logging.XmlKeywordLogger</class>
  <method>startTest</method>
  <thread>1</thread>
  <message>Start Test Case : Test Cases/API Requests/Sample Requests/Delete User</message>
  <nestedLevel>1</nestedLevel>
  <property name="name">Test Cases/API Requests/Sample Requests/Delete User</property>
  <property name="description"></property>
  <property name="id">Test Cases/API Requests/Sample Requests/Delete User</property>
  <property name="source">C:\\Users\\Dell\\Katalon Studio\\GSM Demo\\Test Cases\\API Requests\\Sample Requests\\Delete User.tc</property>
  <property name="tag"></property>
  <property name="isOptional">false</property>
</record>
<record>
  <date>2019-10-18T15:21:05</date>
  <millis>1571392265863</millis>
  <sequence>60</sequence>
  <level>START</level>
  <class>com.kms.katalon.core.logging.XmlKeywordLogger</class>
  <method>startKeyword</method>
  <thread>1</thread>
  <message>Start action : sendRequest(findTestObject(\&amp;quot;API Requests/Sample Requests/Delete User\&amp;quot;))</message>
  <nestedLevel>1</nestedLevel>
  <property name="startLine">16</property>
  <property name="stepIndex">1</property>
</record>
<record>
  <date>2019-10-18T15:21:06</date>
  <millis>1571392266574</millis>
  <sequence>63</sequence>
  <level>INFO</level>
  <class>com.kms.katalon.core.logging.XmlKeywordLogger</class>
  <method>logMessage</method>
  <thread>1</thread>
  <message>HAR: C:\\Users\\Dell\\Katalon Studio\\GSM Demo\\Reports\\20191018_151320\\API Suits\\API Suite 1\\20191018_151323\\requests\\main\\3.har</message>
  <nestedLevel>1</nestedLevel>
  <property name="harId">89287464-fb01-4a32-8b47-777c82ff73b4</property>
</record>
<record>
  <date>2019-10-18T15:21:06</date>
  <millis>1571392266595</millis>
  <sequence>64</sequence>
  <level>PASSED</level>
  <class>com.kms.katalon.core.logging.XmlKeywordLogger</class>
  <method>logMessage</method>
  <thread>1</thread>
  <message>Send request successfully</message>
  <nestedLevel>1</nestedLevel>
</record>
<record>
  <date>2019-10-18T15:21:06</date>
  <millis>1571392266595</millis>
  <sequence>65</sequence>
  <level>END</level>
  <class>com.kms.katalon.core.logging.XmlKeywordLogger</class>
  <method>endKeyword</method>
  <thread>1</thread>
  <message>End action : sendRequest(findTestObject(\&amp;quot;API Requests/Sample Requests/Delete User\&amp;quot;))</message>
  <nestedLevel>1</nestedLevel>
</record>
<record>
  <date>2019-10-18T15:21:06</date>
  <millis>1571392266596</millis>
  <sequence>66</sequence>
  <level>PASSED</level>
  <class>com.kms.katalon.core.logging.XmlKeywordLogger</class>
  <method>logMessage</method>
  <thread>1</thread>
  <message>Test Cases/API Requests/Sample Requests/Delete User</message>
  <nestedLevel>1</nestedLevel>
</record>
<record>
  <date>2019-10-18T15:21:06</date>
  <millis>1571392266597</millis>
  <sequence>67</sequence>
  <level>END</level>
  <class>com.kms.katalon.core.logging.XmlKeywordLogger</class>
  <method>endTest</method>
  <thread>1</thread>
  <message>End Test Case : Test Cases/API Requests/Sample Requests/Delete User</message>
  <nestedLevel>0</nestedLevel>
</record>
<record>
  <date>2019-10-18T15:21:06</date>
  <millis>1571392266675</millis>
  <sequence>68</sequence>
  <level>END</level>
  <class>com.kms.katalon.core.logging.XmlKeywordLogger</class>
  <method>endSuite</method>
  <thread>1</thread>
  <message>End Test Suite : Test Suites/API Suits/API Suite 1</message>
  <nestedLevel>0</nestedLevel>
</record>
</log>
