I 2019-10-11 18:57:39:602 server.cc(86) Starting WebDriver server on port: '33751' on host: ''
T 2019-10-11 18:57:39:603 server.cc(634) Entering Server::PopulateCommandRepository
T 2019-10-11 18:57:39:603 IEServer.cpp(32) Entering IEServer::IEServer
I 2019-10-11 18:57:39:603 IEServer.cpp(33) Driver version: 3.6.0.0 (32-bit)
T 2019-10-11 18:57:39:603 server.cc(121) Entering Server::Start
D 2019-10-11 18:57:39:604 server.cc(148) Civetweb ACL is -0.0.0.0/0,+127.0.0.1
T 2019-10-11 18:57:40:090 server.cc(174) Entering Server::ProcessRequest
T 2019-10-11 18:57:40:090 server.cc(183) Process request with: URI: /status HTTP verb: GET
body: {}
T 2019-10-11 18:57:40:090 server.cc(272) Entering Server::DispatchCommand
T 2019-10-11 18:57:40:090 server.cc(583) Entering Server::LookupCommand
D 2019-10-11 18:57:40:090 server.cc(281) Command: GET /status {}
T 2019-10-11 18:57:40:090 IEServer.cpp(51) Entering IEServer::GetStatus
T 2019-10-11 18:57:40:099 response.cc(72) Entering Response::SetSuccessResponse
T 2019-10-11 18:57:40:099 response.cc(78) Entering Response::SetResponse
T 2019-10-11 18:57:40:099 response.cc(51) Entering Response::Serialize
D 2019-10-11 18:57:40:099 server.cc(338) Response: {"value":{"build":{"version":"3.6.0.0 (32-bit)"},"message":"Ready to create session","os":{"arch":"x64","name":"windows","version":"10.0.18362.329 (WinBuild.160101.0800)"},"ready":true}}

T 2019-10-11 18:57:40:099 server.cc(391) Entering Server::SendResponseToClient
T 2019-10-11 18:57:40:099 response.cc(30) Entering Response::Deserialize
T 2019-10-11 18:57:40:099 server.cc(445) Entering Server::SendHttpOk
T 2019-10-11 18:57:40:523 server.cc(174) Entering Server::ProcessRequest
T 2019-10-11 18:57:40:523 server.cc(238) Entering Server::ReadRequestBody
T 2019-10-11 18:57:40:523 server.cc(183) Process request with: URI: /session HTTP verb: POST
body: {
  "desiredCapabilities": {
    "se:ieOptions": {
      "ie.usePerProcessProxy": "true"
    },
    "browserName": "internet explorer",
    "ie.usePerProcessProxy": "true"
  },
  "capabilities": {
    "firstMatch": [
      {
        "browserName": "internet explorer",
        "se:ieOptions": {
          "ie.usePerProcessProxy": "true"
        }
      }
    ]
  }
}
T 2019-10-11 18:57:40:523 server.cc(272) Entering Server::DispatchCommand
T 2019-10-11 18:57:40:523 server.cc(583) Entering Server::LookupCommand
D 2019-10-11 18:57:40:523 server.cc(281) Command: POST /session {
  "desiredCapabilities": {
    "se:ieOptions": {
      "ie.usePerProcessProxy": "true"
    },
    "browserName": "internet explorer",
    "ie.usePerProcessProxy": "true"
  },
  "capabilities": {
    "firstMatch": [
      {
        "browserName": "internet explorer",
        "se:ieOptions": {
          "ie.usePerProcessProxy": "true"
        }
      }
    ]
  }
}
T 2019-10-11 18:57:40:523 IEServer.cpp(42) Entering IEServer::InitializeSession
T 2019-10-11 18:57:40:523 IESession.cpp(38) Entering IESession::Initialize
D 2019-10-11 18:57:40:523 IESession.cpp(53) Mutex acquired for session initalization
T 2019-10-11 18:57:40:524 IECommandExecutor.cpp(386) Entering IECommandExecutor::ThreadProc
T 2019-10-11 18:57:40:544 IECommandExecutor.cpp(47) Entering IECommandExecutor::OnCreate
T 2019-10-11 18:57:40:545 IECommandExecutor.cpp(753) Entering IECommandExecutor::PopulateElementFinderMethods
T 2019-10-11 18:57:40:545 InputManager.cpp(40) Entering InputManager::InputManager
T 2019-10-11 18:57:40:545 InputManager.cpp(75) Entering InputManager::Initialize
T 2019-10-11 18:57:40:545 BrowserFactory.cpp(998) Entering BrowserFactory::GetExecutableLocation
T 2019-10-11 18:57:40:546 BrowserFactory.cpp(1039) Entering BrowserFactory::GetIEVersion
T 2019-10-11 18:57:40:630 CommandHandlerRepository.cpp(108) Entering CommandHandlerRepository::PopulateCommandHandlers
T 2019-10-11 18:57:40:631 IESession.cpp(99) Created thread for command executor returns HWND: '0001146C'
T 2019-10-11 18:57:40:632 IESession.cpp(103) Session id is retrived from command executor window: 'da200c42-187f-4205-a2b2-4c3257deddda'
D 2019-10-11 18:57:40:632 IESession.cpp(109) Releasing session initialization mutex
T 2019-10-11 18:57:40:632 IESession.cpp(191) Entering IESession::ExecuteCommand
T 2019-10-11 18:57:40:632 IECommandExecutor.cpp(122) Entering IECommandExecutor::OnSetCommand
T 2019-10-11 18:57:40:632 command.cc(31) Entering Command::Deserialize
D 2019-10-11 18:57:40:632 command.cc(36) Raw JSON command: { "name" : "newSession", "locator" : { }, "parameters" : {
  "desiredCapabilities": {
    "se:ieOptions": {
      "ie.usePerProcessProxy": "true"
    },
    "browserName": "internet explorer",
    "ie.usePerProcessProxy": "true"
  },
  "capabilities": {
    "firstMatch": [
      {
        "browserName": "internet explorer",
        "se:ieOptions": {
          "ie.usePerProcessProxy": "true"
        }
      }
    ]
  }
} }
T 2019-10-11 18:57:40:632 IECommandExecutor.cpp(133) Entering IECommandExecutor::OnExecCommand
T 2019-10-11 18:57:40:632 IESession.cpp(212) Beginning wait for response length to be not zero
T 2019-10-11 18:57:40:632 IECommandExecutor.cpp(454) Entering IECommandExecutor::DispatchCommand
D 2019-10-11 18:57:40:633 CommandHandlers\NewSessionCommandHandler.cpp(46) Found W3C capabilities structure
D 2019-10-11 18:57:40:633 CommandHandlers\NewSessionCommandHandler.cpp(505) Validating capabilities object
D 2019-10-11 18:57:40:633 CommandHandlers\NewSessionCommandHandler.cpp(505) Validating capabilities object
D 2019-10-11 18:57:40:633 CommandHandlers\NewSessionCommandHandler.cpp(535) Found browserNamecapability. Validating value type is string.
D 2019-10-11 18:57:40:633 CommandHandlers\NewSessionCommandHandler.cpp(794) Found proxycapability. Validating value type is object.
T 2019-10-11 18:57:40:633 BrowserFactory.cpp(113) Entering BrowserFactory::Initialize
T 2019-10-11 18:57:40:633 IECommandExecutor.cpp(631) Entering IECommandExecutor::CreateNewBrowser
T 2019-10-11 18:57:40:633 BrowserFactory.cpp(142) Entering BrowserFactory::LaunchBrowserProcess
D 2019-10-11 18:57:40:633 BrowserFactory.cpp(146) Ignoring Protected Mode Settings: 0
D 2019-10-11 18:57:40:633 BrowserFactory.cpp(149) Checking validity of Protected Mode settings.
T 2019-10-11 18:57:40:633 BrowserFactory.cpp(1058) Entering BrowserFactory::ProtectedModeSettingsAreValid
D 2019-10-11 18:57:40:633 BrowserFactory.cpp(1061) Detected IE version: 11, Windows version supports Protected Mode: 1
T 2019-10-11 18:57:40:633 BrowserFactory.cpp(1135) Entering BrowserFactory::GetZoneProtectedModeSetting
D 2019-10-11 18:57:40:633 BrowserFactory.cpp(1152) Found Protected Mode setting value of 3 for zone 1
T 2019-10-11 18:57:40:634 BrowserFactory.cpp(1135) Entering BrowserFactory::GetZoneProtectedModeSetting
D 2019-10-11 18:57:40:634 BrowserFactory.cpp(1156) RegQueryValueEx failed for getting Protected Mode setting for a zone: 2
T 2019-10-11 18:57:40:634 BrowserFactory.cpp(1135) Entering BrowserFactory::GetZoneProtectedModeSetting
D 2019-10-11 18:57:40:634 BrowserFactory.cpp(1156) RegQueryValueEx failed for getting Protected Mode setting for a zone: 3
T 2019-10-11 18:57:40:634 BrowserFactory.cpp(1135) Entering BrowserFactory::GetZoneProtectedModeSetting
D 2019-10-11 18:57:40:634 BrowserFactory.cpp(1156) RegQueryValueEx failed for getting Protected Mode setting for a zone: 4
D 2019-10-11 18:57:40:634 BrowserFactory.cpp(152) Has Valid Protected Mode Settings: 1
T 2019-10-11 18:57:40:634 BrowserFactory.cpp(226) Entering BrowserFactory::IsIELaunchURLAvailable
T 2019-10-11 18:57:40:652 BrowserFactory.cpp(130) Entering BrowserFactory::ClearCache
T 2019-10-11 18:57:40:652 BrowserFactory.cpp(247) Entering BrowserFactory::LaunchBrowserUsingIELaunchURL
D 2019-10-11 18:57:40:653 BrowserFactory.cpp(248) Starting IE using the IELaunchURL API
D 2019-10-11 18:57:42:239 BrowserFactory.cpp(202) IE launched successfully with process ID 8980
D 2019-10-11 18:57:42:239 BrowserFactory.cpp(208) Process with ID 8980 is executing iexplore.exe
T 2019-10-11 18:57:42:239 BrowserFactory.cpp(365) Entering BrowserFactory::AttachToBrowser
D 2019-10-11 18:57:42:239 BrowserFactory.cpp(375) Using Active Accessibility to find IWebBrowser2 interface
T 2019-10-11 18:57:42:239 BrowserFactory.cpp(414) Entering BrowserFactory::AttachToBrowserUsingActiveAccessibility
T 2019-10-11 18:57:42:673 server.cc(174) Entering Server::ProcessRequest
T 2019-10-11 18:57:42:673 server.cc(183) Process request with: URI: / HTTP verb: GET
body: {}
T 2019-10-11 18:57:42:674 server.cc(445) Entering Server::SendHttpOk
D 2019-10-11 18:57:43:251 BrowserFactory.cpp(434) Found window handle 000114F4 for window with class 'Internet Explorer_Server' belonging to process with id 8980
T 2019-10-11 18:57:43:251 BrowserFactory.cpp(329) Entering BrowserFactory::GetDocumentFromWindowHandle
T 2019-10-11 18:57:43:479 server.cc(174) Entering Server::ProcessRequest
T 2019-10-11 18:57:43:479 server.cc(183) Process request with: URI: /favicon.ico HTTP verb: GET
body: {}
T 2019-10-11 18:57:43:479 server.cc(272) Entering Server::DispatchCommand
T 2019-10-11 18:57:43:479 server.cc(583) Entering Server::LookupCommand
D 2019-10-11 18:57:43:479 server.cc(281) Command: GET /favicon.ico {}
D 2019-10-11 18:57:43:479 server.cc(338) Response: { "error" : "unknown method", "message" : "Command not found: GET /favicon.ico" }
T 2019-10-11 18:57:43:479 server.cc(391) Entering Server::SendResponseToClient
T 2019-10-11 18:57:43:479 response.cc(30) Entering Response::Deserialize
T 2019-10-11 18:57:43:479 server.cc(445) Entering Server::SendHttpOk
D 2019-10-11 18:57:43:674 BrowserFactory.cpp(396) Ignoring zoom setting: 0
T 2019-10-11 18:57:43:674 BrowserFactory.cpp(574) Entering BrowserFactory::GetBrowserZoomLevel
T 2019-10-11 18:57:43:688 BrowserFactory.cpp(614) Entering BrowserFactory::GetZoomLevel
D 2019-10-11 18:57:43:723 BrowserFactory.cpp(694) Browser zoom level is 100%
I 2019-10-11 18:57:43:725 IECommandExecutor.cpp(654) Persistent hovering set to: 1
T 2019-10-11 18:57:43:725 ProxyManager.cpp(97) ProxyManager::SetProxySettings
D 2019-10-11 18:57:43:725 ProxyManager.cpp(113) Using existing system proxy settings.
T 2019-10-11 18:57:43:725 DocumentHost.cpp(33) Entering DocumentHost::DocumentHost
T 2019-10-11 18:57:43:725 CookieManager.cpp(49) Entering CookieManager::Initialize
T 2019-10-11 18:57:43:725 Browser.cpp(33) Entering Browser::Browser
T 2019-10-11 18:57:43:726 Browser.cpp(293) Entering Browser::AttachEvents
T 2019-10-11 18:57:43:751 IECommandExecutor.cpp(621) Entering IECommandExecutor::AddManagedBrowser
T 2019-10-11 18:57:43:751 IECommandExecutor.cpp(625) Setting current browser id to 875f397f-b71b-4335-b729-a8d696d62a80
T 2019-10-11 18:57:43:751 response.cc(72) Entering Response::SetSuccessResponse
T 2019-10-11 18:57:43:751 response.cc(78) Entering Response::SetResponse
T 2019-10-11 18:57:43:751 IECommandExecutor.cpp(577) Entering IECommandExecutor::GetCurrentBrowser
T 2019-10-11 18:57:43:751 IECommandExecutor.cpp(583) Entering IECommandExecutor::GetManagedBrowser
T 2019-10-11 18:57:43:751 response.cc(51) Entering Response::Serialize
T 2019-10-11 18:57:43:761 IESession.cpp(221) Found non-zero response length
T 2019-10-11 18:57:43:761 IECommandExecutor.cpp(156) Entering IECommandExecutor::OnGetResponse
T 2019-10-11 18:57:43:761 IECommandExecutor.cpp(285) Entering IECommandExecutor::OnIsSessionValid
T 2019-10-11 18:57:43:761 response.cc(30) Entering Response::Deserialize
D 2019-10-11 18:57:43:762 server.cc(338) Response: {"value":{"capabilities":{"acceptInsecureCerts":false,"browserName":"internet explorer","browserVersion":"11","pageLoadStrategy":"normal","platformName":"windows","se:ieOptions":{"browserAttachTimeout":0,"elementScrollBehavior":0,"enablePersistentHover":true,"ie.browserCommandLineSwitches":"","ie.ensureCleanSession":false,"ie.fileUploadDialogTimeout":3000,"ie.forceCreateProcessApi":false,"ignoreProtectedModeSettings":false,"ignoreZoomSetting":false,"initialBrowserUrl":"http://localhost:33751/","nativeEvents":true,"requireWindowFocus":false},"setWindowRect":true},"sessionId":"da200c42-187f-4205-a2b2-4c3257deddda"}}

T 2019-10-11 18:57:43:762 server.cc(391) Entering Server::SendResponseToClient
T 2019-10-11 18:57:43:762 response.cc(30) Entering Response::Deserialize
T 2019-10-11 18:57:43:762 server.cc(445) Entering Server::SendHttpOk
T 2019-10-11 18:57:45:893 server.cc(174) Entering Server::ProcessRequest
T 2019-10-11 18:57:45:894 server.cc(238) Entering Server::ReadRequestBody
T 2019-10-11 18:57:45:894 server.cc(183) Process request with: URI: /session/da200c42-187f-4205-a2b2-4c3257deddda/timeouts HTTP verb: POST
body: {
  "implicit": 0
}
T 2019-10-11 18:57:45:894 server.cc(272) Entering Server::DispatchCommand
T 2019-10-11 18:57:45:894 server.cc(583) Entering Server::LookupCommand
D 2019-10-11 18:57:45:894 server.cc(281) Command: POST /session/da200c42-187f-4205-a2b2-4c3257deddda/timeouts {
  "implicit": 0
}
T 2019-10-11 18:57:45:894 server.cc(378) Entering Server::LookupSession
T 2019-10-11 18:57:45:894 IESession.cpp(191) Entering IESession::ExecuteCommand
T 2019-10-11 18:57:45:895 IECommandExecutor.cpp(122) Entering IECommandExecutor::OnSetCommand
T 2019-10-11 18:57:45:895 command.cc(31) Entering Command::Deserialize
D 2019-10-11 18:57:45:895 command.cc(36) Raw JSON command: { "name" : "setTimeouts", "locator" : { "sessionid" : "da200c42-187f-4205-a2b2-4c3257deddda" }, "parameters" : {
  "implicit": 0
} }
T 2019-10-11 18:57:45:895 IECommandExecutor.cpp(133) Entering IECommandExecutor::OnExecCommand
T 2019-10-11 18:57:45:895 IESession.cpp(212) Beginning wait for response length to be not zero
T 2019-10-11 18:57:45:895 IECommandExecutor.cpp(454) Entering IECommandExecutor::DispatchCommand
T 2019-10-11 18:57:45:895 IECommandExecutor.cpp(577) Entering IECommandExecutor::GetCurrentBrowser
T 2019-10-11 18:57:45:895 IECommandExecutor.cpp(583) Entering IECommandExecutor::GetManagedBrowser
T 2019-10-11 18:57:45:896 IECommandExecutor.cpp(529) Entering IECommandExecutor::IsAlertActive
T 2019-10-11 18:57:45:896 Browser.cpp(700) Entering Browser::GetActiveDialogWindowHandle
T 2019-10-11 18:57:45:896 Browser.cpp(206) Entering Browser::GetContentWindowHandle
D 2019-10-11 18:57:45:897 IECommandExecutor.cpp(543) No alert handle is found
T 2019-10-11 18:57:45:897 IECommandExecutor.cpp(577) Entering IECommandExecutor::GetCurrentBrowser
T 2019-10-11 18:57:45:897 IECommandExecutor.cpp(583) Entering IECommandExecutor::GetManagedBrowser
T 2019-10-11 18:57:45:897 response.cc(51) Entering Response::Serialize
T 2019-10-11 18:57:45:906 IESession.cpp(221) Found non-zero response length
T 2019-10-11 18:57:45:907 IECommandExecutor.cpp(156) Entering IECommandExecutor::OnGetResponse
T 2019-10-11 18:57:45:907 IECommandExecutor.cpp(285) Entering IECommandExecutor::OnIsSessionValid
D 2019-10-11 18:57:45:907 server.cc(338) Response: {"value":null}

T 2019-10-11 18:57:45:907 server.cc(391) Entering Server::SendResponseToClient
T 2019-10-11 18:57:45:907 response.cc(30) Entering Response::Deserialize
T 2019-10-11 18:57:45:907 server.cc(445) Entering Server::SendHttpOk
T 2019-10-11 18:57:47:964 server.cc(174) Entering Server::ProcessRequest
T 2019-10-11 18:57:47:964 server.cc(238) Entering Server::ReadRequestBody
T 2019-10-11 18:57:47:964 server.cc(183) Process request with: URI: /session/da200c42-187f-4205-a2b2-4c3257deddda/execute/sync HTTP verb: POST
body: {
  "script": "return navigator.sayswho= (function() { var ua= navigator.userAgent, tem, M= ua.match(\u002f(opera|chrome|safari|firefox|msie|trident)\\\u002f?\\s*(\\.?\\d+(\\.\\d+)*)\u002fi) || []; if (\u002ftrident\u002fi.test(M[1])) {     tem=  \u002f\\brv[ :]+(\\d+)\u002fg.exec(ua) || [];     return 'IE '+(tem[1] || ''); } if(M[1]=== 'Chrome') {     tem= ua.match(\u002f\\b(OPR|Edge)\\\u002f(\\d+)\u002f);     if(tem!= null) return tem.slice(1).join(' ').replace('OPR', 'Opera'); } M= M[2]? [M[1], M[2]]: [navigator.appName, navigator.appVersion, '-?']; if((tem= ua.match(\u002fversion\\\u002f(\\d+)\u002fi))!= null) M.splice(1, 1, tem[1]); return M.join(' ').replace('MSIE', 'IE');})();",
  "args": [
  ]
}
T 2019-10-11 18:57:47:964 server.cc(272) Entering Server::DispatchCommand
T 2019-10-11 18:57:47:964 server.cc(583) Entering Server::LookupCommand
D 2019-10-11 18:57:47:964 server.cc(281) Command: POST /session/da200c42-187f-4205-a2b2-4c3257deddda/execute/sync {
  "script": "return navigator.sayswho= (function() { var ua= navigator.userAgent, tem, M= ua.match(\u002f(opera|chrome|safari|firefox|msie|trident)\\\u002f?\\s*(\\.?\\d+(\\.\\d+)*)\u002fi) || []; if (\u002ftrident\u002fi.test(M[1])) {     tem=  \u002f\\brv[ :]+(\\d+)\u002fg.exec(ua) || [];     return 'IE '+(tem[1] || ''); } if(M[1]=== 'Chrome') {     tem= ua.match(\u002f\\b(OPR|Edge)\\\u002f(\\d+)\u002f);     if(tem!= null) return tem.slice(1).join(' ').replace('OPR', 'Opera'); } M= M[2]? [M[1], M[2]]: [navigator.appName, navigator.appVersion, '-?']; if((tem= ua.match(\u002fversion\\\u002f(\\d+)\u002fi))!= null) M.splice(1, 1, tem[1]); return M.join(' ').replace('MSIE', 'IE');})();",
  "args": [
  ]
}
T 2019-10-11 18:57:47:964 server.cc(378) Entering Server::LookupSession
T 2019-10-11 18:57:47:965 IESession.cpp(191) Entering IESession::ExecuteCommand
T 2019-10-11 18:57:47:965 IECommandExecutor.cpp(122) Entering IECommandExecutor::OnSetCommand
T 2019-10-11 18:57:47:965 command.cc(31) Entering Command::Deserialize
D 2019-10-11 18:57:47:965 command.cc(36) Raw JSON command: { "name" : "executeScript", "locator" : { "sessionid" : "da200c42-187f-4205-a2b2-4c3257deddda" }, "parameters" : {
  "script": "return navigator.sayswho= (function() { var ua= navigator.userAgent, tem, M= ua.match(\u002f(opera|chrome|safari|firefox|msie|trident)\\\u002f?\\s*(\\.?\\d+(\\.\\d+)*)\u002fi) || []; if (\u002ftrident\u002fi.test(M[1])) {     tem=  \u002f\\brv[ :]+(\\d+)\u002fg.exec(ua) || [];     return 'IE '+(tem[1] || ''); } if(M[1]=== 'Chrome') {     tem= ua.match(\u002f\\b(OPR|Edge)\\\u002f(\\d+)\u002f);     if(tem!= null) return tem.slice(1).join(' ').replace('OPR', 'Opera'); } M= M[2]? [M[1], M[2]]: [navigator.appName, navigator.appVersion, '-?']; if((tem= ua.match(\u002fversion\\\u002f(\\d+)\u002fi))!= null) M.splice(1, 1, tem[1]); return M.join(' ').replace('MSIE', 'IE');})();",
  "args": [
  ]
} }
T 2019-10-11 18:57:47:966 IECommandExecutor.cpp(133) Entering IECommandExecutor::OnExecCommand
T 2019-10-11 18:57:47:966 IESession.cpp(212) Beginning wait for response length to be not zero
T 2019-10-11 18:57:47:966 IECommandExecutor.cpp(454) Entering IECommandExecutor::DispatchCommand
T 2019-10-11 18:57:47:966 IECommandExecutor.cpp(577) Entering IECommandExecutor::GetCurrentBrowser
T 2019-10-11 18:57:47:966 IECommandExecutor.cpp(583) Entering IECommandExecutor::GetManagedBrowser
T 2019-10-11 18:57:47:967 IECommandExecutor.cpp(529) Entering IECommandExecutor::IsAlertActive
T 2019-10-11 18:57:47:967 Browser.cpp(700) Entering Browser::GetActiveDialogWindowHandle
T 2019-10-11 18:57:47:967 Browser.cpp(206) Entering Browser::GetContentWindowHandle
D 2019-10-11 18:57:47:968 IECommandExecutor.cpp(543) No alert handle is found
T 2019-10-11 18:57:47:969 IECommandExecutor.cpp(577) Entering IECommandExecutor::GetCurrentBrowser
T 2019-10-11 18:57:47:969 IECommandExecutor.cpp(583) Entering IECommandExecutor::GetManagedBrowser
T 2019-10-11 18:57:47:969 Browser.cpp(126) Entering Browser::GetDocument
I 2019-10-11 18:57:47:969 Browser.cpp(130) No child frame focus. Focus is on top-level frame
T 2019-10-11 18:57:48:013 Browser.cpp(613) Entering Browser::GetDocumentFromWindow
T 2019-10-11 18:57:48:034 Script.cpp(49) Entering Script::Initialize
T 2019-10-11 18:57:48:034 CommandHandlers\ExecuteScriptCommandHandler.cpp(85) Entering ExecuteScriptCommandHandler::PopulateArgumentArray
T 2019-10-11 18:57:48:034 Script.cpp(169) Entering Script::Execute
T 2019-10-11 18:57:48:035 Script.cpp(438) Entering Script::CreateAnonymousFunction
T 2019-10-11 18:57:48:172 Script.cpp(426) Entering Script::ConvertResultToJsonValue
T 2019-10-11 18:57:48:172 response.cc(72) Entering Response::SetSuccessResponse
T 2019-10-11 18:57:48:172 response.cc(78) Entering Response::SetResponse
T 2019-10-11 18:57:48:172 IECommandExecutor.cpp(577) Entering IECommandExecutor::GetCurrentBrowser
T 2019-10-11 18:57:48:173 IECommandExecutor.cpp(583) Entering IECommandExecutor::GetManagedBrowser
T 2019-10-11 18:57:48:173 response.cc(51) Entering Response::Serialize
T 2019-10-11 18:57:48:176 IESession.cpp(221) Found non-zero response length
T 2019-10-11 18:57:48:176 IECommandExecutor.cpp(156) Entering IECommandExecutor::OnGetResponse
T 2019-10-11 18:57:48:177 IECommandExecutor.cpp(285) Entering IECommandExecutor::OnIsSessionValid
D 2019-10-11 18:57:48:177 server.cc(338) Response: {"value":"IE 11"}

T 2019-10-11 18:57:48:177 server.cc(391) Entering Server::SendResponseToClient
T 2019-10-11 18:57:48:177 response.cc(30) Entering Response::Deserialize
T 2019-10-11 18:57:48:177 server.cc(445) Entering Server::SendHttpOk
T 2019-10-11 18:57:50:227 server.cc(174) Entering Server::ProcessRequest
T 2019-10-11 18:57:50:227 server.cc(238) Entering Server::ReadRequestBody
T 2019-10-11 18:57:50:227 server.cc(183) Process request with: URI: /session/da200c42-187f-4205-a2b2-4c3257deddda/url HTTP verb: POST
body: {
  "url": "https:\u002f\u002fsandbox.gsm.auto\u002flogout"
}
T 2019-10-11 18:57:50:227 server.cc(272) Entering Server::DispatchCommand
T 2019-10-11 18:57:50:227 server.cc(583) Entering Server::LookupCommand
D 2019-10-11 18:57:50:227 server.cc(281) Command: POST /session/da200c42-187f-4205-a2b2-4c3257deddda/url {
  "url": "https:\u002f\u002fsandbox.gsm.auto\u002flogout"
}
T 2019-10-11 18:57:50:227 server.cc(378) Entering Server::LookupSession
T 2019-10-11 18:57:50:227 IESession.cpp(191) Entering IESession::ExecuteCommand
T 2019-10-11 18:57:50:228 IECommandExecutor.cpp(122) Entering IECommandExecutor::OnSetCommand
T 2019-10-11 18:57:50:228 command.cc(31) Entering Command::Deserialize
D 2019-10-11 18:57:50:228 command.cc(36) Raw JSON command: { "name" : "get", "locator" : { "sessionid" : "da200c42-187f-4205-a2b2-4c3257deddda" }, "parameters" : {
  "url": "https:\u002f\u002fsandbox.gsm.auto\u002flogout"
} }
T 2019-10-11 18:57:50:228 IECommandExecutor.cpp(133) Entering IECommandExecutor::OnExecCommand
T 2019-10-11 18:57:50:228 IECommandExecutor.cpp(454) Entering IECommandExecutor::DispatchCommand
T 2019-10-11 18:57:50:228 IECommandExecutor.cpp(577) Entering IECommandExecutor::GetCurrentBrowser
T 2019-10-11 18:57:50:228 IECommandExecutor.cpp(583) Entering IECommandExecutor::GetManagedBrowser
T 2019-10-11 18:57:50:228 IECommandExecutor.cpp(529) Entering IECommandExecutor::IsAlertActive
T 2019-10-11 18:57:50:228 Browser.cpp(700) Entering Browser::GetActiveDialogWindowHandle
T 2019-10-11 18:57:50:228 Browser.cpp(206) Entering Browser::GetContentWindowHandle
D 2019-10-11 18:57:50:229 IECommandExecutor.cpp(543) No alert handle is found
T 2019-10-11 18:57:50:229 IECommandExecutor.cpp(577) Entering IECommandExecutor::GetCurrentBrowser
T 2019-10-11 18:57:50:229 IECommandExecutor.cpp(583) Entering IECommandExecutor::GetManagedBrowser
T 2019-10-11 18:57:50:229 Browser.cpp(318) Entring Browser::NavigateToUrl
T 2019-10-11 18:57:50:229 IESession.cpp(212) Beginning wait for response length to be not zero
T 2019-10-11 18:57:50:463 DocumentHost.cpp(142) Entering DocumentHost::SetFocusedFrameByElement
T 2019-10-11 18:57:50:463 response.cc(72) Entering Response::SetSuccessResponse
T 2019-10-11 18:57:50:463 response.cc(78) Entering Response::SetResponse
T 2019-10-11 18:57:50:464 IECommandExecutor.cpp(577) Entering IECommandExecutor::GetCurrentBrowser
T 2019-10-11 18:57:50:464 IECommandExecutor.cpp(583) Entering IECommandExecutor::GetManagedBrowser
T 2019-10-11 18:57:50:464 response.cc(51) Entering Response::Serialize
T 2019-10-11 18:57:50:464 IECommandExecutor.cpp(172) Entering IECommandExecutor::OnWait
T 2019-10-11 18:57:50:464 IECommandExecutor.cpp(577) Entering IECommandExecutor::GetCurrentBrowser
T 2019-10-11 18:57:50:464 IECommandExecutor.cpp(583) Entering IECommandExecutor::GetManagedBrowser
T 2019-10-11 18:57:50:464 Browser.cpp(438) Entering Browser::Wait
D 2019-10-11 18:57:50:464 Browser.cpp(448) Navigate Events Completed.
T 2019-10-11 18:57:50:464 Browser.cpp(700) Entering Browser::GetActiveDialogWindowHandle
T 2019-10-11 18:57:50:464 Browser.cpp(206) Entering Browser::GetContentWindowHandle
D 2019-10-11 18:57:50:489 Browser.cpp(508) Waiting for document to complete...
T 2019-10-11 18:57:50:489 Browser.cpp(522) Entering Browser::IsDocumentNavigating
D 2019-10-11 18:57:50:539 Browser.cpp(513) Not in navigating state
T 2019-10-11 18:57:50:550 IESession.cpp(221) Found non-zero response length
T 2019-10-11 18:57:50:551 IECommandExecutor.cpp(156) Entering IECommandExecutor::OnGetResponse
T 2019-10-11 18:57:50:551 IECommandExecutor.cpp(285) Entering IECommandExecutor::OnIsSessionValid
D 2019-10-11 18:57:50:551 server.cc(338) Response: {"value":null}

T 2019-10-11 18:57:50:551 server.cc(391) Entering Server::SendResponseToClient
T 2019-10-11 18:57:50:551 response.cc(30) Entering Response::Deserialize
T 2019-10-11 18:57:50:551 server.cc(445) Entering Server::SendHttpOk
T 2019-10-11 18:57:50:738 Browser.cpp(54) Entering Browser::OnQuit
T 2019-10-11 18:57:50:738 DocumentHost.cpp(252) Entering DocumentHost::PostQuitMessage
T 2019-10-11 18:57:50:738 IECommandExecutor.cpp(250) Entering IECommandExecutor::OnBrowserQuit
T 2019-10-11 18:57:50:739 IECommandExecutor.cpp(529) Entering IECommandExecutor::IsAlertActive
T 2019-10-11 18:57:50:739 Browser.cpp(700) Entering Browser::GetActiveDialogWindowHandle
T 2019-10-11 18:57:50:739 Browser.cpp(206) Entering Browser::GetContentWindowHandle
D 2019-10-11 18:57:50:739 IECommandExecutor.cpp(543) No alert handle is found
T 2019-10-11 18:57:50:739 Browser.cpp(300) Entering Browser::DetachEvents
T 2019-10-11 18:57:52:849 server.cc(174) Entering Server::ProcessRequest
T 2019-10-11 18:57:52:850 server.cc(238) Entering Server::ReadRequestBody
T 2019-10-11 18:57:52:850 server.cc(183) Process request with: URI: /session/da200c42-187f-4205-a2b2-4c3257deddda/elements HTTP verb: POST
body: {
  "value": "\u002f\u002fbutton[@type='button']",
  "using": "xpath"
}
T 2019-10-11 18:57:52:850 server.cc(272) Entering Server::DispatchCommand
T 2019-10-11 18:57:52:850 server.cc(583) Entering Server::LookupCommand
D 2019-10-11 18:57:52:850 server.cc(281) Command: POST /session/da200c42-187f-4205-a2b2-4c3257deddda/elements {
  "value": "\u002f\u002fbutton[@type='button']",
  "using": "xpath"
}
T 2019-10-11 18:57:52:850 server.cc(378) Entering Server::LookupSession
T 2019-10-11 18:57:52:850 IESession.cpp(191) Entering IESession::ExecuteCommand
T 2019-10-11 18:57:52:850 IECommandExecutor.cpp(122) Entering IECommandExecutor::OnSetCommand
T 2019-10-11 18:57:52:850 command.cc(31) Entering Command::Deserialize
D 2019-10-11 18:57:52:850 command.cc(36) Raw JSON command: { "name" : "findElements", "locator" : { "sessionid" : "da200c42-187f-4205-a2b2-4c3257deddda" }, "parameters" : {
  "value": "\u002f\u002fbutton[@type='button']",
  "using": "xpath"
} }
T 2019-10-11 18:57:52:851 IECommandExecutor.cpp(133) Entering IECommandExecutor::OnExecCommand
T 2019-10-11 18:57:52:851 IECommandExecutor.cpp(454) Entering IECommandExecutor::DispatchCommand
T 2019-10-11 18:57:52:851 IESession.cpp(212) Beginning wait for response length to be not zero
T 2019-10-11 18:57:52:851 IECommandExecutor.cpp(577) Entering IECommandExecutor::GetCurrentBrowser
T 2019-10-11 18:57:52:851 IECommandExecutor.cpp(583) Entering IECommandExecutor::GetManagedBrowser
W 2019-10-11 18:57:52:851 IECommandExecutor.cpp(591) Browser ID requested was an empty string
W 2019-10-11 18:57:52:851 IECommandExecutor.cpp(503) Unable to find current browser
T 2019-10-11 18:57:52:851 IECommandExecutor.cpp(734) Entering IECommandExecutor::LocateElements
T 2019-10-11 18:57:52:851 IECommandExecutor.cpp(695) Entering IECommandExecutor::GetElementFindMethod
T 2019-10-11 18:57:52:851 ElementFinder.cpp(111) Entering ElementFinder::FindElements
T 2019-10-11 18:57:52:851 IECommandExecutor.cpp(577) Entering IECommandExecutor::GetCurrentBrowser
T 2019-10-11 18:57:52:851 IECommandExecutor.cpp(583) Entering IECommandExecutor::GetManagedBrowser
W 2019-10-11 18:57:52:851 IECommandExecutor.cpp(591) Browser ID requested was an empty string
W 2019-10-11 18:57:52:851 ElementFinder.cpp(167) Unable to get browser
T 2019-10-11 18:57:52:851 response.cc(85) Entering Response::SetErrorResponse
T 2019-10-11 18:57:52:851 response.cc(78) Entering Response::SetResponse
T 2019-10-11 18:57:52:851 IECommandExecutor.cpp(577) Entering IECommandExecutor::GetCurrentBrowser
T 2019-10-11 18:57:52:851 IECommandExecutor.cpp(583) Entering IECommandExecutor::GetManagedBrowser
W 2019-10-11 18:57:52:851 IECommandExecutor.cpp(591) Browser ID requested was an empty string
W 2019-10-11 18:57:52:852 IECommandExecutor.cpp(520) Unable to get current browser
T 2019-10-11 18:57:52:852 response.cc(51) Entering Response::Serialize
T 2019-10-11 18:57:52:861 IESession.cpp(221) Found non-zero response length
T 2019-10-11 18:57:52:862 IECommandExecutor.cpp(156) Entering IECommandExecutor::OnGetResponse
T 2019-10-11 18:57:52:862 IECommandExecutor.cpp(285) Entering IECommandExecutor::OnIsSessionValid
D 2019-10-11 18:57:52:862 server.cc(338) Response: {"value":{"data":null,"error":"no such window","message":"Unable to find elements on closed window","stacktrace":""}}

T 2019-10-11 18:57:52:862 server.cc(391) Entering Server::SendResponseToClient
T 2019-10-11 18:57:52:862 response.cc(30) Entering Response::Deserialize
T 2019-10-11 18:57:52:863 server.cc(465) Entering Server::SendHttpBadRequest
T 2019-10-11 18:57:54:924 server.cc(174) Entering Server::ProcessRequest
T 2019-10-11 18:57:54:924 server.cc(183) Process request with: URI: /session/da200c42-187f-4205-a2b2-4c3257deddda/screenshot HTTP verb: GET
body: {}
T 2019-10-11 18:57:54:925 server.cc(272) Entering Server::DispatchCommand
T 2019-10-11 18:57:54:925 server.cc(583) Entering Server::LookupCommand
D 2019-10-11 18:57:54:925 server.cc(281) Command: GET /session/da200c42-187f-4205-a2b2-4c3257deddda/screenshot {}
T 2019-10-11 18:57:54:925 server.cc(378) Entering Server::LookupSession
T 2019-10-11 18:57:54:925 IESession.cpp(191) Entering IESession::ExecuteCommand
T 2019-10-11 18:57:54:925 IECommandExecutor.cpp(122) Entering IECommandExecutor::OnSetCommand
T 2019-10-11 18:57:54:925 command.cc(31) Entering Command::Deserialize
D 2019-10-11 18:57:54:925 command.cc(36) Raw JSON command: { "name" : "takeScreenshot", "locator" : { "sessionid" : "da200c42-187f-4205-a2b2-4c3257deddda" }, "parameters" : {} }
T 2019-10-11 18:57:54:925 IESession.cpp(212) Beginning wait for response length to be not zero
T 2019-10-11 18:57:54:925 IECommandExecutor.cpp(133) Entering IECommandExecutor::OnExecCommand
T 2019-10-11 18:57:54:925 IECommandExecutor.cpp(454) Entering IECommandExecutor::DispatchCommand
T 2019-10-11 18:57:54:925 IECommandExecutor.cpp(577) Entering IECommandExecutor::GetCurrentBrowser
T 2019-10-11 18:57:54:925 IECommandExecutor.cpp(583) Entering IECommandExecutor::GetManagedBrowser
W 2019-10-11 18:57:54:925 IECommandExecutor.cpp(591) Browser ID requested was an empty string
W 2019-10-11 18:57:54:925 IECommandExecutor.cpp(503) Unable to find current browser
T 2019-10-11 18:57:54:925 CommandHandlers\ScreenshotCommandHandler.cpp(38) Entering ScreenshotCommandHandler::ExecuteInternal
T 2019-10-11 18:57:54:925 IECommandExecutor.cpp(577) Entering IECommandExecutor::GetCurrentBrowser
T 2019-10-11 18:57:54:925 IECommandExecutor.cpp(583) Entering IECommandExecutor::GetManagedBrowser
W 2019-10-11 18:57:54:925 IECommandExecutor.cpp(591) Browser ID requested was an empty string
T 2019-10-11 18:57:54:925 response.cc(91) Entering Response::SetErrorResponse
W 2019-10-11 18:57:54:925 response.cc(92) Error response has status code 23 and message 'Unable to get browser' message
T 2019-10-11 18:57:54:925 response.cc(85) Entering Response::SetErrorResponse
T 2019-10-11 18:57:54:925 response.cc(78) Entering Response::SetResponse
T 2019-10-11 18:57:54:925 IECommandExecutor.cpp(577) Entering IECommandExecutor::GetCurrentBrowser
T 2019-10-11 18:57:54:925 IECommandExecutor.cpp(583) Entering IECommandExecutor::GetManagedBrowser
W 2019-10-11 18:57:54:925 IECommandExecutor.cpp(591) Browser ID requested was an empty string
W 2019-10-11 18:57:54:925 IECommandExecutor.cpp(520) Unable to get current browser
T 2019-10-11 18:57:54:925 response.cc(51) Entering Response::Serialize
T 2019-10-11 18:57:54:936 IESession.cpp(221) Found non-zero response length
T 2019-10-11 18:57:54:936 IECommandExecutor.cpp(156) Entering IECommandExecutor::OnGetResponse
T 2019-10-11 18:57:54:936 IECommandExecutor.cpp(285) Entering IECommandExecutor::OnIsSessionValid
D 2019-10-11 18:57:54:936 server.cc(338) Response: {"value":{"data":null,"error":"no such window","message":"Unable to get browser","stacktrace":""}}

T 2019-10-11 18:57:54:936 server.cc(391) Entering Server::SendResponseToClient
T 2019-10-11 18:57:54:936 response.cc(30) Entering Response::Deserialize
T 2019-10-11 18:57:54:936 server.cc(465) Entering Server::SendHttpBadRequest
T 2019-10-11 18:57:57:443 server.cc(174) Entering Server::ProcessRequest
T 2019-10-11 18:57:57:443 server.cc(238) Entering Server::ReadRequestBody
T 2019-10-11 18:57:57:443 server.cc(183) Process request with: URI: /session/da200c42-187f-4205-a2b2-4c3257deddda/elements HTTP verb: POST
body: {
  "value": "\u002f\u002fa[@id='app-panel-dropdown-0']\u002fdiv",
  "using": "xpath"
}
T 2019-10-11 18:57:57:444 server.cc(272) Entering Server::DispatchCommand
T 2019-10-11 18:57:57:444 server.cc(583) Entering Server::LookupCommand
D 2019-10-11 18:57:57:444 server.cc(281) Command: POST /session/da200c42-187f-4205-a2b2-4c3257deddda/elements {
  "value": "\u002f\u002fa[@id='app-panel-dropdown-0']\u002fdiv",
  "using": "xpath"
}
T 2019-10-11 18:57:57:444 server.cc(378) Entering Server::LookupSession
T 2019-10-11 18:57:57:444 IESession.cpp(191) Entering IESession::ExecuteCommand
T 2019-10-11 18:57:57:444 IECommandExecutor.cpp(122) Entering IECommandExecutor::OnSetCommand
T 2019-10-11 18:57:57:444 command.cc(31) Entering Command::Deserialize
D 2019-10-11 18:57:57:444 command.cc(36) Raw JSON command: { "name" : "findElements", "locator" : { "sessionid" : "da200c42-187f-4205-a2b2-4c3257deddda" }, "parameters" : {
  "value": "\u002f\u002fa[@id='app-panel-dropdown-0']\u002fdiv",
  "using": "xpath"
} }
T 2019-10-11 18:57:57:445 IECommandExecutor.cpp(133) Entering IECommandExecutor::OnExecCommand
T 2019-10-11 18:57:57:445 IECommandExecutor.cpp(454) Entering IECommandExecutor::DispatchCommand
T 2019-10-11 18:57:57:445 IECommandExecutor.cpp(577) Entering IECommandExecutor::GetCurrentBrowser
T 2019-10-11 18:57:57:445 IECommandExecutor.cpp(583) Entering IECommandExecutor::GetManagedBrowser
W 2019-10-11 18:57:57:445 IECommandExecutor.cpp(591) Browser ID requested was an empty string
W 2019-10-11 18:57:57:445 IECommandExecutor.cpp(503) Unable to find current browser
T 2019-10-11 18:57:57:445 IECommandExecutor.cpp(734) Entering IECommandExecutor::LocateElements
T 2019-10-11 18:57:57:445 IECommandExecutor.cpp(695) Entering IECommandExecutor::GetElementFindMethod
T 2019-10-11 18:57:57:445 ElementFinder.cpp(111) Entering ElementFinder::FindElements
T 2019-10-11 18:57:57:445 IECommandExecutor.cpp(577) Entering IECommandExecutor::GetCurrentBrowser
T 2019-10-11 18:57:57:445 IECommandExecutor.cpp(583) Entering IECommandExecutor::GetManagedBrowser
W 2019-10-11 18:57:57:445 IECommandExecutor.cpp(591) Browser ID requested was an empty string
W 2019-10-11 18:57:57:445 ElementFinder.cpp(167) Unable to get browser
T 2019-10-11 18:57:57:445 response.cc(85) Entering Response::SetErrorResponse
T 2019-10-11 18:57:57:446 response.cc(78) Entering Response::SetResponse
T 2019-10-11 18:57:57:446 IECommandExecutor.cpp(577) Entering IECommandExecutor::GetCurrentBrowser
T 2019-10-11 18:57:57:446 IECommandExecutor.cpp(583) Entering IECommandExecutor::GetManagedBrowser
W 2019-10-11 18:57:57:446 IECommandExecutor.cpp(591) Browser ID requested was an empty string
W 2019-10-11 18:57:57:446 IECommandExecutor.cpp(520) Unable to get current browser
T 2019-10-11 18:57:57:446 response.cc(51) Entering Response::Serialize
T 2019-10-11 18:57:57:446 IESession.cpp(212) Beginning wait for response length to be not zero
T 2019-10-11 18:57:57:446 IESession.cpp(221) Found non-zero response length
T 2019-10-11 18:57:57:446 IECommandExecutor.cpp(156) Entering IECommandExecutor::OnGetResponse
T 2019-10-11 18:57:57:446 IECommandExecutor.cpp(285) Entering IECommandExecutor::OnIsSessionValid
D 2019-10-11 18:57:57:447 server.cc(338) Response: {"value":{"data":null,"error":"no such window","message":"Unable to find elements on closed window","stacktrace":""}}

T 2019-10-11 18:57:57:447 server.cc(391) Entering Server::SendResponseToClient
T 2019-10-11 18:57:57:447 response.cc(30) Entering Response::Deserialize
T 2019-10-11 18:57:57:447 server.cc(465) Entering Server::SendHttpBadRequest
T 2019-10-11 18:57:59:460 server.cc(174) Entering Server::ProcessRequest
T 2019-10-11 18:57:59:460 server.cc(183) Process request with: URI: /session/da200c42-187f-4205-a2b2-4c3257deddda/screenshot HTTP verb: GET
body: {}
T 2019-10-11 18:57:59:460 server.cc(272) Entering Server::DispatchCommand
T 2019-10-11 18:57:59:460 server.cc(583) Entering Server::LookupCommand
D 2019-10-11 18:57:59:460 server.cc(281) Command: GET /session/da200c42-187f-4205-a2b2-4c3257deddda/screenshot {}
T 2019-10-11 18:57:59:460 server.cc(378) Entering Server::LookupSession
T 2019-10-11 18:57:59:460 IESession.cpp(191) Entering IESession::ExecuteCommand
T 2019-10-11 18:57:59:461 IECommandExecutor.cpp(122) Entering IECommandExecutor::OnSetCommand
T 2019-10-11 18:57:59:461 command.cc(31) Entering Command::Deserialize
D 2019-10-11 18:57:59:461 command.cc(36) Raw JSON command: { "name" : "takeScreenshot", "locator" : { "sessionid" : "da200c42-187f-4205-a2b2-4c3257deddda" }, "parameters" : {} }
T 2019-10-11 18:57:59:461 IECommandExecutor.cpp(133) Entering IECommandExecutor::OnExecCommand
T 2019-10-11 18:57:59:461 IESession.cpp(212) Beginning wait for response length to be not zero
T 2019-10-11 18:57:59:461 IECommandExecutor.cpp(454) Entering IECommandExecutor::DispatchCommand
T 2019-10-11 18:57:59:461 IECommandExecutor.cpp(577) Entering IECommandExecutor::GetCurrentBrowser
T 2019-10-11 18:57:59:461 IECommandExecutor.cpp(583) Entering IECommandExecutor::GetManagedBrowser
W 2019-10-11 18:57:59:461 IECommandExecutor.cpp(591) Browser ID requested was an empty string
W 2019-10-11 18:57:59:461 IECommandExecutor.cpp(503) Unable to find current browser
T 2019-10-11 18:57:59:461 CommandHandlers\ScreenshotCommandHandler.cpp(38) Entering ScreenshotCommandHandler::ExecuteInternal
T 2019-10-11 18:57:59:461 IECommandExecutor.cpp(577) Entering IECommandExecutor::GetCurrentBrowser
T 2019-10-11 18:57:59:461 IECommandExecutor.cpp(583) Entering IECommandExecutor::GetManagedBrowser
W 2019-10-11 18:57:59:461 IECommandExecutor.cpp(591) Browser ID requested was an empty string
T 2019-10-11 18:57:59:461 response.cc(91) Entering Response::SetErrorResponse
W 2019-10-11 18:57:59:461 response.cc(92) Error response has status code 23 and message 'Unable to get browser' message
T 2019-10-11 18:57:59:461 response.cc(85) Entering Response::SetErrorResponse
T 2019-10-11 18:57:59:461 response.cc(78) Entering Response::SetResponse
T 2019-10-11 18:57:59:462 IECommandExecutor.cpp(577) Entering IECommandExecutor::GetCurrentBrowser
T 2019-10-11 18:57:59:462 IECommandExecutor.cpp(583) Entering IECommandExecutor::GetManagedBrowser
W 2019-10-11 18:57:59:462 IECommandExecutor.cpp(591) Browser ID requested was an empty string
W 2019-10-11 18:57:59:462 IECommandExecutor.cpp(520) Unable to get current browser
T 2019-10-11 18:57:59:462 response.cc(51) Entering Response::Serialize
T 2019-10-11 18:57:59:472 IESession.cpp(221) Found non-zero response length
T 2019-10-11 18:57:59:472 IECommandExecutor.cpp(156) Entering IECommandExecutor::OnGetResponse
T 2019-10-11 18:57:59:473 IECommandExecutor.cpp(285) Entering IECommandExecutor::OnIsSessionValid
D 2019-10-11 18:57:59:473 server.cc(338) Response: {"value":{"data":null,"error":"no such window","message":"Unable to get browser","stacktrace":""}}

T 2019-10-11 18:57:59:473 server.cc(391) Entering Server::SendResponseToClient
T 2019-10-11 18:57:59:473 response.cc(30) Entering Response::Deserialize
T 2019-10-11 18:57:59:473 server.cc(465) Entering Server::SendHttpBadRequest
T 2019-10-11 18:58:07:003 server.cc(174) Entering Server::ProcessRequest
T 2019-10-11 18:58:07:003 server.cc(238) Entering Server::ReadRequestBody
T 2019-10-11 18:58:07:003 server.cc(183) Process request with: URI: /session/da200c42-187f-4205-a2b2-4c3257deddda/elements HTTP verb: POST
body: {
  "value": "\u002f\u002fdiv[@id='app']\u002fmain\u002fdiv\u002fdiv\u002fdiv[2]\u002ful\u002fli[2]\u002fa",
  "using": "xpath"
}
T 2019-10-11 18:58:07:003 server.cc(272) Entering Server::DispatchCommand
T 2019-10-11 18:58:07:003 server.cc(583) Entering Server::LookupCommand
D 2019-10-11 18:58:07:003 server.cc(281) Command: POST /session/da200c42-187f-4205-a2b2-4c3257deddda/elements {
  "value": "\u002f\u002fdiv[@id='app']\u002fmain\u002fdiv\u002fdiv\u002fdiv[2]\u002ful\u002fli[2]\u002fa",
  "using": "xpath"
}
T 2019-10-11 18:58:07:003 server.cc(378) Entering Server::LookupSession
T 2019-10-11 18:58:07:003 IESession.cpp(191) Entering IESession::ExecuteCommand
T 2019-10-11 18:58:07:004 IECommandExecutor.cpp(122) Entering IECommandExecutor::OnSetCommand
T 2019-10-11 18:58:07:004 command.cc(31) Entering Command::Deserialize
D 2019-10-11 18:58:07:004 command.cc(36) Raw JSON command: { "name" : "findElements", "locator" : { "sessionid" : "da200c42-187f-4205-a2b2-4c3257deddda" }, "parameters" : {
  "value": "\u002f\u002fdiv[@id='app']\u002fmain\u002fdiv\u002fdiv\u002fdiv[2]\u002ful\u002fli[2]\u002fa",
  "using": "xpath"
} }
T 2019-10-11 18:58:07:005 IECommandExecutor.cpp(133) Entering IECommandExecutor::OnExecCommand
T 2019-10-11 18:58:07:005 IECommandExecutor.cpp(454) Entering IECommandExecutor::DispatchCommand
T 2019-10-11 18:58:07:005 IECommandExecutor.cpp(577) Entering IECommandExecutor::GetCurrentBrowser
T 2019-10-11 18:58:07:005 IECommandExecutor.cpp(583) Entering IECommandExecutor::GetManagedBrowser
W 2019-10-11 18:58:07:005 IECommandExecutor.cpp(591) Browser ID requested was an empty string
W 2019-10-11 18:58:07:005 IECommandExecutor.cpp(503) Unable to find current browser
T 2019-10-11 18:58:07:005 IECommandExecutor.cpp(734) Entering IECommandExecutor::LocateElements
T 2019-10-11 18:58:07:005 IECommandExecutor.cpp(695) Entering IECommandExecutor::GetElementFindMethod
T 2019-10-11 18:58:07:005 ElementFinder.cpp(111) Entering ElementFinder::FindElements
T 2019-10-11 18:58:07:005 IECommandExecutor.cpp(577) Entering IECommandExecutor::GetCurrentBrowser
T 2019-10-11 18:58:07:005 IECommandExecutor.cpp(583) Entering IECommandExecutor::GetManagedBrowser
W 2019-10-11 18:58:07:005 IECommandExecutor.cpp(591) Browser ID requested was an empty string
T 2019-10-11 18:58:07:005 IESession.cpp(212) Beginning wait for response length to be not zero
W 2019-10-11 18:58:07:005 ElementFinder.cpp(167) Unable to get browser
T 2019-10-11 18:58:07:006 response.cc(85) Entering Response::SetErrorResponse
T 2019-10-11 18:58:07:006 response.cc(78) Entering Response::SetResponse
T 2019-10-11 18:58:07:006 IECommandExecutor.cpp(577) Entering IECommandExecutor::GetCurrentBrowser
T 2019-10-11 18:58:07:006 IECommandExecutor.cpp(583) Entering IECommandExecutor::GetManagedBrowser
W 2019-10-11 18:58:07:006 IECommandExecutor.cpp(591) Browser ID requested was an empty string
W 2019-10-11 18:58:07:006 IECommandExecutor.cpp(520) Unable to get current browser
T 2019-10-11 18:58:07:006 response.cc(51) Entering Response::Serialize
T 2019-10-11 18:58:07:016 IESession.cpp(221) Found non-zero response length
T 2019-10-11 18:58:07:017 IECommandExecutor.cpp(156) Entering IECommandExecutor::OnGetResponse
T 2019-10-11 18:58:07:017 IECommandExecutor.cpp(285) Entering IECommandExecutor::OnIsSessionValid
D 2019-10-11 18:58:07:017 server.cc(338) Response: {"value":{"data":null,"error":"no such window","message":"Unable to find elements on closed window","stacktrace":""}}

T 2019-10-11 18:58:07:018 server.cc(391) Entering Server::SendResponseToClient
T 2019-10-11 18:58:07:018 response.cc(30) Entering Response::Deserialize
T 2019-10-11 18:58:07:018 server.cc(465) Entering Server::SendHttpBadRequest
T 2019-10-11 18:58:09:029 server.cc(174) Entering Server::ProcessRequest
T 2019-10-11 18:58:09:030 server.cc(183) Process request with: URI: /session/da200c42-187f-4205-a2b2-4c3257deddda/screenshot HTTP verb: GET
body: {}
T 2019-10-11 18:58:09:030 server.cc(272) Entering Server::DispatchCommand
T 2019-10-11 18:58:09:030 server.cc(583) Entering Server::LookupCommand
D 2019-10-11 18:58:09:030 server.cc(281) Command: GET /session/da200c42-187f-4205-a2b2-4c3257deddda/screenshot {}
T 2019-10-11 18:58:09:030 server.cc(378) Entering Server::LookupSession
T 2019-10-11 18:58:09:030 IESession.cpp(191) Entering IESession::ExecuteCommand
T 2019-10-11 18:58:09:030 IECommandExecutor.cpp(122) Entering IECommandExecutor::OnSetCommand
T 2019-10-11 18:58:09:030 command.cc(31) Entering Command::Deserialize
D 2019-10-11 18:58:09:030 command.cc(36) Raw JSON command: { "name" : "takeScreenshot", "locator" : { "sessionid" : "da200c42-187f-4205-a2b2-4c3257deddda" }, "parameters" : {} }
T 2019-10-11 18:58:09:031 IECommandExecutor.cpp(133) Entering IECommandExecutor::OnExecCommand
T 2019-10-11 18:58:09:031 IESession.cpp(212) Beginning wait for response length to be not zero
T 2019-10-11 18:58:09:031 IECommandExecutor.cpp(454) Entering IECommandExecutor::DispatchCommand
T 2019-10-11 18:58:09:031 IECommandExecutor.cpp(577) Entering IECommandExecutor::GetCurrentBrowser
T 2019-10-11 18:58:09:031 IECommandExecutor.cpp(583) Entering IECommandExecutor::GetManagedBrowser
W 2019-10-11 18:58:09:031 IECommandExecutor.cpp(591) Browser ID requested was an empty string
W 2019-10-11 18:58:09:031 IECommandExecutor.cpp(503) Unable to find current browser
T 2019-10-11 18:58:09:031 CommandHandlers\ScreenshotCommandHandler.cpp(38) Entering ScreenshotCommandHandler::ExecuteInternal
T 2019-10-11 18:58:09:031 IECommandExecutor.cpp(577) Entering IECommandExecutor::GetCurrentBrowser
T 2019-10-11 18:58:09:031 IECommandExecutor.cpp(583) Entering IECommandExecutor::GetManagedBrowser
W 2019-10-11 18:58:09:031 IECommandExecutor.cpp(591) Browser ID requested was an empty string
T 2019-10-11 18:58:09:031 response.cc(91) Entering Response::SetErrorResponse
W 2019-10-11 18:58:09:031 response.cc(92) Error response has status code 23 and message 'Unable to get browser' message
T 2019-10-11 18:58:09:031 response.cc(85) Entering Response::SetErrorResponse
T 2019-10-11 18:58:09:031 response.cc(78) Entering Response::SetResponse
T 2019-10-11 18:58:09:031 IECommandExecutor.cpp(577) Entering IECommandExecutor::GetCurrentBrowser
T 2019-10-11 18:58:09:031 IECommandExecutor.cpp(583) Entering IECommandExecutor::GetManagedBrowser
W 2019-10-11 18:58:09:031 IECommandExecutor.cpp(591) Browser ID requested was an empty string
W 2019-10-11 18:58:09:031 IECommandExecutor.cpp(520) Unable to get current browser
T 2019-10-11 18:58:09:031 response.cc(51) Entering Response::Serialize
T 2019-10-11 18:58:09:042 IESession.cpp(221) Found non-zero response length
T 2019-10-11 18:58:09:042 IECommandExecutor.cpp(156) Entering IECommandExecutor::OnGetResponse
T 2019-10-11 18:58:09:042 IECommandExecutor.cpp(285) Entering IECommandExecutor::OnIsSessionValid
D 2019-10-11 18:58:09:042 server.cc(338) Response: {"value":{"data":null,"error":"no such window","message":"Unable to get browser","stacktrace":""}}

T 2019-10-11 18:58:09:042 server.cc(391) Entering Server::SendResponseToClient
T 2019-10-11 18:58:09:043 response.cc(30) Entering Response::Deserialize
T 2019-10-11 18:58:09:043 server.cc(465) Entering Server::SendHttpBadRequest
T 2019-10-11 18:58:18:527 server.cc(174) Entering Server::ProcessRequest
T 2019-10-11 18:58:18:527 server.cc(238) Entering Server::ReadRequestBody
T 2019-10-11 18:58:18:527 server.cc(183) Process request with: URI: /session/da200c42-187f-4205-a2b2-4c3257deddda/elements HTTP verb: POST
body: {
  "value": "\u002f\u002fdiv[@id='app']\u002fmain\u002fdiv\u002fdiv[2]\u002fdiv[2]\u002fdiv[3]\u002fdiv\u002ftable\u002ftbody\u002ftr\u002ftd\u002fdiv",
  "using": "xpath"
}
T 2019-10-11 18:58:18:527 server.cc(272) Entering Server::DispatchCommand
T 2019-10-11 18:58:18:527 server.cc(583) Entering Server::LookupCommand
D 2019-10-11 18:58:18:527 server.cc(281) Command: POST /session/da200c42-187f-4205-a2b2-4c3257deddda/elements {
  "value": "\u002f\u002fdiv[@id='app']\u002fmain\u002fdiv\u002fdiv[2]\u002fdiv[2]\u002fdiv[3]\u002fdiv\u002ftable\u002ftbody\u002ftr\u002ftd\u002fdiv",
  "using": "xpath"
}
T 2019-10-11 18:58:18:527 server.cc(378) Entering Server::LookupSession
T 2019-10-11 18:58:18:527 IESession.cpp(191) Entering IESession::ExecuteCommand
T 2019-10-11 18:58:18:528 IECommandExecutor.cpp(122) Entering IECommandExecutor::OnSetCommand
T 2019-10-11 18:58:18:528 command.cc(31) Entering Command::Deserialize
D 2019-10-11 18:58:18:528 command.cc(36) Raw JSON command: { "name" : "findElements", "locator" : { "sessionid" : "da200c42-187f-4205-a2b2-4c3257deddda" }, "parameters" : {
  "value": "\u002f\u002fdiv[@id='app']\u002fmain\u002fdiv\u002fdiv[2]\u002fdiv[2]\u002fdiv[3]\u002fdiv\u002ftable\u002ftbody\u002ftr\u002ftd\u002fdiv",
  "using": "xpath"
} }
T 2019-10-11 18:58:18:528 IECommandExecutor.cpp(133) Entering IECommandExecutor::OnExecCommand
T 2019-10-11 18:58:18:529 IECommandExecutor.cpp(454) Entering IECommandExecutor::DispatchCommand
T 2019-10-11 18:58:18:529 IECommandExecutor.cpp(577) Entering IECommandExecutor::GetCurrentBrowser
T 2019-10-11 18:58:18:529 IECommandExecutor.cpp(583) Entering IECommandExecutor::GetManagedBrowser
W 2019-10-11 18:58:18:529 IECommandExecutor.cpp(591) Browser ID requested was an empty string
W 2019-10-11 18:58:18:529 IECommandExecutor.cpp(503) Unable to find current browser
T 2019-10-11 18:58:18:529 IECommandExecutor.cpp(734) Entering IECommandExecutor::LocateElements
T 2019-10-11 18:58:18:529 IECommandExecutor.cpp(695) Entering IECommandExecutor::GetElementFindMethod
T 2019-10-11 18:58:18:529 ElementFinder.cpp(111) Entering ElementFinder::FindElements
T 2019-10-11 18:58:18:529 IECommandExecutor.cpp(577) Entering IECommandExecutor::GetCurrentBrowser
T 2019-10-11 18:58:18:529 IECommandExecutor.cpp(583) Entering IECommandExecutor::GetManagedBrowser
W 2019-10-11 18:58:18:529 IECommandExecutor.cpp(591) Browser ID requested was an empty string
W 2019-10-11 18:58:18:529 ElementFinder.cpp(167) Unable to get browser
T 2019-10-11 18:58:18:529 response.cc(85) Entering Response::SetErrorResponse
T 2019-10-11 18:58:18:529 response.cc(78) Entering Response::SetResponse
T 2019-10-11 18:58:18:529 IECommandExecutor.cpp(577) Entering IECommandExecutor::GetCurrentBrowser
T 2019-10-11 18:58:18:529 IECommandExecutor.cpp(583) Entering IECommandExecutor::GetManagedBrowser
W 2019-10-11 18:58:18:529 IECommandExecutor.cpp(591) Browser ID requested was an empty string
W 2019-10-11 18:58:18:530 IECommandExecutor.cpp(520) Unable to get current browser
T 2019-10-11 18:58:18:530 response.cc(51) Entering Response::Serialize
T 2019-10-11 18:58:18:530 IESession.cpp(212) Beginning wait for response length to be not zero
T 2019-10-11 18:58:18:530 IESession.cpp(221) Found non-zero response length
T 2019-10-11 18:58:18:530 IECommandExecutor.cpp(156) Entering IECommandExecutor::OnGetResponse
T 2019-10-11 18:58:18:530 IECommandExecutor.cpp(285) Entering IECommandExecutor::OnIsSessionValid
D 2019-10-11 18:58:18:531 server.cc(338) Response: {"value":{"data":null,"error":"no such window","message":"Unable to find elements on closed window","stacktrace":""}}

T 2019-10-11 18:58:18:531 server.cc(391) Entering Server::SendResponseToClient
T 2019-10-11 18:58:18:531 response.cc(30) Entering Response::Deserialize
T 2019-10-11 18:58:18:531 server.cc(465) Entering Server::SendHttpBadRequest
T 2019-10-11 18:58:20:542 server.cc(174) Entering Server::ProcessRequest
T 2019-10-11 18:58:20:542 server.cc(183) Process request with: URI: /session/da200c42-187f-4205-a2b2-4c3257deddda/screenshot HTTP verb: GET
body: {}
T 2019-10-11 18:58:20:542 server.cc(272) Entering Server::DispatchCommand
T 2019-10-11 18:58:20:542 server.cc(583) Entering Server::LookupCommand
D 2019-10-11 18:58:20:542 server.cc(281) Command: GET /session/da200c42-187f-4205-a2b2-4c3257deddda/screenshot {}
T 2019-10-11 18:58:20:542 server.cc(378) Entering Server::LookupSession
T 2019-10-11 18:58:20:542 IESession.cpp(191) Entering IESession::ExecuteCommand
T 2019-10-11 18:58:20:543 IECommandExecutor.cpp(122) Entering IECommandExecutor::OnSetCommand
T 2019-10-11 18:58:20:543 command.cc(31) Entering Command::Deserialize
D 2019-10-11 18:58:20:543 command.cc(36) Raw JSON command: { "name" : "takeScreenshot", "locator" : { "sessionid" : "da200c42-187f-4205-a2b2-4c3257deddda" }, "parameters" : {} }
T 2019-10-11 18:58:20:544 IECommandExecutor.cpp(133) Entering IECommandExecutor::OnExecCommand
T 2019-10-11 18:58:20:544 IECommandExecutor.cpp(454) Entering IECommandExecutor::DispatchCommand
T 2019-10-11 18:58:20:544 IECommandExecutor.cpp(577) Entering IECommandExecutor::GetCurrentBrowser
T 2019-10-11 18:58:20:544 IECommandExecutor.cpp(583) Entering IECommandExecutor::GetManagedBrowser
W 2019-10-11 18:58:20:544 IECommandExecutor.cpp(591) Browser ID requested was an empty string
W 2019-10-11 18:58:20:544 IECommandExecutor.cpp(503) Unable to find current browser
T 2019-10-11 18:58:20:544 CommandHandlers\ScreenshotCommandHandler.cpp(38) Entering ScreenshotCommandHandler::ExecuteInternal
T 2019-10-11 18:58:20:544 IECommandExecutor.cpp(577) Entering IECommandExecutor::GetCurrentBrowser
T 2019-10-11 18:58:20:544 IECommandExecutor.cpp(583) Entering IECommandExecutor::GetManagedBrowser
W 2019-10-11 18:58:20:544 IECommandExecutor.cpp(591) Browser ID requested was an empty string
T 2019-10-11 18:58:20:545 response.cc(91) Entering Response::SetErrorResponse
W 2019-10-11 18:58:20:545 response.cc(92) Error response has status code 23 and message 'Unable to get browser' message
T 2019-10-11 18:58:20:545 response.cc(85) Entering Response::SetErrorResponse
T 2019-10-11 18:58:20:545 response.cc(78) Entering Response::SetResponse
T 2019-10-11 18:58:20:545 IECommandExecutor.cpp(577) Entering IECommandExecutor::GetCurrentBrowser
T 2019-10-11 18:58:20:545 IECommandExecutor.cpp(583) Entering IECommandExecutor::GetManagedBrowser
W 2019-10-11 18:58:20:545 IECommandExecutor.cpp(591) Browser ID requested was an empty string
W 2019-10-11 18:58:20:545 IECommandExecutor.cpp(520) Unable to get current browser
T 2019-10-11 18:58:20:545 response.cc(51) Entering Response::Serialize
T 2019-10-11 18:58:20:545 IESession.cpp(212) Beginning wait for response length to be not zero
T 2019-10-11 18:58:20:546 IESession.cpp(221) Found non-zero response length
T 2019-10-11 18:58:20:546 IECommandExecutor.cpp(156) Entering IECommandExecutor::OnGetResponse
T 2019-10-11 18:58:20:547 IECommandExecutor.cpp(285) Entering IECommandExecutor::OnIsSessionValid
D 2019-10-11 18:58:20:548 server.cc(338) Response: {"value":{"data":null,"error":"no such window","message":"Unable to get browser","stacktrace":""}}

T 2019-10-11 18:58:20:548 server.cc(391) Entering Server::SendResponseToClient
T 2019-10-11 18:58:20:548 response.cc(30) Entering Response::Deserialize
T 2019-10-11 18:58:20:548 server.cc(465) Entering Server::SendHttpBadRequest
T 2019-10-11 18:58:22:910 server.cc(174) Entering Server::ProcessRequest
T 2019-10-11 18:58:22:910 server.cc(238) Entering Server::ReadRequestBody
T 2019-10-11 18:58:22:910 server.cc(183) Process request with: URI: /session/da200c42-187f-4205-a2b2-4c3257deddda/elements HTTP verb: POST
body: {
  "value": "\u002f\u002fa[@id='user-panel-dropdown-4']",
  "using": "xpath"
}
T 2019-10-11 18:58:22:910 server.cc(272) Entering Server::DispatchCommand
T 2019-10-11 18:58:22:910 server.cc(583) Entering Server::LookupCommand
D 2019-10-11 18:58:22:910 server.cc(281) Command: POST /session/da200c42-187f-4205-a2b2-4c3257deddda/elements {
  "value": "\u002f\u002fa[@id='user-panel-dropdown-4']",
  "using": "xpath"
}
T 2019-10-11 18:58:22:910 server.cc(378) Entering Server::LookupSession
T 2019-10-11 18:58:22:911 IESession.cpp(191) Entering IESession::ExecuteCommand
T 2019-10-11 18:58:22:911 IECommandExecutor.cpp(122) Entering IECommandExecutor::OnSetCommand
T 2019-10-11 18:58:22:911 command.cc(31) Entering Command::Deserialize
D 2019-10-11 18:58:22:911 command.cc(36) Raw JSON command: { "name" : "findElements", "locator" : { "sessionid" : "da200c42-187f-4205-a2b2-4c3257deddda" }, "parameters" : {
  "value": "\u002f\u002fa[@id='user-panel-dropdown-4']",
  "using": "xpath"
} }
T 2019-10-11 18:58:22:912 IECommandExecutor.cpp(133) Entering IECommandExecutor::OnExecCommand
T 2019-10-11 18:58:22:912 IESession.cpp(212) Beginning wait for response length to be not zero
T 2019-10-11 18:58:22:912 IECommandExecutor.cpp(454) Entering IECommandExecutor::DispatchCommand
T 2019-10-11 18:58:22:912 IECommandExecutor.cpp(577) Entering IECommandExecutor::GetCurrentBrowser
T 2019-10-11 18:58:22:912 IECommandExecutor.cpp(583) Entering IECommandExecutor::GetManagedBrowser
W 2019-10-11 18:58:22:912 IECommandExecutor.cpp(591) Browser ID requested was an empty string
W 2019-10-11 18:58:22:912 IECommandExecutor.cpp(503) Unable to find current browser
T 2019-10-11 18:58:22:912 IECommandExecutor.cpp(734) Entering IECommandExecutor::LocateElements
T 2019-10-11 18:58:22:912 IECommandExecutor.cpp(695) Entering IECommandExecutor::GetElementFindMethod
T 2019-10-11 18:58:22:913 ElementFinder.cpp(111) Entering ElementFinder::FindElements
T 2019-10-11 18:58:22:913 IECommandExecutor.cpp(577) Entering IECommandExecutor::GetCurrentBrowser
T 2019-10-11 18:58:22:913 IECommandExecutor.cpp(583) Entering IECommandExecutor::GetManagedBrowser
W 2019-10-11 18:58:22:913 IECommandExecutor.cpp(591) Browser ID requested was an empty string
W 2019-10-11 18:58:22:913 ElementFinder.cpp(167) Unable to get browser
T 2019-10-11 18:58:22:913 response.cc(85) Entering Response::SetErrorResponse
T 2019-10-11 18:58:22:913 response.cc(78) Entering Response::SetResponse
T 2019-10-11 18:58:22:913 IECommandExecutor.cpp(577) Entering IECommandExecutor::GetCurrentBrowser
T 2019-10-11 18:58:22:913 IECommandExecutor.cpp(583) Entering IECommandExecutor::GetManagedBrowser
W 2019-10-11 18:58:22:913 IECommandExecutor.cpp(591) Browser ID requested was an empty string
W 2019-10-11 18:58:22:913 IECommandExecutor.cpp(520) Unable to get current browser
T 2019-10-11 18:58:22:913 response.cc(51) Entering Response::Serialize
T 2019-10-11 18:58:22:922 IESession.cpp(221) Found non-zero response length
T 2019-10-11 18:58:22:922 IECommandExecutor.cpp(156) Entering IECommandExecutor::OnGetResponse
T 2019-10-11 18:58:22:923 IECommandExecutor.cpp(285) Entering IECommandExecutor::OnIsSessionValid
D 2019-10-11 18:58:22:923 server.cc(338) Response: {"value":{"data":null,"error":"no such window","message":"Unable to find elements on closed window","stacktrace":""}}

T 2019-10-11 18:58:22:923 server.cc(391) Entering Server::SendResponseToClient
T 2019-10-11 18:58:22:923 response.cc(30) Entering Response::Deserialize
T 2019-10-11 18:58:22:923 server.cc(465) Entering Server::SendHttpBadRequest
T 2019-10-11 18:58:24:935 server.cc(174) Entering Server::ProcessRequest
T 2019-10-11 18:58:24:935 server.cc(183) Process request with: URI: /session/da200c42-187f-4205-a2b2-4c3257deddda/screenshot HTTP verb: GET
body: {}
T 2019-10-11 18:58:24:936 server.cc(272) Entering Server::DispatchCommand
T 2019-10-11 18:58:24:936 server.cc(583) Entering Server::LookupCommand
D 2019-10-11 18:58:24:936 server.cc(281) Command: GET /session/da200c42-187f-4205-a2b2-4c3257deddda/screenshot {}
T 2019-10-11 18:58:24:936 server.cc(378) Entering Server::LookupSession
T 2019-10-11 18:58:24:936 IESession.cpp(191) Entering IESession::ExecuteCommand
T 2019-10-11 18:58:24:936 IECommandExecutor.cpp(122) Entering IECommandExecutor::OnSetCommand
T 2019-10-11 18:58:24:936 command.cc(31) Entering Command::Deserialize
D 2019-10-11 18:58:24:936 command.cc(36) Raw JSON command: { "name" : "takeScreenshot", "locator" : { "sessionid" : "da200c42-187f-4205-a2b2-4c3257deddda" }, "parameters" : {} }
T 2019-10-11 18:58:24:937 IECommandExecutor.cpp(133) Entering IECommandExecutor::OnExecCommand
T 2019-10-11 18:58:24:937 IECommandExecutor.cpp(454) Entering IECommandExecutor::DispatchCommand
T 2019-10-11 18:58:24:937 IECommandExecutor.cpp(577) Entering IECommandExecutor::GetCurrentBrowser
T 2019-10-11 18:58:24:937 IECommandExecutor.cpp(583) Entering IECommandExecutor::GetManagedBrowser
W 2019-10-11 18:58:24:937 IECommandExecutor.cpp(591) Browser ID requested was an empty string
W 2019-10-11 18:58:24:937 IECommandExecutor.cpp(503) Unable to find current browser
T 2019-10-11 18:58:24:937 CommandHandlers\ScreenshotCommandHandler.cpp(38) Entering ScreenshotCommandHandler::ExecuteInternal
T 2019-10-11 18:58:24:937 IECommandExecutor.cpp(577) Entering IECommandExecutor::GetCurrentBrowser
T 2019-10-11 18:58:24:937 IECommandExecutor.cpp(583) Entering IECommandExecutor::GetManagedBrowser
W 2019-10-11 18:58:24:937 IECommandExecutor.cpp(591) Browser ID requested was an empty string
T 2019-10-11 18:58:24:937 response.cc(91) Entering Response::SetErrorResponse
W 2019-10-11 18:58:24:937 response.cc(92) Error response has status code 23 and message 'Unable to get browser' message
T 2019-10-11 18:58:24:937 response.cc(85) Entering Response::SetErrorResponse
T 2019-10-11 18:58:24:937 response.cc(78) Entering Response::SetResponse
T 2019-10-11 18:58:24:937 IESession.cpp(212) Beginning wait for response length to be not zero
T 2019-10-11 18:58:24:937 IECommandExecutor.cpp(577) Entering IECommandExecutor::GetCurrentBrowser
T 2019-10-11 18:58:24:937 IECommandExecutor.cpp(583) Entering IECommandExecutor::GetManagedBrowser
W 2019-10-11 18:58:24:937 IECommandExecutor.cpp(591) Browser ID requested was an empty string
W 2019-10-11 18:58:24:937 IECommandExecutor.cpp(520) Unable to get current browser
T 2019-10-11 18:58:24:937 response.cc(51) Entering Response::Serialize
T 2019-10-11 18:58:24:949 IESession.cpp(221) Found non-zero response length
T 2019-10-11 18:58:24:949 IECommandExecutor.cpp(156) Entering IECommandExecutor::OnGetResponse
T 2019-10-11 18:58:24:949 IECommandExecutor.cpp(285) Entering IECommandExecutor::OnIsSessionValid
D 2019-10-11 18:58:24:949 server.cc(338) Response: {"value":{"data":null,"error":"no such window","message":"Unable to get browser","stacktrace":""}}

T 2019-10-11 18:58:24:949 server.cc(391) Entering Server::SendResponseToClient
T 2019-10-11 18:58:24:949 response.cc(30) Entering Response::Deserialize
T 2019-10-11 18:58:24:949 server.cc(465) Entering Server::SendHttpBadRequest
T 2019-10-11 18:58:38:836 server.cc(174) Entering Server::ProcessRequest
T 2019-10-11 18:58:38:836 server.cc(183) Process request with: URI: /session/da200c42-187f-4205-a2b2-4c3257deddda HTTP verb: DELETE
body: {}
T 2019-10-11 18:58:38:836 server.cc(272) Entering Server::DispatchCommand
T 2019-10-11 18:58:38:836 server.cc(583) Entering Server::LookupCommand
D 2019-10-11 18:58:38:837 server.cc(281) Command: DELETE /session/da200c42-187f-4205-a2b2-4c3257deddda {}
T 2019-10-11 18:58:38:837 server.cc(378) Entering Server::LookupSession
T 2019-10-11 18:58:38:837 IESession.cpp(191) Entering IESession::ExecuteCommand
T 2019-10-11 18:58:38:837 IECommandExecutor.cpp(122) Entering IECommandExecutor::OnSetCommand
T 2019-10-11 18:58:38:837 command.cc(31) Entering Command::Deserialize
D 2019-10-11 18:58:38:837 command.cc(36) Raw JSON command: { "name" : "quit", "locator" : { "sessionid" : "da200c42-187f-4205-a2b2-4c3257deddda" }, "parameters" : {} }
T 2019-10-11 18:58:38:837 IESession.cpp(212) Beginning wait for response length to be not zero
T 2019-10-11 18:58:38:837 IECommandExecutor.cpp(133) Entering IECommandExecutor::OnExecCommand
T 2019-10-11 18:58:38:838 IECommandExecutor.cpp(454) Entering IECommandExecutor::DispatchCommand
T 2019-10-11 18:58:38:838 IECommandExecutor.cpp(577) Entering IECommandExecutor::GetCurrentBrowser
T 2019-10-11 18:58:38:838 IECommandExecutor.cpp(583) Entering IECommandExecutor::GetManagedBrowser
W 2019-10-11 18:58:38:838 IECommandExecutor.cpp(591) Browser ID requested was an empty string
W 2019-10-11 18:58:38:838 IECommandExecutor.cpp(503) Unable to find current browser
T 2019-10-11 18:58:38:838 IECommandExecutor.cpp(607) Entering IECommandExecutor::GetManagedBrowserHandles
T 2019-10-11 18:58:38:838 response.cc(72) Entering Response::SetSuccessResponse
T 2019-10-11 18:58:38:838 response.cc(78) Entering Response::SetResponse
T 2019-10-11 18:58:38:838 IECommandExecutor.cpp(577) Entering IECommandExecutor::GetCurrentBrowser
T 2019-10-11 18:58:38:838 IECommandExecutor.cpp(583) Entering IECommandExecutor::GetManagedBrowser
T 2019-10-11 18:58:38:838 IECommandExecutor.cpp(586) Current command executor is not valid
T 2019-10-11 18:58:38:838 response.cc(51) Entering Response::Serialize
T 2019-10-11 18:58:38:848 IESession.cpp(221) Found non-zero response length
T 2019-10-11 18:58:38:849 IECommandExecutor.cpp(156) Entering IECommandExecutor::OnGetResponse
T 2019-10-11 18:58:38:849 IECommandExecutor.cpp(285) Entering IECommandExecutor::OnIsSessionValid
T 2019-10-11 18:58:38:849 server.cc(225) Entering Server::ShutDownSession
T 2019-10-11 18:58:38:849 IESession.cpp(119) Entering IESession::ShutDown
T 2019-10-11 18:58:38:849 IESession.cpp(173) Entering IESession::WaitForCommandExecutorExit
D 2019-10-11 18:58:38:850 IESession.cpp(150) Executor shutdown successful!
D 2019-10-11 18:58:38:850 IESession.cpp(158) Posting thread shutdown message
D 2019-10-11 18:58:38:850 IESession.cpp(161) Starting wait for thread completion
D 2019-10-11 18:58:38:850 IESession.cpp(164) Waiting for thread to end returned 4294967295
D 2019-10-11 18:58:38:850 IECommandExecutor.cpp(436) Shutdown message received
D 2019-10-11 18:58:38:850 server.cc(338) Response: {"value":null}

T 2019-10-11 18:58:38:850 server.cc(391) Entering Server::SendResponseToClient
T 2019-10-11 18:58:38:850 response.cc(30) Entering Response::Deserialize
T 2019-10-11 18:58:38:850 server.cc(445) Entering Server::SendHttpOk
D 2019-10-11 18:58:38:850 IECommandExecutor.cpp(97) Entering IECommandExecutor::OnDestroy
D 2019-10-11 18:58:38:850 IECommandExecutor.cpp(99) Clearing managed element cache
D 2019-10-11 18:58:38:850 IECommandExecutor.cpp(102) Closing command handler repository
D 2019-10-11 18:58:38:851 IECommandExecutor.cpp(104) Closing element finder
D 2019-10-11 18:58:38:851 IECommandExecutor.cpp(106) Closing input manager
D 2019-10-11 18:58:38:851 IECommandExecutor.cpp(108) Closing proxy manager
T 2019-10-11 18:58:38:851 ProxyManager.cpp(185) ProxyManager::RestoreProxySettings
D 2019-10-11 18:58:38:851 IECommandExecutor.cpp(110) Closing browser factory
D 2019-10-11 18:58:38:851 IECommandExecutor.cpp(112) Posting quit message
D 2019-10-11 18:58:38:851 IECommandExecutor.cpp(114) Leaving IECommandExecutor::OnDestroy
D 2019-10-11 18:58:38:852 IECommandExecutor.cpp(438) Returned from DestroyWindow()
D 2019-10-11 18:58:38:852 IECommandExecutor.cpp(447) Exited IECommandExecutor thread message loop
T 2019-10-11 18:58:38:867 server.cc(174) Entering Server::ProcessRequest
T 2019-10-11 18:58:38:867 server.cc(183) Process request with: URI: /shutdown HTTP verb: GET
body: {}
T 2019-10-11 18:58:38:867 server.cc(445) Entering Server::SendHttpOk
T 2019-10-11 18:58:38:868 IEServer.cpp(88) Entering IEServer::ShutDown
T 2019-10-11 18:58:38:869 WebDriver.cpp(54) Entering StopServer
T 2019-10-11 18:58:38:869 server.cc(165) Entering Server::Stop
